Copyright 1986-2019 Xilinx, Inc. All Rights Reserved.
-----------------------------------------------------------------------------------------------------------------------------------------------------------------
| Tool Version : Vivado v.2019.2 (win64) Build 2708876 Wed Nov  6 21:40:23 MST 2019
| Date         : Wed Mar 18 18:37:22 2020
| Host         : LiuYangLaptop running 64-bit major release  (build 9200)
| Command      : report_methodology -file HDMI_FPGA_methodology_drc_routed.rpt -pb HDMI_FPGA_methodology_drc_routed.pb -rpx HDMI_FPGA_methodology_drc_routed.rpx
| Design       : HDMI_FPGA
| Device       : xc7z020clg400-2
| Speed File   : -2
| Design State : Fully Routed
-----------------------------------------------------------------------------------------------------------------------------------------------------------------

Report Methodology

Table of Contents
-----------------
1. REPORT SUMMARY
2. REPORT DETAILS

1. REPORT SUMMARY
-----------------
            Netlist: netlist
          Floorplan: design_1
      Design limits: <entire design considered>
             Max violations: <unlimited>
             Violations found: 144
+-----------+------------------+------------------------------------------------------------------+------------+
| Rule      | Severity         | Description                                                      | Violations |
+-----------+------------------+------------------------------------------------------------------+------------+
| TIMING-17 | Critical Warning | Non-clocked sequential cell                                      | 142        |
| CKLD-2    | Warning          | Clock Net has IO Driver, not a Clock Buf, and/or non-Clock loads | 1          |
| LUTAR-1   | Warning          | LUT drives async reset alert                                     | 1          |
+-----------+------------------+------------------------------------------------------------------+------------+

2. REPORT DETAILS
-----------------
TIMING-17#1 Critical Warning
Non-clocked sequential cell  
The clock pin Inst_DVITransmitter/Inst_TMDSEncoder_blue/c0_d_reg/C is not reached by a timing clock
Related violations: <none>

TIMING-17#2 Critical Warning
Non-clocked sequential cell  
The clock pin Inst_DVITransmitter/Inst_TMDSEncoder_blue/c0_dd_reg/C is not reached by a timing clock
Related violations: <none>

TIMING-17#3 Critical Warning
Non-clocked sequential cell  
The clock pin Inst_DVITransmitter/Inst_TMDSEncoder_blue/c1_d_reg/C is not reached by a timing clock
Related violations: <none>

TIMING-17#4 Critical Warning
Non-clocked sequential cell  
The clock pin Inst_DVITransmitter/Inst_TMDSEncoder_blue/c1_dd_reg/C is not reached by a timing clock
Related violations: <none>

TIMING-17#5 Critical Warning
Non-clocked sequential cell  
The clock pin Inst_DVITransmitter/Inst_TMDSEncoder_blue/cnt_t_1_reg[1]/C is not reached by a timing clock
Related violations: <none>

TIMING-17#6 Critical Warning
Non-clocked sequential cell  
The clock pin Inst_DVITransmitter/Inst_TMDSEncoder_blue/cnt_t_1_reg[2]/C is not reached by a timing clock
Related violations: <none>

TIMING-17#7 Critical Warning
Non-clocked sequential cell  
The clock pin Inst_DVITransmitter/Inst_TMDSEncoder_blue/cnt_t_1_reg[3]/C is not reached by a timing clock
Related violations: <none>

TIMING-17#8 Critical Warning
Non-clocked sequential cell  
The clock pin Inst_DVITransmitter/Inst_TMDSEncoder_blue/cnt_t_1_reg[4]/C is not reached by a timing clock
Related violations: <none>

TIMING-17#9 Critical Warning
Non-clocked sequential cell  
The clock pin Inst_DVITransmitter/Inst_TMDSEncoder_blue/d_d_reg[0]/C is not reached by a timing clock
Related violations: <none>

TIMING-17#10 Critical Warning
Non-clocked sequential cell  
The clock pin Inst_DVITransmitter/Inst_TMDSEncoder_blue/d_d_reg[1]/C is not reached by a timing clock
Related violations: <none>

TIMING-17#11 Critical Warning
Non-clocked sequential cell  
The clock pin Inst_DVITransmitter/Inst_TMDSEncoder_blue/d_d_reg[2]/C is not reached by a timing clock
Related violations: <none>

TIMING-17#12 Critical Warning
Non-clocked sequential cell  
The clock pin Inst_DVITransmitter/Inst_TMDSEncoder_blue/d_d_reg[3]/C is not reached by a timing clock
Related violations: <none>

TIMING-17#13 Critical Warning
Non-clocked sequential cell  
The clock pin Inst_DVITransmitter/Inst_TMDSEncoder_blue/d_d_reg[4]/C is not reached by a timing clock
Related violations: <none>

TIMING-17#14 Critical Warning
Non-clocked sequential cell  
The clock pin Inst_DVITransmitter/Inst_TMDSEncoder_blue/d_d_reg[5]/C is not reached by a timing clock
Related violations: <none>

TIMING-17#15 Critical Warning
Non-clocked sequential cell  
The clock pin Inst_DVITransmitter/Inst_TMDSEncoder_blue/d_d_reg[6]/C is not reached by a timing clock
Related violations: <none>

TIMING-17#16 Critical Warning
Non-clocked sequential cell  
The clock pin Inst_DVITransmitter/Inst_TMDSEncoder_blue/d_d_reg[7]/C is not reached by a timing clock
Related violations: <none>

TIMING-17#17 Critical Warning
Non-clocked sequential cell  
The clock pin Inst_DVITransmitter/Inst_TMDSEncoder_blue/n0_q_m_reg[1]/C is not reached by a timing clock
Related violations: <none>

TIMING-17#18 Critical Warning
Non-clocked sequential cell  
The clock pin Inst_DVITransmitter/Inst_TMDSEncoder_blue/n0_q_m_reg[2]/C is not reached by a timing clock
Related violations: <none>

TIMING-17#19 Critical Warning
Non-clocked sequential cell  
The clock pin Inst_DVITransmitter/Inst_TMDSEncoder_blue/n0_q_m_reg[3]/C is not reached by a timing clock
Related violations: <none>

TIMING-17#20 Critical Warning
Non-clocked sequential cell  
The clock pin Inst_DVITransmitter/Inst_TMDSEncoder_blue/n1_d_reg[0]/C is not reached by a timing clock
Related violations: <none>

TIMING-17#21 Critical Warning
Non-clocked sequential cell  
The clock pin Inst_DVITransmitter/Inst_TMDSEncoder_blue/n1_d_reg[1]/C is not reached by a timing clock
Related violations: <none>

TIMING-17#22 Critical Warning
Non-clocked sequential cell  
The clock pin Inst_DVITransmitter/Inst_TMDSEncoder_blue/n1_d_reg[2]/C is not reached by a timing clock
Related violations: <none>

TIMING-17#23 Critical Warning
Non-clocked sequential cell  
The clock pin Inst_DVITransmitter/Inst_TMDSEncoder_blue/n1_d_reg[3]/C is not reached by a timing clock
Related violations: <none>

TIMING-17#24 Critical Warning
Non-clocked sequential cell  
The clock pin Inst_DVITransmitter/Inst_TMDSEncoder_blue/n1_q_m_reg[1]/C is not reached by a timing clock
Related violations: <none>

TIMING-17#25 Critical Warning
Non-clocked sequential cell  
The clock pin Inst_DVITransmitter/Inst_TMDSEncoder_blue/n1_q_m_reg[2]/C is not reached by a timing clock
Related violations: <none>

TIMING-17#26 Critical Warning
Non-clocked sequential cell  
The clock pin Inst_DVITransmitter/Inst_TMDSEncoder_blue/n1_q_m_reg[3]/C is not reached by a timing clock
Related violations: <none>

TIMING-17#27 Critical Warning
Non-clocked sequential cell  
The clock pin Inst_DVITransmitter/Inst_TMDSEncoder_blue/q_m_d_reg[0]/C is not reached by a timing clock
Related violations: <none>

TIMING-17#28 Critical Warning
Non-clocked sequential cell  
The clock pin Inst_DVITransmitter/Inst_TMDSEncoder_blue/q_m_d_reg[1]/C is not reached by a timing clock
Related violations: <none>

TIMING-17#29 Critical Warning
Non-clocked sequential cell  
The clock pin Inst_DVITransmitter/Inst_TMDSEncoder_blue/q_m_d_reg[2]/C is not reached by a timing clock
Related violations: <none>

TIMING-17#30 Critical Warning
Non-clocked sequential cell  
The clock pin Inst_DVITransmitter/Inst_TMDSEncoder_blue/q_m_d_reg[3]/C is not reached by a timing clock
Related violations: <none>

TIMING-17#31 Critical Warning
Non-clocked sequential cell  
The clock pin Inst_DVITransmitter/Inst_TMDSEncoder_blue/q_m_d_reg[4]/C is not reached by a timing clock
Related violations: <none>

TIMING-17#32 Critical Warning
Non-clocked sequential cell  
The clock pin Inst_DVITransmitter/Inst_TMDSEncoder_blue/q_m_d_reg[5]/C is not reached by a timing clock
Related violations: <none>

TIMING-17#33 Critical Warning
Non-clocked sequential cell  
The clock pin Inst_DVITransmitter/Inst_TMDSEncoder_blue/q_m_d_reg[6]/C is not reached by a timing clock
Related violations: <none>

TIMING-17#34 Critical Warning
Non-clocked sequential cell  
The clock pin Inst_DVITransmitter/Inst_TMDSEncoder_blue/q_m_d_reg[7]/C is not reached by a timing clock
Related violations: <none>

TIMING-17#35 Critical Warning
Non-clocked sequential cell  
The clock pin Inst_DVITransmitter/Inst_TMDSEncoder_blue/q_m_d_reg[8]/C is not reached by a timing clock
Related violations: <none>

TIMING-17#36 Critical Warning
Non-clocked sequential cell  
The clock pin Inst_DVITransmitter/Inst_TMDSEncoder_blue/q_out_d_reg[0]/C is not reached by a timing clock
Related violations: <none>

TIMING-17#37 Critical Warning
Non-clocked sequential cell  
The clock pin Inst_DVITransmitter/Inst_TMDSEncoder_blue/q_out_d_reg[1]/C is not reached by a timing clock
Related violations: <none>

TIMING-17#38 Critical Warning
Non-clocked sequential cell  
The clock pin Inst_DVITransmitter/Inst_TMDSEncoder_blue/q_out_d_reg[2]/C is not reached by a timing clock
Related violations: <none>

TIMING-17#39 Critical Warning
Non-clocked sequential cell  
The clock pin Inst_DVITransmitter/Inst_TMDSEncoder_blue/q_out_d_reg[3]/C is not reached by a timing clock
Related violations: <none>

TIMING-17#40 Critical Warning
Non-clocked sequential cell  
The clock pin Inst_DVITransmitter/Inst_TMDSEncoder_blue/q_out_d_reg[4]/C is not reached by a timing clock
Related violations: <none>

TIMING-17#41 Critical Warning
Non-clocked sequential cell  
The clock pin Inst_DVITransmitter/Inst_TMDSEncoder_blue/q_out_d_reg[5]/C is not reached by a timing clock
Related violations: <none>

TIMING-17#42 Critical Warning
Non-clocked sequential cell  
The clock pin Inst_DVITransmitter/Inst_TMDSEncoder_blue/q_out_d_reg[6]/C is not reached by a timing clock
Related violations: <none>

TIMING-17#43 Critical Warning
Non-clocked sequential cell  
The clock pin Inst_DVITransmitter/Inst_TMDSEncoder_blue/q_out_d_reg[7]/C is not reached by a timing clock
Related violations: <none>

TIMING-17#44 Critical Warning
Non-clocked sequential cell  
The clock pin Inst_DVITransmitter/Inst_TMDSEncoder_blue/q_out_d_reg[8]/C is not reached by a timing clock
Related violations: <none>

TIMING-17#45 Critical Warning
Non-clocked sequential cell  
The clock pin Inst_DVITransmitter/Inst_TMDSEncoder_blue/q_out_d_reg[9]/C is not reached by a timing clock
Related violations: <none>

TIMING-17#46 Critical Warning
Non-clocked sequential cell  
The clock pin Inst_DVITransmitter/Inst_TMDSEncoder_green/cnt_t_1_reg[1]/C is not reached by a timing clock
Related violations: <none>

TIMING-17#47 Critical Warning
Non-clocked sequential cell  
The clock pin Inst_DVITransmitter/Inst_TMDSEncoder_green/cnt_t_1_reg[2]/C is not reached by a timing clock
Related violations: <none>

TIMING-17#48 Critical Warning
Non-clocked sequential cell  
The clock pin Inst_DVITransmitter/Inst_TMDSEncoder_green/cnt_t_1_reg[3]/C is not reached by a timing clock
Related violations: <none>

TIMING-17#49 Critical Warning
Non-clocked sequential cell  
The clock pin Inst_DVITransmitter/Inst_TMDSEncoder_green/cnt_t_1_reg[4]/C is not reached by a timing clock
Related violations: <none>

TIMING-17#50 Critical Warning
Non-clocked sequential cell  
The clock pin Inst_DVITransmitter/Inst_TMDSEncoder_green/d_d_reg[0]/C is not reached by a timing clock
Related violations: <none>

TIMING-17#51 Critical Warning
Non-clocked sequential cell  
The clock pin Inst_DVITransmitter/Inst_TMDSEncoder_green/d_d_reg[1]/C is not reached by a timing clock
Related violations: <none>

TIMING-17#52 Critical Warning
Non-clocked sequential cell  
The clock pin Inst_DVITransmitter/Inst_TMDSEncoder_green/d_d_reg[2]/C is not reached by a timing clock
Related violations: <none>

TIMING-17#53 Critical Warning
Non-clocked sequential cell  
The clock pin Inst_DVITransmitter/Inst_TMDSEncoder_green/d_d_reg[3]/C is not reached by a timing clock
Related violations: <none>

TIMING-17#54 Critical Warning
Non-clocked sequential cell  
The clock pin Inst_DVITransmitter/Inst_TMDSEncoder_green/d_d_reg[4]/C is not reached by a timing clock
Related violations: <none>

TIMING-17#55 Critical Warning
Non-clocked sequential cell  
The clock pin Inst_DVITransmitter/Inst_TMDSEncoder_green/d_d_reg[5]/C is not reached by a timing clock
Related violations: <none>

TIMING-17#56 Critical Warning
Non-clocked sequential cell  
The clock pin Inst_DVITransmitter/Inst_TMDSEncoder_green/d_d_reg[6]/C is not reached by a timing clock
Related violations: <none>

TIMING-17#57 Critical Warning
Non-clocked sequential cell  
The clock pin Inst_DVITransmitter/Inst_TMDSEncoder_green/d_d_reg[7]/C is not reached by a timing clock
Related violations: <none>

TIMING-17#58 Critical Warning
Non-clocked sequential cell  
The clock pin Inst_DVITransmitter/Inst_TMDSEncoder_green/n0_q_m_reg[1]/C is not reached by a timing clock
Related violations: <none>

TIMING-17#59 Critical Warning
Non-clocked sequential cell  
The clock pin Inst_DVITransmitter/Inst_TMDSEncoder_green/n0_q_m_reg[2]/C is not reached by a timing clock
Related violations: <none>

TIMING-17#60 Critical Warning
Non-clocked sequential cell  
The clock pin Inst_DVITransmitter/Inst_TMDSEncoder_green/n0_q_m_reg[3]/C is not reached by a timing clock
Related violations: <none>

TIMING-17#61 Critical Warning
Non-clocked sequential cell  
The clock pin Inst_DVITransmitter/Inst_TMDSEncoder_green/n1_d_reg[0]/C is not reached by a timing clock
Related violations: <none>

TIMING-17#62 Critical Warning
Non-clocked sequential cell  
The clock pin Inst_DVITransmitter/Inst_TMDSEncoder_green/n1_d_reg[1]/C is not reached by a timing clock
Related violations: <none>

TIMING-17#63 Critical Warning
Non-clocked sequential cell  
The clock pin Inst_DVITransmitter/Inst_TMDSEncoder_green/n1_d_reg[2]/C is not reached by a timing clock
Related violations: <none>

TIMING-17#64 Critical Warning
Non-clocked sequential cell  
The clock pin Inst_DVITransmitter/Inst_TMDSEncoder_green/n1_d_reg[3]/C is not reached by a timing clock
Related violations: <none>

TIMING-17#65 Critical Warning
Non-clocked sequential cell  
The clock pin Inst_DVITransmitter/Inst_TMDSEncoder_green/n1_q_m_reg[1]/C is not reached by a timing clock
Related violations: <none>

TIMING-17#66 Critical Warning
Non-clocked sequential cell  
The clock pin Inst_DVITransmitter/Inst_TMDSEncoder_green/n1_q_m_reg[2]/C is not reached by a timing clock
Related violations: <none>

TIMING-17#67 Critical Warning
Non-clocked sequential cell  
The clock pin Inst_DVITransmitter/Inst_TMDSEncoder_green/n1_q_m_reg[3]/C is not reached by a timing clock
Related violations: <none>

TIMING-17#68 Critical Warning
Non-clocked sequential cell  
The clock pin Inst_DVITransmitter/Inst_TMDSEncoder_green/q_m_d_reg[0]/C is not reached by a timing clock
Related violations: <none>

TIMING-17#69 Critical Warning
Non-clocked sequential cell  
The clock pin Inst_DVITransmitter/Inst_TMDSEncoder_green/q_m_d_reg[1]/C is not reached by a timing clock
Related violations: <none>

TIMING-17#70 Critical Warning
Non-clocked sequential cell  
The clock pin Inst_DVITransmitter/Inst_TMDSEncoder_green/q_m_d_reg[2]/C is not reached by a timing clock
Related violations: <none>

TIMING-17#71 Critical Warning
Non-clocked sequential cell  
The clock pin Inst_DVITransmitter/Inst_TMDSEncoder_green/q_m_d_reg[3]/C is not reached by a timing clock
Related violations: <none>

TIMING-17#72 Critical Warning
Non-clocked sequential cell  
The clock pin Inst_DVITransmitter/Inst_TMDSEncoder_green/q_m_d_reg[4]/C is not reached by a timing clock
Related violations: <none>

TIMING-17#73 Critical Warning
Non-clocked sequential cell  
The clock pin Inst_DVITransmitter/Inst_TMDSEncoder_green/q_m_d_reg[5]/C is not reached by a timing clock
Related violations: <none>

TIMING-17#74 Critical Warning
Non-clocked sequential cell  
The clock pin Inst_DVITransmitter/Inst_TMDSEncoder_green/q_m_d_reg[6]/C is not reached by a timing clock
Related violations: <none>

TIMING-17#75 Critical Warning
Non-clocked sequential cell  
The clock pin Inst_DVITransmitter/Inst_TMDSEncoder_green/q_m_d_reg[7]/C is not reached by a timing clock
Related violations: <none>

TIMING-17#76 Critical Warning
Non-clocked sequential cell  
The clock pin Inst_DVITransmitter/Inst_TMDSEncoder_green/q_m_d_reg[8]/C is not reached by a timing clock
Related violations: <none>

TIMING-17#77 Critical Warning
Non-clocked sequential cell  
The clock pin Inst_DVITransmitter/Inst_TMDSEncoder_green/q_out_d_reg[0]/C is not reached by a timing clock
Related violations: <none>

TIMING-17#78 Critical Warning
Non-clocked sequential cell  
The clock pin Inst_DVITransmitter/Inst_TMDSEncoder_green/q_out_d_reg[1]/C is not reached by a timing clock
Related violations: <none>

TIMING-17#79 Critical Warning
Non-clocked sequential cell  
The clock pin Inst_DVITransmitter/Inst_TMDSEncoder_green/q_out_d_reg[2]/C is not reached by a timing clock
Related violations: <none>

TIMING-17#80 Critical Warning
Non-clocked sequential cell  
The clock pin Inst_DVITransmitter/Inst_TMDSEncoder_green/q_out_d_reg[3]/C is not reached by a timing clock
Related violations: <none>

TIMING-17#81 Critical Warning
Non-clocked sequential cell  
The clock pin Inst_DVITransmitter/Inst_TMDSEncoder_green/q_out_d_reg[4]/C is not reached by a timing clock
Related violations: <none>

TIMING-17#82 Critical Warning
Non-clocked sequential cell  
The clock pin Inst_DVITransmitter/Inst_TMDSEncoder_green/q_out_d_reg[5]/C is not reached by a timing clock
Related violations: <none>

TIMING-17#83 Critical Warning
Non-clocked sequential cell  
The clock pin Inst_DVITransmitter/Inst_TMDSEncoder_green/q_out_d_reg[6]/C is not reached by a timing clock
Related violations: <none>

TIMING-17#84 Critical Warning
Non-clocked sequential cell  
The clock pin Inst_DVITransmitter/Inst_TMDSEncoder_green/q_out_d_reg[7]/C is not reached by a timing clock
Related violations: <none>

TIMING-17#85 Critical Warning
Non-clocked sequential cell  
The clock pin Inst_DVITransmitter/Inst_TMDSEncoder_green/q_out_d_reg[8]/C is not reached by a timing clock
Related violations: <none>

TIMING-17#86 Critical Warning
Non-clocked sequential cell  
The clock pin Inst_DVITransmitter/Inst_TMDSEncoder_green/q_out_d_reg[9]/C is not reached by a timing clock
Related violations: <none>

TIMING-17#87 Critical Warning
Non-clocked sequential cell  
The clock pin Inst_DVITransmitter/Inst_TMDSEncoder_red/cnt_t_1_reg[1]/C is not reached by a timing clock
Related violations: <none>

TIMING-17#88 Critical Warning
Non-clocked sequential cell  
The clock pin Inst_DVITransmitter/Inst_TMDSEncoder_red/cnt_t_1_reg[2]/C is not reached by a timing clock
Related violations: <none>

TIMING-17#89 Critical Warning
Non-clocked sequential cell  
The clock pin Inst_DVITransmitter/Inst_TMDSEncoder_red/cnt_t_1_reg[3]/C is not reached by a timing clock
Related violations: <none>

TIMING-17#90 Critical Warning
Non-clocked sequential cell  
The clock pin Inst_DVITransmitter/Inst_TMDSEncoder_red/cnt_t_1_reg[4]/C is not reached by a timing clock
Related violations: <none>

TIMING-17#91 Critical Warning
Non-clocked sequential cell  
The clock pin Inst_DVITransmitter/Inst_TMDSEncoder_red/d_d_reg[0]/C is not reached by a timing clock
Related violations: <none>

TIMING-17#92 Critical Warning
Non-clocked sequential cell  
The clock pin Inst_DVITransmitter/Inst_TMDSEncoder_red/d_d_reg[1]/C is not reached by a timing clock
Related violations: <none>

TIMING-17#93 Critical Warning
Non-clocked sequential cell  
The clock pin Inst_DVITransmitter/Inst_TMDSEncoder_red/d_d_reg[2]/C is not reached by a timing clock
Related violations: <none>

TIMING-17#94 Critical Warning
Non-clocked sequential cell  
The clock pin Inst_DVITransmitter/Inst_TMDSEncoder_red/d_d_reg[3]/C is not reached by a timing clock
Related violations: <none>

TIMING-17#95 Critical Warning
Non-clocked sequential cell  
The clock pin Inst_DVITransmitter/Inst_TMDSEncoder_red/d_d_reg[4]/C is not reached by a timing clock
Related violations: <none>

TIMING-17#96 Critical Warning
Non-clocked sequential cell  
The clock pin Inst_DVITransmitter/Inst_TMDSEncoder_red/d_d_reg[5]/C is not reached by a timing clock
Related violations: <none>

TIMING-17#97 Critical Warning
Non-clocked sequential cell  
The clock pin Inst_DVITransmitter/Inst_TMDSEncoder_red/d_d_reg[6]/C is not reached by a timing clock
Related violations: <none>

TIMING-17#98 Critical Warning
Non-clocked sequential cell  
The clock pin Inst_DVITransmitter/Inst_TMDSEncoder_red/d_d_reg[7]/C is not reached by a timing clock
Related violations: <none>

TIMING-17#99 Critical Warning
Non-clocked sequential cell  
The clock pin Inst_DVITransmitter/Inst_TMDSEncoder_red/de_d_reg/C is not reached by a timing clock
Related violations: <none>

TIMING-17#100 Critical Warning
Non-clocked sequential cell  
The clock pin Inst_DVITransmitter/Inst_TMDSEncoder_red/de_dd_reg/C is not reached by a timing clock
Related violations: <none>

TIMING-17#101 Critical Warning
Non-clocked sequential cell  
The clock pin Inst_DVITransmitter/Inst_TMDSEncoder_red/n0_q_m_reg[1]/C is not reached by a timing clock
Related violations: <none>

TIMING-17#102 Critical Warning
Non-clocked sequential cell  
The clock pin Inst_DVITransmitter/Inst_TMDSEncoder_red/n0_q_m_reg[2]/C is not reached by a timing clock
Related violations: <none>

TIMING-17#103 Critical Warning
Non-clocked sequential cell  
The clock pin Inst_DVITransmitter/Inst_TMDSEncoder_red/n0_q_m_reg[3]/C is not reached by a timing clock
Related violations: <none>

TIMING-17#104 Critical Warning
Non-clocked sequential cell  
The clock pin Inst_DVITransmitter/Inst_TMDSEncoder_red/n1_d_reg[0]/C is not reached by a timing clock
Related violations: <none>

TIMING-17#105 Critical Warning
Non-clocked sequential cell  
The clock pin Inst_DVITransmitter/Inst_TMDSEncoder_red/n1_d_reg[1]/C is not reached by a timing clock
Related violations: <none>

TIMING-17#106 Critical Warning
Non-clocked sequential cell  
The clock pin Inst_DVITransmitter/Inst_TMDSEncoder_red/n1_d_reg[2]/C is not reached by a timing clock
Related violations: <none>

TIMING-17#107 Critical Warning
Non-clocked sequential cell  
The clock pin Inst_DVITransmitter/Inst_TMDSEncoder_red/n1_d_reg[3]/C is not reached by a timing clock
Related violations: <none>

TIMING-17#108 Critical Warning
Non-clocked sequential cell  
The clock pin Inst_DVITransmitter/Inst_TMDSEncoder_red/n1_q_m_reg[1]/C is not reached by a timing clock
Related violations: <none>

TIMING-17#109 Critical Warning
Non-clocked sequential cell  
The clock pin Inst_DVITransmitter/Inst_TMDSEncoder_red/n1_q_m_reg[2]/C is not reached by a timing clock
Related violations: <none>

TIMING-17#110 Critical Warning
Non-clocked sequential cell  
The clock pin Inst_DVITransmitter/Inst_TMDSEncoder_red/n1_q_m_reg[3]/C is not reached by a timing clock
Related violations: <none>

TIMING-17#111 Critical Warning
Non-clocked sequential cell  
The clock pin Inst_DVITransmitter/Inst_TMDSEncoder_red/q_m_d_reg[0]/C is not reached by a timing clock
Related violations: <none>

TIMING-17#112 Critical Warning
Non-clocked sequential cell  
The clock pin Inst_DVITransmitter/Inst_TMDSEncoder_red/q_m_d_reg[1]/C is not reached by a timing clock
Related violations: <none>

TIMING-17#113 Critical Warning
Non-clocked sequential cell  
The clock pin Inst_DVITransmitter/Inst_TMDSEncoder_red/q_m_d_reg[2]/C is not reached by a timing clock
Related violations: <none>

TIMING-17#114 Critical Warning
Non-clocked sequential cell  
The clock pin Inst_DVITransmitter/Inst_TMDSEncoder_red/q_m_d_reg[3]/C is not reached by a timing clock
Related violations: <none>

TIMING-17#115 Critical Warning
Non-clocked sequential cell  
The clock pin Inst_DVITransmitter/Inst_TMDSEncoder_red/q_m_d_reg[4]/C is not reached by a timing clock
Related violations: <none>

TIMING-17#116 Critical Warning
Non-clocked sequential cell  
The clock pin Inst_DVITransmitter/Inst_TMDSEncoder_red/q_m_d_reg[5]/C is not reached by a timing clock
Related violations: <none>

TIMING-17#117 Critical Warning
Non-clocked sequential cell  
The clock pin Inst_DVITransmitter/Inst_TMDSEncoder_red/q_m_d_reg[6]/C is not reached by a timing clock
Related violations: <none>

TIMING-17#118 Critical Warning
Non-clocked sequential cell  
The clock pin Inst_DVITransmitter/Inst_TMDSEncoder_red/q_m_d_reg[7]/C is not reached by a timing clock
Related violations: <none>

TIMING-17#119 Critical Warning
Non-clocked sequential cell  
The clock pin Inst_DVITransmitter/Inst_TMDSEncoder_red/q_m_d_reg[8]/C is not reached by a timing clock
Related violations: <none>

TIMING-17#120 Critical Warning
Non-clocked sequential cell  
The clock pin Inst_DVITransmitter/Inst_TMDSEncoder_red/q_out_d_reg[0]/C is not reached by a timing clock
Related violations: <none>

TIMING-17#121 Critical Warning
Non-clocked sequential cell  
The clock pin Inst_DVITransmitter/Inst_TMDSEncoder_red/q_out_d_reg[1]/C is not reached by a timing clock
Related violations: <none>

TIMING-17#122 Critical Warning
Non-clocked sequential cell  
The clock pin Inst_DVITransmitter/Inst_TMDSEncoder_red/q_out_d_reg[2]/C is not reached by a timing clock
Related violations: <none>

TIMING-17#123 Critical Warning
Non-clocked sequential cell  
The clock pin Inst_DVITransmitter/Inst_TMDSEncoder_red/q_out_d_reg[3]/C is not reached by a timing clock
Related violations: <none>

TIMING-17#124 Critical Warning
Non-clocked sequential cell  
The clock pin Inst_DVITransmitter/Inst_TMDSEncoder_red/q_out_d_reg[4]/C is not reached by a timing clock
Related violations: <none>

TIMING-17#125 Critical Warning
Non-clocked sequential cell  
The clock pin Inst_DVITransmitter/Inst_TMDSEncoder_red/q_out_d_reg[5]/C is not reached by a timing clock
Related violations: <none>

TIMING-17#126 Critical Warning
Non-clocked sequential cell  
The clock pin Inst_DVITransmitter/Inst_TMDSEncoder_red/q_out_d_reg[6]/C is not reached by a timing clock
Related violations: <none>

TIMING-17#127 Critical Warning
Non-clocked sequential cell  
The clock pin Inst_DVITransmitter/Inst_TMDSEncoder_red/q_out_d_reg[7]/C is not reached by a timing clock
Related violations: <none>

TIMING-17#128 Critical Warning
Non-clocked sequential cell  
The clock pin Inst_DVITransmitter/Inst_TMDSEncoder_red/q_out_d_reg[8]/C is not reached by a timing clock
Related violations: <none>

TIMING-17#129 Critical Warning
Non-clocked sequential cell  
The clock pin Inst_DVITransmitter/Inst_TMDSEncoder_red/q_out_d_reg[9]/C is not reached by a timing clock
Related violations: <none>

TIMING-17#130 Critical Warning
Non-clocked sequential cell  
The clock pin Inst_DVITransmitter/Inst_clk_serializer_10_1/family_7.int_rst_reg/C is not reached by a timing clock
Related violations: <none>

TIMING-17#131 Critical Warning
Non-clocked sequential cell  
The clock pin Inst_DVITransmitter/Inst_clk_serializer_10_1/family_7.oserdese2_master/CLK is not reached by a timing clock
Related violations: <none>

TIMING-17#132 Critical Warning
Non-clocked sequential cell  
The clock pin Inst_DVITransmitter/Inst_clk_serializer_10_1/family_7.oserdese2_master/CLKDIV is not reached by a timing clock
Related violations: <none>

TIMING-17#133 Critical Warning
Non-clocked sequential cell  
The clock pin Inst_DVITransmitter/Inst_clk_serializer_10_1/family_7.oserdese2_slave/CLKDIV is not reached by a timing clock
Related violations: <none>

TIMING-17#134 Critical Warning
Non-clocked sequential cell  
The clock pin Inst_DVITransmitter/Inst_d0_serializer_10_1/family_7.oserdese2_master/CLK is not reached by a timing clock
Related violations: <none>

TIMING-17#135 Critical Warning
Non-clocked sequential cell  
The clock pin Inst_DVITransmitter/Inst_d0_serializer_10_1/family_7.oserdese2_master/CLKDIV is not reached by a timing clock
Related violations: <none>

TIMING-17#136 Critical Warning
Non-clocked sequential cell  
The clock pin Inst_DVITransmitter/Inst_d0_serializer_10_1/family_7.oserdese2_slave/CLKDIV is not reached by a timing clock
Related violations: <none>

TIMING-17#137 Critical Warning
Non-clocked sequential cell  
The clock pin Inst_DVITransmitter/Inst_d1_serializer_10_1/family_7.oserdese2_master/CLK is not reached by a timing clock
Related violations: <none>

TIMING-17#138 Critical Warning
Non-clocked sequential cell  
The clock pin Inst_DVITransmitter/Inst_d1_serializer_10_1/family_7.oserdese2_master/CLKDIV is not reached by a timing clock
Related violations: <none>

TIMING-17#139 Critical Warning
Non-clocked sequential cell  
The clock pin Inst_DVITransmitter/Inst_d1_serializer_10_1/family_7.oserdese2_slave/CLKDIV is not reached by a timing clock
Related violations: <none>

TIMING-17#140 Critical Warning
Non-clocked sequential cell  
The clock pin Inst_DVITransmitter/Inst_d2_serializer_10_1/family_7.oserdese2_master/CLK is not reached by a timing clock
Related violations: <none>

TIMING-17#141 Critical Warning
Non-clocked sequential cell  
The clock pin Inst_DVITransmitter/Inst_d2_serializer_10_1/family_7.oserdese2_master/CLKDIV is not reached by a timing clock
Related violations: <none>

TIMING-17#142 Critical Warning
Non-clocked sequential cell  
The clock pin Inst_DVITransmitter/Inst_d2_serializer_10_1/family_7.oserdese2_slave/CLKDIV is not reached by a timing clock
Related violations: <none>

CKLD-2#1 Warning
Clock Net has IO Driver, not a Clock Buf, and/or non-Clock loads  
Clock net PXLCLK_5X_I_IBUF is directly driven by an IO rather than a Clock Buffer or may be an IO driving a mix of Clock Buffer and non-Clock loads. This connectivity should be reviewed and corrected as appropriate. Driver(s): PXLCLK_5X_I_IBUF_inst/O, Inst_DVITransmitter/PCLK_X5_I
Related violations: <none>

LUTAR-1#1 Warning
LUT drives async reset alert  
LUT cell Inst_DVITransmitter/Inst_clk_serializer_10_1/family_7.int_rst_i_1, with 2 or more inputs, drives asynchronous preset/clear pin(s) Inst_DVITransmitter/Inst_clk_serializer_10_1/family_7.int_rst_reg/PRE. The LUT may glitch and trigger an unexpected reset, even if it is a properly timed path.
Related violations: <none>


