Copyright 1986-2019 Xilinx, Inc. All Rights Reserved.
--------------------------------------------------------------------------------------
| Tool Version : Vivado v.2019.2 (win64) Build 2708876 Wed Nov  6 21:40:23 MST 2019
| Date         : Wed Mar 18 18:36:15 2020
| Host         : LiuYangLaptop running 64-bit major release  (build 9200)
| Command      : report_control_sets -verbose -file HDMI_FPGA_control_sets_placed.rpt
| Design       : HDMI_FPGA
| Device       : xc7z020
--------------------------------------------------------------------------------------

Control Set Information

Table of Contents
-----------------
1. Summary
2. Histogram
3. Flip-Flop Distribution
4. Detailed Control Set Information

1. Summary
----------

+----------------------------------------------------------+-------+
|                          Status                          | Count |
+----------------------------------------------------------+-------+
| Total control sets                                       |     4 |
|    Minimum number of control sets                        |     4 |
|    Addition due to synthesis replication                 |     0 |
|    Addition due to physical synthesis replication        |     0 |
| Unused register locations in slices containing registers |    14 |
+----------------------------------------------------------+-------+
* Control sets can be merged at opt_design using control_set_merge or merge_equivalent_drivers
** Run report_qor_suggestions for automated merging and remapping suggestions


2. Histogram
------------

+--------------------+-------+
|       Fanout       | Count |
+--------------------+-------+
| Total control sets |     4 |
| >= 0 to < 4        |     1 |
| >= 4 to < 6        |     0 |
| >= 6 to < 8        |     0 |
| >= 8 to < 10       |     0 |
| >= 10 to < 12      |     1 |
| >= 12 to < 14      |     0 |
| >= 14 to < 16      |     0 |
| >= 16              |     2 |
+--------------------+-------+
* Control sets can be remapped at either synth_design or opt_design


3. Flip-Flop Distribution
-------------------------

+--------------+-----------------------+------------------------+-----------------+--------------+
| Clock Enable | Synchronous Set/Reset | Asynchronous Set/Reset | Total Registers | Total Slices |
+--------------+-----------------------+------------------------+-----------------+--------------+
| No           | No                    | No                     |              87 |           36 |
| No           | No                    | Yes                    |               1 |            1 |
| No           | Yes                   | No                     |              42 |           19 |
| Yes          | No                    | No                     |               0 |            0 |
| Yes          | No                    | Yes                    |               0 |            0 |
| Yes          | Yes                   | No                     |               0 |            0 |
+--------------+-----------------------+------------------------+-----------------+--------------+


4. Detailed Control Set Information
-----------------------------------

+---------------------+---------------+-----------------------------------------------------------------+------------------+----------------+
|     Clock Signal    | Enable Signal |                         Set/Reset Signal                        | Slice Load Count | Bel Load Count |
+---------------------+---------------+-----------------------------------------------------------------+------------------+----------------+
|  PXLCLK_I_IBUF_BUFG |               | Inst_DVITransmitter/Inst_clk_serializer_10_1/RST_I              |                1 |              1 |
|  PXLCLK_I_IBUF_BUFG |               | Inst_DVITransmitter/Inst_TMDSEncoder_blue/q_out_d[9]_i_1__0_n_0 |                4 |             10 |
|  PXLCLK_I_IBUF_BUFG |               | Inst_DVITransmitter/Inst_TMDSEncoder_red/SR[0]                  |               15 |             32 |
|  PXLCLK_I_IBUF_BUFG |               |                                                                 |               36 |             87 |
+---------------------+---------------+-----------------------------------------------------------------+------------------+----------------+


