10:43:08 **** Build of project OV5640Display_bsp ****
make -k all 
"Running Make include in ps7_cortexa9_0/libsrc/axivdma_v6_6/src"
make -C ps7_cortexa9_0/libsrc/axivdma_v6_6/src -s include  "SHELL=CMD" "COMPILER=arm-none-eabi-gcc" "ARCHIVER=arm-none-eabi-ar" "COMPILER_FLAGS=  -O2 -c" "EXTRA_COMPILER_FLAGS=-mcpu=cortex-a9 -mfpu=vfpv3 -mfloat-abi=hard -nostartfiles -g -Wall -Wextra"
cp: 无法创建一般文件‘../../../include/xaxivdma.h’: Permission denied
cp: 无法创建一般文件‘../../../include/xaxivdma_i.h’: Invalid argument
make[1]: *** [Makefile:24: include] Error 1
make: *** [Makefile:26: ps7_cortexa9_0/libsrc/axivdma_v6_6/src/make.include] Error 2
"Running Make include in ps7_cortexa9_0/libsrc/coresightps_dcc_v1_4/src"
make -C ps7_cortexa9_0/libsrc/coresightps_dcc_v1_4/src -s include  "SHELL=CMD" "COMPILER=arm-none-eabi-gcc" "ARCHIVER=arm-none-eabi-ar" "COMPILER_FLAGS=  -O2 -c" "EXTRA_COMPILER_FLAGS=-mcpu=cortex-a9 -mfpu=vfpv3 -mfloat-abi=hard -nostartfiles -g -Wall -Wextra"
"Running Make include in ps7_cortexa9_0/libsrc/cpu_cortexa9_v2_7/src"
make -C ps7_cortexa9_0/libsrc/cpu_cortexa9_v2_7/src -s include  "SHELL=CMD" "COMPILER=arm-none-eabi-gcc" "ARCHIVER=arm-none-eabi-ar" "COMPILER_FLAGS=  -O2 -c" "EXTRA_COMPILER_FLAGS=-mcpu=cortex-a9 -mfpu=vfpv3 -mfloat-abi=hard -nostartfiles -g -Wall -Wextra"
cp: 无法创建一般文件‘../../../include/xcpu_cortexa9.h’: Invalid argument
make[1]: *** [Makefile:22: include] Error 1
make: *** [Makefile:26: ps7_cortexa9_0/libsrc/cpu_cortexa9_v2_7/src/make.include] Error 2
"Running Make include in ps7_cortexa9_0/libsrc/ddrps_v1_0/src"
make -C ps7_cortexa9_0/libsrc/ddrps_v1_0/src -s include  "SHELL=CMD" "COMPILER=arm-none-eabi-gcc" "ARCHIVER=arm-none-eabi-ar" "COMPILER_FLAGS=  -O2 -c" "EXTRA_COMPILER_FLAGS=-mcpu=cortex-a9 -mfpu=vfpv3 -mfloat-abi=hard -nostartfiles -g -Wall -Wextra"
"Running Make include in ps7_cortexa9_0/libsrc/devcfg_v3_5/src"
make -C ps7_cortexa9_0/libsrc/devcfg_v3_5/src -s include  "SHELL=CMD" "COMPILER=arm-none-eabi-gcc" "ARCHIVER=arm-none-eabi-ar" "COMPILER_FLAGS=  -O2 -c" "EXTRA_COMPILER_FLAGS=-mcpu=cortex-a9 -mfpu=vfpv3 -mfloat-abi=hard -nostartfiles -g -Wall -Wextra"
cp: 无法创建一般文件‘../../../include/xdevcfg_hw.h’: Invalid argument
make[1]: *** [Makefile:37: xdevcfg_includes] Error 1
make[1]: Target 'include' not remade because of errors.
make: *** [Makefile:26: ps7_cortexa9_0/libsrc/devcfg_v3_5/src/make.include] Error 2
"Running Make include in ps7_cortexa9_0/libsrc/dmaps_v2_4/src"
make -C ps7_cortexa9_0/libsrc/dmaps_v2_4/src -s include  "SHELL=CMD" "COMPILER=arm-none-eabi-gcc" "ARCHIVER=arm-none-eabi-ar" "COMPILER_FLAGS=  -O2 -c" "EXTRA_COMPILER_FLAGS=-mcpu=cortex-a9 -mfpu=vfpv3 -mfloat-abi=hard -nostartfiles -g -Wall -Wextra"
"Running Make include in ps7_cortexa9_0/libsrc/emacps_v3_8/src"
make -C ps7_cortexa9_0/libsrc/emacps_v3_8/src -s include  "SHELL=CMD" "COMPILER=arm-none-eabi-gcc" "ARCHIVER=arm-none-eabi-ar" "COMPILER_FLAGS=  -O2 -c" "EXTRA_COMPILER_FLAGS=-mcpu=cortex-a9 -mfpu=vfpv3 -mfloat-abi=hard -nostartfiles -g -Wall -Wextra"
cp: 无法创建一般文件‘../../../include/xemacps.h’: Invalid argument
cp: 无法创建一般文件‘../../../include/xemacps_bd.h’: Invalid argument
make[1]: *** [Makefile:37: xemacps_includes] Error 1
make[1]: Target 'include' not remade because of errors.
make: *** [Makefile:26: ps7_cortexa9_0/libsrc/emacps_v3_8/src/make.include] Error 2
"Running Make include in ps7_cortexa9_0/libsrc/gpiops_v3_4/src"
make -C ps7_cortexa9_0/libsrc/gpiops_v3_4/src -s include  "SHELL=CMD" "COMPILER=arm-none-eabi-gcc" "ARCHIVER=arm-none-eabi-ar" "COMPILER_FLAGS=  -O2 -c" "EXTRA_COMPILER_FLAGS=-mcpu=cortex-a9 -mfpu=vfpv3 -mfloat-abi=hard -nostartfiles -g -Wall -Wextra"
"Running Make include in ps7_cortexa9_0/libsrc/qspips_v3_5/src"
make -C ps7_cortexa9_0/libsrc/qspips_v3_5/src -s include  "SHELL=CMD" "COMPILER=arm-none-eabi-gcc" "ARCHIVER=arm-none-eabi-ar" "COMPILER_FLAGS=  -O2 -c" "EXTRA_COMPILER_FLAGS=-mcpu=cortex-a9 -mfpu=vfpv3 -mfloat-abi=hard -nostartfiles -g -Wall -Wextra"
cp: 无法创建一般文件‘../../../include/xqspips.h’: Invalid argument
cp: 无法创建一般文件‘../../../include/xqspips_hw.h’: Invalid argument
make[1]: *** [Makefile:37: xqspips_includes] Error 1
make[1]: Target 'include' not remade because of errors.
make: *** [Makefile:26: ps7_cortexa9_0/libsrc/qspips_v3_5/src/make.include] Error 2
"Running Make include in ps7_cortexa9_0/libsrc/scugic_v3_10/src"
make -C ps7_cortexa9_0/libsrc/scugic_v3_10/src -s include  "SHELL=CMD" "COMPILER=arm-none-eabi-gcc" "ARCHIVER=arm-none-eabi-ar" "COMPILER_FLAGS=  -O2 -c" "EXTRA_COMPILER_FLAGS=-mcpu=cortex-a9 -mfpu=vfpv3 -mfloat-abi=hard -nostartfiles -g -Wall -Wextra"
"Running Make include in ps7_cortexa9_0/libsrc/scutimer_v2_1/src"
make -C ps7_cortexa9_0/libsrc/scutimer_v2_1/src -s include  "SHELL=CMD" "COMPILER=arm-none-eabi-gcc" "ARCHIVER=arm-none-eabi-ar" "COMPILER_FLAGS=  -O2 -c" "EXTRA_COMPILER_FLAGS=-mcpu=cortex-a9 -mfpu=vfpv3 -mfloat-abi=hard -nostartfiles -g -Wall -Wextra"
"Running Make include in ps7_cortexa9_0/libsrc/scuwdt_v2_1/src"
make -C ps7_cortexa9_0/libsrc/scuwdt_v2_1/src -s include  "SHELL=CMD" "COMPILER=arm-none-eabi-gcc" "ARCHIVER=arm-none-eabi-ar" "COMPILER_FLAGS=  -O2 -c" "EXTRA_COMPILER_FLAGS=-mcpu=cortex-a9 -mfpu=vfpv3 -mfloat-abi=hard -nostartfiles -g -Wall -Wextra"
cp: 无法创建一般文件‘../../../include/xscuwdt.h’: Invalid argument
make[1]: *** [Makefile:37: scuwdt_includes] Error 1
make[1]: Target 'include' not remade because of errors.
make: *** [Makefile:26: ps7_cortexa9_0/libsrc/scuwdt_v2_1/src/make.include] Error 2
"Running Make include in ps7_cortexa9_0/libsrc/sdps_v3_6/src"
make -C ps7_cortexa9_0/libsrc/sdps_v3_6/src -s include  "SHELL=CMD" "COMPILER=arm-none-eabi-gcc" "ARCHIVER=arm-none-eabi-ar" "COMPILER_FLAGS=  -O2 -c" "EXTRA_COMPILER_FLAGS=-mcpu=cortex-a9 -mfpu=vfpv3 -mfloat-abi=hard -nostartfiles -g -Wall -Wextra"
cp: 无法创建一般文件‘../../../include/xsdps_hw.h’: Invalid argument
make[1]: *** [Makefile:37: xsdps_includes] Error 1
make[1]: Target 'include' not remade because of errors.
make: *** [Makefile:26: ps7_cortexa9_0/libsrc/sdps_v3_6/src/make.include] Error 2
"Running Make include in ps7_cortexa9_0/libsrc/standalone_v6_8/src"
make -C ps7_cortexa9_0/libsrc/standalone_v6_8/src -s include  "SHELL=CMD" "COMPILER=arm-none-eabi-gcc" "ARCHIVER=arm-none-eabi-ar" "COMPILER_FLAGS=  -O2 -c" "EXTRA_COMPILER_FLAGS=-mcpu=cortex-a9 -mfpu=vfpv3 -mfloat-abi=hard -nostartfiles -g -Wall -Wextra"
cp: 无法创建一般文件‘../../../include/xbasic_types.h’: Permission denied
cp: 无法创建一般文件‘../../../include/xenv.h’: Invalid argument
cp: 无法创建一般文件‘../../../include/xenv_standalone.h’: Invalid argument
cp: 无法创建一般文件‘../../../include/xil_assert.h’: Invalid argument
cp: 无法创建一般文件‘../../../include/xil_exception.h’: Invalid argument
cp: 无法创建一般文件‘../../../include/xil_io.h’: Invalid argument
cp: 无法创建一般文件‘../../../include/xil_macroback.h’: Invalid argument
cp: 无法创建一般文件‘../../../include/xil_misc_psreset_api.h’: Invalid argument
cp: 无法创建一般文件‘../../../include/xl2cc.h’: Invalid argument
cp: 无法创建一般文件‘../../../include/xparameters_ps.h’: Invalid argument
cp: 无法创建一般文件‘../../../include/xpm_counter.h’: Invalid argument
cp: 无法创建一般文件‘../../../include/xpseudo_asm_gcc.h’: Invalid argument
cp: 无法创建一般文件‘../../../include/xreg_cortexa9.h’: Invalid argument
cp: 无法创建一般文件‘../../../include/xstatus.h’: Invalid argument
cp: 无法创建一般文件‘../../../include/xtime_l.h’: Invalid argument
make[1]: *** [Makefile:75: standalone_includes] Error 1
cp: 无法删除‘../../../../include/mblaze_nt_types.h’: Permission denied
make[2]: *** [Makefile:71: include] Error 1
make[1]: *** [Makefile:78: profile_includes] Error 2
make[1]: Target 'include' not remade because of errors.
make: *** [Makefile:26: ps7_cortexa9_0/libsrc/standalone_v6_8/src/make.include] Error 2
"Running Make include in ps7_cortexa9_0/libsrc/uartps_v3_7/src"
make -C ps7_cortexa9_0/libsrc/uartps_v3_7/src -s include  "SHELL=CMD" "COMPILER=arm-none-eabi-gcc" "ARCHIVER=arm-none-eabi-ar" "COMPILER_FLAGS=  -O2 -c" "EXTRA_COMPILER_FLAGS=-mcpu=cortex-a9 -mfpu=vfpv3 -mfloat-abi=hard -nostartfiles -g -Wall -Wextra"
cp: 无法创建一般文件‘../../../include/xuartps.h’: Invalid argument
make[1]: *** [Makefile:37: xuartps_includes] Error 1
make[1]: Target 'include' not remade because of errors.
make: *** [Makefile:26: ps7_cortexa9_0/libsrc/uartps_v3_7/src/make.include] Error 2
"Running Make include in ps7_cortexa9_0/libsrc/usbps_v2_4/src"
make -C ps7_cortexa9_0/libsrc/usbps_v2_4/src -s include  "SHELL=CMD" "COMPILER=arm-none-eabi-gcc" "ARCHIVER=arm-none-eabi-ar" "COMPILER_FLAGS=  -O2 -c" "EXTRA_COMPILER_FLAGS=-mcpu=cortex-a9 -mfpu=vfpv3 -mfloat-abi=hard -nostartfiles -g -Wall -Wextra"
cp: 无法创建一般文件‘../../../include/xusbps.h’: Invalid argument
cp: 无法创建一般文件‘../../../include/xusbps_endpoint.h’: Invalid argument
make[1]: *** [Makefile:37: xusbps_includes] Error 1
make[1]: Target 'include' not remade because of errors.
make: *** [Makefile:26: ps7_cortexa9_0/libsrc/usbps_v2_4/src/make.include] Error 2
"Running Make include in ps7_cortexa9_0/libsrc/xadcps_v2_3/src"
make -C ps7_cortexa9_0/libsrc/xadcps_v2_3/src -s include  "SHELL=CMD" "COMPILER=arm-none-eabi-gcc" "ARCHIVER=arm-none-eabi-ar" "COMPILER_FLAGS=  -O2 -c" "EXTRA_COMPILER_FLAGS=-mcpu=cortex-a9 -mfpu=vfpv3 -mfloat-abi=hard -nostartfiles -g -Wall -Wextra"
cp: 无法创建一般文件‘../../../include/xadcps.h’: Invalid argument
make[1]: *** [Makefile:37: xadcps_includes] Error 1
make[1]: Target 'include' not remade because of errors.
make: *** [Makefile:26: ps7_cortexa9_0/libsrc/xadcps_v2_3/src/make.include] Error 2
make: Target 'all' not remade because of errors.

10:43:14 Build Finished (took 5s.982ms)

