#-----------------------------------------------------------
# Vivado v2018.3 (64-bit)
# SW Build 2405991 on Thu Dec  6 23:38:27 MST 2018
# IP Build 2404404 on Fri Dec  7 01:43:56 MST 2018
# Start of session at: Mon Sep 28 19:43:20 2020
# Process ID: 1236
# Current directory: E:/Project/Personal/PoseEstimation/ZYNQ/ZYNQ-Stereo-System/OV5640_Left
# Command line: vivado.exe -gui_launcher_event rodinguilauncherevent11012 E:\Project\Personal\PoseEstimation\ZYNQ\ZYNQ-Stereo-System\OV5640_Left\OV5640_display.xpr
# Log file: E:/Project/Personal/PoseEstimation/ZYNQ/ZYNQ-Stereo-System/OV5640_Left/vivado.log
# Journal file: E:/Project/Personal/PoseEstimation/ZYNQ/ZYNQ-Stereo-System/OV5640_Left\vivado.jou
#-----------------------------------------------------------
start_gui
open_project E:/Project/Personal/PoseEstimation/ZYNQ/ZYNQ-Stereo-System/OV5640_Left/OV5640_display.xpr
INFO: [Project 1-313] Project file moved from 'E:/Project/Personal/PoseEstimation/ZYNQ/ZYNQ-Stereo-System/OV5640_display' since last save.
Scanning sources...
Finished scanning sources
INFO: [IP_Flow 19-234] Refreshing IP repositories
INFO: [IP_Flow 19-1700] Loaded user IP repository 'e:/Repository/MyIPcoreLib/FPGA-IPcore-Library'.
INFO: [IP_Flow 19-2313] Loaded Vivado IP repository 'C:/Xilinx/Vivado/2018.3/data/ip'.
CRITICAL WARNING: [IP_Flow 19-1663] Duplicate IP found for 'Arm.com:user:DAPLink_to_Arty_shield:1.0'. The one found in IP location 'e:/Repository/MyIPcoreLib/FPGA-IPcore-Library/CortexM1/AT472-BU-98000-r0p1-00rel0/vivado/Arm_ipi_repository/DAPLink_to_Arty_shield' will take precedence over the same IP in location e:/Repository/MyIPcoreLib/FPGA-IPcore-Library/CortexM3/AT426-BU-98000-r0p1-00rel0/vivado/Arm_ipi_repository/DAPLink_to_Arty_shield
open_project: Time (s): cpu = 00:00:30 ; elapsed = 00:00:20 . Memory (MB): peak = 886.605 ; gain = 286.496
update_compile_order -fileset sources_1
launch_sdk -workspace E:/Project/Personal/PoseEstimation/ZYNQ/ZYNQ-Stereo-System/OV5640_Left/OV5640_display.sdk -hwspec E:/Project/Personal/PoseEstimation/ZYNQ/ZYNQ-Stereo-System/OV5640_Left/OV5640_display.sdk/system_wrapper.hdf
INFO: [Vivado 12-393] Launching SDK...
INFO: [Vivado 12-417] Running xsdk -workspace E:/Project/Personal/PoseEstimation/ZYNQ/ZYNQ-Stereo-System/OV5640_Left/OV5640_display.sdk -hwspec E:/Project/Personal/PoseEstimation/ZYNQ/ZYNQ-Stereo-System/OV5640_Left/OV5640_display.sdk/system_wrapper.hdf
INFO: [Vivado 12-3157] SDK launch initiated. Please check console for any further messages.
open_hw
connect_hw_server
INFO: [Labtools 27-2285] Connecting to hw_server url TCP:localhost:3121
open_hw_target
INFO: [Labtoolstcl 44-466] Opening hw_target localhost:3121/xilinx_tcf/Digilent/210249855850
open_hw_target: Time (s): cpu = 00:00:05 ; elapsed = 00:00:07 . Memory (MB): peak = 2136.918 ; gain = 926.926
set_property PROGRAM.FILE {E:/Project/Personal/PoseEstimation/ZYNQ/ZYNQ-Stereo-System/OV5640_Left/OV5640_display.runs/impl_1/system_wrapper.bit} [get_hw_devices xc7z020_1]
set_property PROBES.FILE {E:/Project/Personal/PoseEstimation/ZYNQ/ZYNQ-Stereo-System/OV5640_Left/OV5640_display.runs/impl_1/system_wrapper.ltx} [get_hw_devices xc7z020_1]
set_property FULL_PROBES.FILE {E:/Project/Personal/PoseEstimation/ZYNQ/ZYNQ-Stereo-System/OV5640_Left/OV5640_display.runs/impl_1/system_wrapper.ltx} [get_hw_devices xc7z020_1]
current_hw_device [get_hw_devices xc7z020_1]
refresh_hw_device [lindex [get_hw_devices xc7z020_1] 0]
INFO: [Labtools 27-2302] Device xc7z020 (JTAG device index = 1) is programmed with a design that has 2 ILA core(s).
refresh_hw_device: Time (s): cpu = 00:00:19 ; elapsed = 00:00:08 . Memory (MB): peak = 2140.816 ; gain = 0.000
display_hw_ila_data [ get_hw_ila_data hw_ila_data_1 -of_objects [get_hw_ilas -of_objects [get_hw_devices xc7z020_1] -filter {CELL_NAME=~"system_i/system_ila_0/inst/ila_lib"}]]
Processed interface axi_interconnect_1_M00_AXI_ila1_slot1
Processed interface v_vid_in_axi4s_0_video_out_ila1_slot0
Processed interface axi_vdma_0_M_AXIS_MM2S_ila1_slot2
display_hw_ila_data [ get_hw_ila_data hw_ila_data_2 -of_objects [get_hw_ilas -of_objects [get_hw_devices xc7z020_1] -filter {CELL_NAME=~"system_i/system_ila_1/inst/ila_lib"}]]
run_hw_ila [get_hw_ilas -of_objects [get_hw_devices xc7z020_1] -filter {CELL_NAME=~"system_i/system_ila_1/inst/ila_lib"}]
INFO: [Labtools 27-1964] The ILA core 'hw_ila_2' trigger was armed at 2020-Sep-28 19:53:09
wait_on_hw_ila [get_hw_ilas -of_objects [get_hw_devices xc7z020_1] -filter {CELL_NAME=~"system_i/system_ila_1/inst/ila_lib"}]
display_hw_ila_data [upload_hw_ila_data [get_hw_ilas -of_objects [get_hw_devices xc7z020_1] -filter {CELL_NAME=~"system_i/system_ila_1/inst/ila_lib"}]]
INFO: [Labtools 27-1966] The ILA core 'hw_ila_2' triggered at 2020-Sep-28 19:53:09
INFO: [Labtools 27-3304] ILA Waveform data saved to file E:/Project/Personal/PoseEstimation/ZYNQ/ZYNQ-Stereo-System/OV5640_Left/OV5640_display.hw/backup/hw_ila_data_2.ila. Use Tcl command 'read_hw_ila_data' or Vivado File->Import->Import ILA Data menu item to import the previously saved data.
run_hw_ila [get_hw_ilas -of_objects [get_hw_devices xc7z020_1] -filter {CELL_NAME=~"system_i/system_ila_1/inst/ila_lib"}]
INFO: [Labtools 27-1964] The ILA core 'hw_ila_2' trigger was armed at 2020-Sep-28 19:57:31
wait_on_hw_ila [get_hw_ilas -of_objects [get_hw_devices xc7z020_1] -filter {CELL_NAME=~"system_i/system_ila_1/inst/ila_lib"}]
display_hw_ila_data [upload_hw_ila_data [get_hw_ilas -of_objects [get_hw_devices xc7z020_1] -filter {CELL_NAME=~"system_i/system_ila_1/inst/ila_lib"}]]
INFO: [Labtools 27-1966] The ILA core 'hw_ila_2' triggered at 2020-Sep-28 19:57:31
INFO: [Labtools 27-3304] ILA Waveform data saved to file E:/Project/Personal/PoseEstimation/ZYNQ/ZYNQ-Stereo-System/OV5640_Left/OV5640_display.hw/backup/hw_ila_data_2.ila. Use Tcl command 'read_hw_ila_data' or Vivado File->Import->Import ILA Data menu item to import the previously saved data.
run_hw_ila [get_hw_ilas -of_objects [get_hw_devices xc7z020_1] -filter {CELL_NAME=~"system_i/system_ila_1/inst/ila_lib"}]
INFO: [Labtools 27-1964] The ILA core 'hw_ila_2' trigger was armed at 2020-Sep-28 19:57:40
wait_on_hw_ila [get_hw_ilas -of_objects [get_hw_devices xc7z020_1] -filter {CELL_NAME=~"system_i/system_ila_1/inst/ila_lib"}]
display_hw_ila_data [upload_hw_ila_data [get_hw_ilas -of_objects [get_hw_devices xc7z020_1] -filter {CELL_NAME=~"system_i/system_ila_1/inst/ila_lib"}]]
INFO: [Labtools 27-1966] The ILA core 'hw_ila_2' triggered at 2020-Sep-28 19:57:40
INFO: [Labtools 27-3304] ILA Waveform data saved to file E:/Project/Personal/PoseEstimation/ZYNQ/ZYNQ-Stereo-System/OV5640_Left/OV5640_display.hw/backup/hw_ila_data_2.ila. Use Tcl command 'read_hw_ila_data' or Vivado File->Import->Import ILA Data menu item to import the previously saved data.
run_hw_ila [get_hw_ilas -of_objects [get_hw_devices xc7z020_1] -filter {CELL_NAME=~"system_i/system_ila_1/inst/ila_lib"}]
INFO: [Labtools 27-1964] The ILA core 'hw_ila_2' trigger was armed at 2020-Sep-28 19:57:42
wait_on_hw_ila [get_hw_ilas -of_objects [get_hw_devices xc7z020_1] -filter {CELL_NAME=~"system_i/system_ila_1/inst/ila_lib"}]
display_hw_ila_data [upload_hw_ila_data [get_hw_ilas -of_objects [get_hw_devices xc7z020_1] -filter {CELL_NAME=~"system_i/system_ila_1/inst/ila_lib"}]]
INFO: [Labtools 27-1966] The ILA core 'hw_ila_2' triggered at 2020-Sep-28 19:57:42
INFO: [Labtools 27-3304] ILA Waveform data saved to file E:/Project/Personal/PoseEstimation/ZYNQ/ZYNQ-Stereo-System/OV5640_Left/OV5640_display.hw/backup/hw_ila_data_2.ila. Use Tcl command 'read_hw_ila_data' or Vivado File->Import->Import ILA Data menu item to import the previously saved data.
run_hw_ila [get_hw_ilas -of_objects [get_hw_devices xc7z020_1] -filter {CELL_NAME=~"system_i/system_ila_1/inst/ila_lib"}]
INFO: [Labtools 27-1964] The ILA core 'hw_ila_2' trigger was armed at 2020-Sep-28 19:57:46
wait_on_hw_ila [get_hw_ilas -of_objects [get_hw_devices xc7z020_1] -filter {CELL_NAME=~"system_i/system_ila_1/inst/ila_lib"}]
display_hw_ila_data [upload_hw_ila_data [get_hw_ilas -of_objects [get_hw_devices xc7z020_1] -filter {CELL_NAME=~"system_i/system_ila_1/inst/ila_lib"}]]
INFO: [Labtools 27-1966] The ILA core 'hw_ila_2' triggered at 2020-Sep-28 19:57:46
INFO: [Labtools 27-3304] ILA Waveform data saved to file E:/Project/Personal/PoseEstimation/ZYNQ/ZYNQ-Stereo-System/OV5640_Left/OV5640_display.hw/backup/hw_ila_data_2.ila. Use Tcl command 'read_hw_ila_data' or Vivado File->Import->Import ILA Data menu item to import the previously saved data.
run_hw_ila [get_hw_ilas -of_objects [get_hw_devices xc7z020_1] -filter {CELL_NAME=~"system_i/system_ila_1/inst/ila_lib"}]
INFO: [Labtools 27-1964] The ILA core 'hw_ila_2' trigger was armed at 2020-Sep-28 19:57:55
wait_on_hw_ila [get_hw_ilas -of_objects [get_hw_devices xc7z020_1] -filter {CELL_NAME=~"system_i/system_ila_1/inst/ila_lib"}]
display_hw_ila_data [upload_hw_ila_data [get_hw_ilas -of_objects [get_hw_devices xc7z020_1] -filter {CELL_NAME=~"system_i/system_ila_1/inst/ila_lib"}]]
INFO: [Labtools 27-1966] The ILA core 'hw_ila_2' triggered at 2020-Sep-28 19:57:55
INFO: [Labtools 27-3304] ILA Waveform data saved to file E:/Project/Personal/PoseEstimation/ZYNQ/ZYNQ-Stereo-System/OV5640_Left/OV5640_display.hw/backup/hw_ila_data_2.ila. Use Tcl command 'read_hw_ila_data' or Vivado File->Import->Import ILA Data menu item to import the previously saved data.
run_hw_ila [get_hw_ilas -of_objects [get_hw_devices xc7z020_1] -filter {CELL_NAME=~"system_i/system_ila_1/inst/ila_lib"}]
INFO: [Labtools 27-1964] The ILA core 'hw_ila_2' trigger was armed at 2020-Sep-28 19:57:58
wait_on_hw_ila [get_hw_ilas -of_objects [get_hw_devices xc7z020_1] -filter {CELL_NAME=~"system_i/system_ila_1/inst/ila_lib"}]
display_hw_ila_data [upload_hw_ila_data [get_hw_ilas -of_objects [get_hw_devices xc7z020_1] -filter {CELL_NAME=~"system_i/system_ila_1/inst/ila_lib"}]]
INFO: [Labtools 27-1966] The ILA core 'hw_ila_2' triggered at 2020-Sep-28 19:57:58
INFO: [Labtools 27-3304] ILA Waveform data saved to file E:/Project/Personal/PoseEstimation/ZYNQ/ZYNQ-Stereo-System/OV5640_Left/OV5640_display.hw/backup/hw_ila_data_2.ila. Use Tcl command 'read_hw_ila_data' or Vivado File->Import->Import ILA Data menu item to import the previously saved data.
run_hw_ila [get_hw_ilas -of_objects [get_hw_devices xc7z020_1] -filter {CELL_NAME=~"system_i/system_ila_1/inst/ila_lib"}]
INFO: [Labtools 27-1964] The ILA core 'hw_ila_2' trigger was armed at 2020-Sep-28 19:58:07
wait_on_hw_ila [get_hw_ilas -of_objects [get_hw_devices xc7z020_1] -filter {CELL_NAME=~"system_i/system_ila_1/inst/ila_lib"}]
display_hw_ila_data [upload_hw_ila_data [get_hw_ilas -of_objects [get_hw_devices xc7z020_1] -filter {CELL_NAME=~"system_i/system_ila_1/inst/ila_lib"}]]
INFO: [Labtools 27-1966] The ILA core 'hw_ila_2' triggered at 2020-Sep-28 19:58:07
INFO: [Labtools 27-3304] ILA Waveform data saved to file E:/Project/Personal/PoseEstimation/ZYNQ/ZYNQ-Stereo-System/OV5640_Left/OV5640_display.hw/backup/hw_ila_data_2.ila. Use Tcl command 'read_hw_ila_data' or Vivado File->Import->Import ILA Data menu item to import the previously saved data.
run_hw_ila [get_hw_ilas -of_objects [get_hw_devices xc7z020_1] -filter {CELL_NAME=~"system_i/system_ila_1/inst/ila_lib"}]
INFO: [Labtools 27-1964] The ILA core 'hw_ila_2' trigger was armed at 2020-Sep-28 19:58:09
wait_on_hw_ila [get_hw_ilas -of_objects [get_hw_devices xc7z020_1] -filter {CELL_NAME=~"system_i/system_ila_1/inst/ila_lib"}]
display_hw_ila_data [upload_hw_ila_data [get_hw_ilas -of_objects [get_hw_devices xc7z020_1] -filter {CELL_NAME=~"system_i/system_ila_1/inst/ila_lib"}]]
INFO: [Labtools 27-1966] The ILA core 'hw_ila_2' triggered at 2020-Sep-28 19:58:09
INFO: [Labtools 27-3304] ILA Waveform data saved to file E:/Project/Personal/PoseEstimation/ZYNQ/ZYNQ-Stereo-System/OV5640_Left/OV5640_display.hw/backup/hw_ila_data_2.ila. Use Tcl command 'read_hw_ila_data' or Vivado File->Import->Import ILA Data menu item to import the previously saved data.
run_hw_ila [get_hw_ilas -of_objects [get_hw_devices xc7z020_1] -filter {CELL_NAME=~"system_i/system_ila_1/inst/ila_lib"}]
INFO: [Labtools 27-1964] The ILA core 'hw_ila_2' trigger was armed at 2020-Sep-28 19:58:10
wait_on_hw_ila [get_hw_ilas -of_objects [get_hw_devices xc7z020_1] -filter {CELL_NAME=~"system_i/system_ila_1/inst/ila_lib"}]
display_hw_ila_data [upload_hw_ila_data [get_hw_ilas -of_objects [get_hw_devices xc7z020_1] -filter {CELL_NAME=~"system_i/system_ila_1/inst/ila_lib"}]]
INFO: [Labtools 27-1966] The ILA core 'hw_ila_2' triggered at 2020-Sep-28 19:58:10
INFO: [Labtools 27-3304] ILA Waveform data saved to file E:/Project/Personal/PoseEstimation/ZYNQ/ZYNQ-Stereo-System/OV5640_Left/OV5640_display.hw/backup/hw_ila_data_2.ila. Use Tcl command 'read_hw_ila_data' or Vivado File->Import->Import ILA Data menu item to import the previously saved data.
run_hw_ila [get_hw_ilas -of_objects [get_hw_devices xc7z020_1] -filter {CELL_NAME=~"system_i/system_ila_1/inst/ila_lib"}]
INFO: [Labtools 27-1964] The ILA core 'hw_ila_2' trigger was armed at 2020-Sep-28 19:58:17
wait_on_hw_ila [get_hw_ilas -of_objects [get_hw_devices xc7z020_1] -filter {CELL_NAME=~"system_i/system_ila_1/inst/ila_lib"}]
display_hw_ila_data [upload_hw_ila_data [get_hw_ilas -of_objects [get_hw_devices xc7z020_1] -filter {CELL_NAME=~"system_i/system_ila_1/inst/ila_lib"}]]
INFO: [Labtools 27-1966] The ILA core 'hw_ila_2' triggered at 2020-Sep-28 19:58:17
INFO: [Labtools 27-3304] ILA Waveform data saved to file E:/Project/Personal/PoseEstimation/ZYNQ/ZYNQ-Stereo-System/OV5640_Left/OV5640_display.hw/backup/hw_ila_data_2.ila. Use Tcl command 'read_hw_ila_data' or Vivado File->Import->Import ILA Data menu item to import the previously saved data.
run_hw_ila [get_hw_ilas -of_objects [get_hw_devices xc7z020_1] -filter {CELL_NAME=~"system_i/system_ila_1/inst/ila_lib"}]
INFO: [Labtools 27-1964] The ILA core 'hw_ila_2' trigger was armed at 2020-Sep-28 19:58:20
wait_on_hw_ila [get_hw_ilas -of_objects [get_hw_devices xc7z020_1] -filter {CELL_NAME=~"system_i/system_ila_1/inst/ila_lib"}]
display_hw_ila_data [upload_hw_ila_data [get_hw_ilas -of_objects [get_hw_devices xc7z020_1] -filter {CELL_NAME=~"system_i/system_ila_1/inst/ila_lib"}]]
INFO: [Labtools 27-1966] The ILA core 'hw_ila_2' triggered at 2020-Sep-28 19:58:20
INFO: [Labtools 27-3304] ILA Waveform data saved to file E:/Project/Personal/PoseEstimation/ZYNQ/ZYNQ-Stereo-System/OV5640_Left/OV5640_display.hw/backup/hw_ila_data_2.ila. Use Tcl command 'read_hw_ila_data' or Vivado File->Import->Import ILA Data menu item to import the previously saved data.
open_bd_design {E:/Project/Personal/PoseEstimation/ZYNQ/ZYNQ-Stereo-System/OV5640_Left/OV5640_display.srcs/sources_1/bd/system/system.bd}
Adding cell -- xilinx.com:user:HDMI_TX:1.0 - HDMI_TX_0
Adding cell -- xilinx.com:user:OV5640_Sensor:1.0 - OV5640_Sensor_0
Adding cell -- xilinx.com:ip:processing_system7:5.5 - processing_system7_0
Adding cell -- xilinx.com:ip:v_vid_in_axi4s:4.0 - v_vid_in_axi4s_0
Adding cell -- xilinx.com:ip:v_axi4s_vid_out:4.0 - v_axi4s_vid_out_0
Adding cell -- xilinx.com:ip:clk_wiz:6.0 - clk_wiz_0
Adding cell -- xilinx.com:ip:util_vector_logic:2.0 - util_vector_logic_0
Adding cell -- xilinx.com:ip:axi_vdma:6.3 - axi_vdma_0
Adding cell -- xilinx.com:ip:xlconstant:1.1 - xlconstant_0
Adding cell -- xilinx.com:ip:axi_interconnect:2.1 - axi_interconnect_0
Adding cell -- xilinx.com:ip:axi_protocol_converter:2.1 - auto_pc
Adding cell -- xilinx.com:ip:proc_sys_reset:5.0 - proc_sys_reset_0
Adding cell -- xilinx.com:ip:axi_interconnect:2.1 - axi_interconnect_1
Adding cell -- xilinx.com:ip:axi_crossbar:2.1 - xbar
Adding cell -- xilinx.com:ip:axi_protocol_converter:2.1 - auto_pc
Adding cell -- xilinx.com:ip:v_tc:6.1 - v_tc_0
Adding cell -- xilinx.com:ip:util_vector_logic:2.0 - util_vector_logic_1
Adding cell -- xilinx.com:ip:system_ila:1.1 - system_ila_0
Adding cell -- xilinx.com:ip:system_ila:1.1 - system_ila_1
WARNING: [BD 41-1731] Type mismatch between connected pins: /OV5640_Sensor_0/vid_clk_ce(undef) and /v_vid_in_axi4s_0/vid_io_in_ce(ce)
WARNING: [BD 41-1731] Type mismatch between connected pins: /clk_wiz_0/locked(undef) and /v_vid_in_axi4s_0/aresetn(rst)
WARNING: [BD 41-1731] Type mismatch between connected pins: /clk_wiz_0/locked(undef) and /v_vid_in_axi4s_0/aclken(ce)
WARNING: [BD 41-1731] Type mismatch between connected pins: /clk_wiz_0/locked(undef) and /v_tc_0/clken(ce)
WARNING: [BD 41-1731] Type mismatch between connected pins: /clk_wiz_0/locked(undef) and /v_tc_0/resetn(rst)
WARNING: [BD 41-1731] Type mismatch between connected pins: /clk_wiz_0/locked(undef) and /v_axi4s_vid_out_0/aclken(ce)
WARNING: [BD 41-1731] Type mismatch between connected pins: /clk_wiz_0/locked(undef) and /v_axi4s_vid_out_0/aresetn(rst)
WARNING: [BD 41-1731] Type mismatch between connected pins: /clk_wiz_0/locked(undef) and /v_axi4s_vid_out_0/vid_io_out_ce(ce)
WARNING: [BD 41-1731] Type mismatch between connected pins: /clk_wiz_0/locked(undef) and /HDMI_TX_0/RST_N(rst)
WARNING: [BD 41-1731] Type mismatch between connected pins: /clk_wiz_0/clk_out1(clk) and /HDMI_TX_0/PXLCLK_I(undef)
WARNING: [BD 41-1731] Type mismatch between connected pins: /clk_wiz_0/clk_out2(clk) and /HDMI_TX_0/PXLCLK_5X_I(undef)
WARNING: [BD 41-1731] Type mismatch between connected pins: /processing_system7_0/FCLK_CLK1(clk) and /OV5640_Sensor_0/clk_i(undef)
Successfully read diagram <system> from BD file <E:/Project/Personal/PoseEstimation/ZYNQ/ZYNQ-Stereo-System/OV5640_Left/OV5640_display.srcs/sources_1/bd/system/system.bd>
open_bd_design: Time (s): cpu = 00:00:08 ; elapsed = 00:00:07 . Memory (MB): peak = 2140.816 ; gain = 0.000
startgroup
create_bd_cell -type ip -vlnv xilinx.com:ip:ila:6.2 ila_0
INFO: [xilinx.com:ip:ila:6.2-6] /ila_0: Xilinx recommends using the System ILA IP in IP Integrator. The System ILA IP is functionally equivalent to an ILA and offers additional benefits in debugging interfaces both within IP Integrator and the Hardware Manager. Consult the Programming and Debug User Guide UG908 for further details.
endgroup
set_property location {2 362 -997} [get_bd_cells ila_0]
WARNING: [IP_Flow 19-4067] Ignoring invalid widget type specified checkbox.Providing a default widget
set_property -dict [list CONFIG.C_DATA_DEPTH {4096} CONFIG.C_NUM_OF_PROBES {4} CONFIG.C_ENABLE_ILA_AXI_MON {false} CONFIG.C_MONITOR_TYPE {Native}] [get_bd_cells ila_0]
connect_bd_net [get_bd_ports cmos_pclk_i_0] [get_bd_pins ila_0/probe0]
connect_bd_net [get_bd_ports cmos_href_i_0] [get_bd_pins ila_0/probe1]
connect_bd_net [get_bd_ports cmos_vsync_i_0] [get_bd_pins ila_0/probe2]
connect_bd_net [get_bd_ports cmos_data_i_0] [get_bd_pins ila_0/probe3]
connect_bd_net [get_bd_pins ila_0/clk] [get_bd_pins processing_system7_0/FCLK_CLK0]
WARNING: [IP_Flow 19-4067] Ignoring invalid widget type specified checkbox.Providing a default widget
WARNING: [IP_Flow 19-4067] Ignoring invalid widget type specified checkbox.Providing a default widget
startgroup
set_property -dict [list CONFIG.C_PROBE3_WIDTH {8}] [get_bd_cells ila_0]
endgroup
validate_bd_design
WARNING: [BD 41-1781] Updates have been made to one or more nets/interface connections marked for debug.
Debug nets, which are already connected to System ILA IP core in the block-design, will be automatically available for debug in Hardware Manager.
For unconnected Debug nets, please open synthesized design and use 'Set Up Debug' wizard to insert, modify or delete Debug Cores. Failure to do so could result in critical warnings and errors in the implementation flow.
INFO: [Device 21-403] Loading part xc7z020clg400-2
WARNING: [BD 41-927] Following properties on pin /HDMI_TX_0/HDMI_CLK_P have been updated from connected ip. They may not be synchronized with cell properties. You can set property on pin directly to confirm the value and resolve the warning.
	CLK_DOMAIN=system_HDMI_TX_0_0_HDMI_CLK_P 
WARNING: [BD 41-927] Following properties on pin /HDMI_TX_0/HDMI_CLK_N have been updated from connected ip. They may not be synchronized with cell properties. You can set property on pin directly to confirm the value and resolve the warning.
	CLK_DOMAIN=system_HDMI_TX_0_0_HDMI_CLK_N 
validate_bd_design: Time (s): cpu = 00:00:18 ; elapsed = 00:00:20 . Memory (MB): peak = 2384.496 ; gain = 243.680
save_bd_design
Wrote  : <E:\Project\Personal\PoseEstimation\ZYNQ\ZYNQ-Stereo-System\OV5640_Left\OV5640_display.srcs\sources_1\bd\system\system.bd> 
Wrote  : <E:/Project/Personal/PoseEstimation/ZYNQ/ZYNQ-Stereo-System/OV5640_Left/OV5640_display.srcs/sources_1/bd/system/ui/bd_c954508f.ui> 
save_bd_design: Time (s): cpu = 00:00:04 ; elapsed = 00:00:06 . Memory (MB): peak = 2431.910 ; gain = 20.961
startgroup
set_property -dict [list CONFIG.C_DATA_DEPTH {2048}] [get_bd_cells system_ila_1]
endgroup
WARNING: [IP_Flow 19-4067] Ignoring invalid widget type specified checkbox.Providing a default widget
startgroup
endgroup
save_bd_design
Wrote  : <E:\Project\Personal\PoseEstimation\ZYNQ\ZYNQ-Stereo-System\OV5640_Left\OV5640_display.srcs\sources_1\bd\system\system.bd> 
reset_target all [get_files  E:/Project/Personal/PoseEstimation/ZYNQ/ZYNQ-Stereo-System/OV5640_Left/OV5640_display.srcs/sources_1/bd/system/system.bd]
export_ip_user_files -of_objects  [get_files  E:/Project/Personal/PoseEstimation/ZYNQ/ZYNQ-Stereo-System/OV5640_Left/OV5640_display.srcs/sources_1/bd/system/system.bd] -sync -no_script -force -quiet
set_property HDL_ATTRIBUTE.DEBUG true [get_bd_nets {cmos_vsync_i_0_1 }]
true
set_property HDL_ATTRIBUTE.DEBUG true [get_bd_nets {cmos_href_i_0_1 }]
true
set_property HDL_ATTRIBUTE.DEBUG true [get_bd_nets {cmos_pclk_i_0_1 }]
true
set_property HDL_ATTRIBUTE.DEBUG true [get_bd_nets {cmos_data_i_0_1 }]
true
save_bd_design
Wrote  : <E:\Project\Personal\PoseEstimation\ZYNQ\ZYNQ-Stereo-System\OV5640_Left\OV5640_display.srcs\sources_1\bd\system\system.bd> 
Wrote  : <E:/Project/Personal/PoseEstimation/ZYNQ/ZYNQ-Stereo-System/OV5640_Left/OV5640_display.srcs/sources_1/bd/system/ui/bd_c954508f.ui> 
make_wrapper -files [get_files E:/Project/Personal/PoseEstimation/ZYNQ/ZYNQ-Stereo-System/OV5640_Left/OV5640_display.srcs/sources_1/bd/system/system.bd] -top
WARNING: [BD 41-1781] Updates have been made to one or more nets/interface connections marked for debug.
Debug nets, which are already connected to System ILA IP core in the block-design, will be automatically available for debug in Hardware Manager.
For unconnected Debug nets, please open synthesized design and use 'Set Up Debug' wizard to insert, modify or delete Debug Cores. Failure to do so could result in critical warnings and errors in the implementation flow.
WARNING: [BD 41-927] Following properties on pin /HDMI_TX_0/HDMI_CLK_P have been updated from connected ip. They may not be synchronized with cell properties. You can set property on pin directly to confirm the value and resolve the warning.
	CLK_DOMAIN=system_HDMI_TX_0_0_HDMI_CLK_P 
WARNING: [BD 41-927] Following properties on pin /HDMI_TX_0/HDMI_CLK_N have been updated from connected ip. They may not be synchronized with cell properties. You can set property on pin directly to confirm the value and resolve the warning.
	CLK_DOMAIN=system_HDMI_TX_0_0_HDMI_CLK_N 
Wrote  : <E:\Project\Personal\PoseEstimation\ZYNQ\ZYNQ-Stereo-System\OV5640_Left\OV5640_display.srcs\sources_1\bd\system\system.bd> 
WARNING: [BD 41-235] Width mismatch when connecting pin: '/axi_interconnect_1/m00_couplers/auto_pc/m_axi_rid'(1) to net 'auto_pc_to_m00_couplers_RID'(6) - Only lower order bits will be connected.
WARNING: [BD 41-235] Width mismatch when connecting pin: '/axi_interconnect_1/m00_couplers/auto_pc/m_axi_bid'(1) to net 'auto_pc_to_m00_couplers_BID'(6) - Only lower order bits will be connected.
WARNING: [BD 41-235] Width mismatch when connecting pin: '/processing_system7_0/S_AXI_HP0_AWID'(6) to net 'axi_interconnect_1_M00_AXI_AWID'(1) - Only lower order bits will be connected.
WARNING: [BD 41-235] Width mismatch when connecting pin: '/system_ila_0/SLOT_1_AXI_rid'(1) to net 'axi_interconnect_1_M00_AXI_RID'(6) - Only lower order bits will be connected.
WARNING: [BD 41-235] Width mismatch when connecting pin: '/system_ila_0/SLOT_1_AXI_bid'(1) to net 'axi_interconnect_1_M00_AXI_BID'(6) - Only lower order bits will be connected.
WARNING: [BD 41-235] Width mismatch when connecting pin: '/processing_system7_0/S_AXI_HP0_ARID'(6) to net 'axi_interconnect_1_M00_AXI_ARID'(1) - Only lower order bits will be connected.
WARNING: [BD 41-235] Width mismatch when connecting pin: '/processing_system7_0/S_AXI_HP0_WID'(6) to net 'axi_interconnect_1_M00_AXI_WID'(1) - Only lower order bits will be connected.
VHDL Output written to : E:/Project/Personal/PoseEstimation/ZYNQ/ZYNQ-Stereo-System/OV5640_Left/OV5640_display.srcs/sources_1/bd/system/synth/system.v
WARNING: [BD 41-235] Width mismatch when connecting pin: '/axi_interconnect_1/m00_couplers/auto_pc/m_axi_rid'(1) to net 'auto_pc_to_m00_couplers_RID'(6) - Only lower order bits will be connected.
WARNING: [BD 41-235] Width mismatch when connecting pin: '/axi_interconnect_1/m00_couplers/auto_pc/m_axi_bid'(1) to net 'auto_pc_to_m00_couplers_BID'(6) - Only lower order bits will be connected.
WARNING: [BD 41-235] Width mismatch when connecting pin: '/processing_system7_0/S_AXI_HP0_AWID'(6) to net 'axi_interconnect_1_M00_AXI_AWID'(1) - Only lower order bits will be connected.
WARNING: [BD 41-235] Width mismatch when connecting pin: '/system_ila_0/SLOT_1_AXI_rid'(1) to net 'axi_interconnect_1_M00_AXI_RID'(6) - Only lower order bits will be connected.
WARNING: [BD 41-235] Width mismatch when connecting pin: '/system_ila_0/SLOT_1_AXI_bid'(1) to net 'axi_interconnect_1_M00_AXI_BID'(6) - Only lower order bits will be connected.
WARNING: [BD 41-235] Width mismatch when connecting pin: '/processing_system7_0/S_AXI_HP0_ARID'(6) to net 'axi_interconnect_1_M00_AXI_ARID'(1) - Only lower order bits will be connected.
WARNING: [BD 41-235] Width mismatch when connecting pin: '/processing_system7_0/S_AXI_HP0_WID'(6) to net 'axi_interconnect_1_M00_AXI_WID'(1) - Only lower order bits will be connected.
VHDL Output written to : E:/Project/Personal/PoseEstimation/ZYNQ/ZYNQ-Stereo-System/OV5640_Left/OV5640_display.srcs/sources_1/bd/system/sim/system.v
VHDL Output written to : E:/Project/Personal/PoseEstimation/ZYNQ/ZYNQ-Stereo-System/OV5640_Left/OV5640_display.srcs/sources_1/bd/system/hdl/system_wrapper.v
make_wrapper: Time (s): cpu = 00:00:16 ; elapsed = 00:00:21 . Memory (MB): peak = 4234.883 ; gain = 0.000
generate_target all [get_files  E:/Project/Personal/PoseEstimation/ZYNQ/ZYNQ-Stereo-System/OV5640_Left/OV5640_display.srcs/sources_1/bd/system/system.bd]
INFO: [BD 41-1662] The design 'system.bd' is already validated. Therefore parameter propagation will not be re-run.
WARNING: [BD 41-235] Width mismatch when connecting pin: '/axi_interconnect_1/m00_couplers/auto_pc/m_axi_rid'(1) to net 'auto_pc_to_m00_couplers_RID'(6) - Only lower order bits will be connected.
WARNING: [BD 41-235] Width mismatch when connecting pin: '/axi_interconnect_1/m00_couplers/auto_pc/m_axi_bid'(1) to net 'auto_pc_to_m00_couplers_BID'(6) - Only lower order bits will be connected.
WARNING: [BD 41-235] Width mismatch when connecting pin: '/processing_system7_0/S_AXI_HP0_AWID'(6) to net 'axi_interconnect_1_M00_AXI_AWID'(1) - Only lower order bits will be connected.
WARNING: [BD 41-235] Width mismatch when connecting pin: '/system_ila_0/SLOT_1_AXI_rid'(1) to net 'axi_interconnect_1_M00_AXI_RID'(6) - Only lower order bits will be connected.
WARNING: [BD 41-235] Width mismatch when connecting pin: '/system_ila_0/SLOT_1_AXI_bid'(1) to net 'axi_interconnect_1_M00_AXI_BID'(6) - Only lower order bits will be connected.
WARNING: [BD 41-235] Width mismatch when connecting pin: '/processing_system7_0/S_AXI_HP0_ARID'(6) to net 'axi_interconnect_1_M00_AXI_ARID'(1) - Only lower order bits will be connected.
WARNING: [BD 41-235] Width mismatch when connecting pin: '/processing_system7_0/S_AXI_HP0_WID'(6) to net 'axi_interconnect_1_M00_AXI_WID'(1) - Only lower order bits will be connected.
VHDL Output written to : E:/Project/Personal/PoseEstimation/ZYNQ/ZYNQ-Stereo-System/OV5640_Left/OV5640_display.srcs/sources_1/bd/system/synth/system.v
WARNING: [BD 41-235] Width mismatch when connecting pin: '/axi_interconnect_1/m00_couplers/auto_pc/m_axi_rid'(1) to net 'auto_pc_to_m00_couplers_RID'(6) - Only lower order bits will be connected.
WARNING: [BD 41-235] Width mismatch when connecting pin: '/axi_interconnect_1/m00_couplers/auto_pc/m_axi_bid'(1) to net 'auto_pc_to_m00_couplers_BID'(6) - Only lower order bits will be connected.
WARNING: [BD 41-235] Width mismatch when connecting pin: '/processing_system7_0/S_AXI_HP0_AWID'(6) to net 'axi_interconnect_1_M00_AXI_AWID'(1) - Only lower order bits will be connected.
WARNING: [BD 41-235] Width mismatch when connecting pin: '/system_ila_0/SLOT_1_AXI_rid'(1) to net 'axi_interconnect_1_M00_AXI_RID'(6) - Only lower order bits will be connected.
WARNING: [BD 41-235] Width mismatch when connecting pin: '/system_ila_0/SLOT_1_AXI_bid'(1) to net 'axi_interconnect_1_M00_AXI_BID'(6) - Only lower order bits will be connected.
WARNING: [BD 41-235] Width mismatch when connecting pin: '/processing_system7_0/S_AXI_HP0_ARID'(6) to net 'axi_interconnect_1_M00_AXI_ARID'(1) - Only lower order bits will be connected.
WARNING: [BD 41-235] Width mismatch when connecting pin: '/processing_system7_0/S_AXI_HP0_WID'(6) to net 'axi_interconnect_1_M00_AXI_WID'(1) - Only lower order bits will be connected.
VHDL Output written to : E:/Project/Personal/PoseEstimation/ZYNQ/ZYNQ-Stereo-System/OV5640_Left/OV5640_display.srcs/sources_1/bd/system/sim/system.v
VHDL Output written to : E:/Project/Personal/PoseEstimation/ZYNQ/ZYNQ-Stereo-System/OV5640_Left/OV5640_display.srcs/sources_1/bd/system/hdl/system_wrapper.v
INFO: [BD 41-1029] Generation completed for the IP Integrator block HDMI_TX_0 .
INFO: [BD 41-1029] Generation completed for the IP Integrator block OV5640_Sensor_0 .
INFO: [BD 41-1029] Generation completed for the IP Integrator block processing_system7_0 .
INFO: [BD 41-1029] Generation completed for the IP Integrator block v_vid_in_axi4s_0 .
INFO: [BD 41-1029] Generation completed for the IP Integrator block v_axi4s_vid_out_0 .
INFO: [BD 41-1029] Generation completed for the IP Integrator block clk_wiz_0 .
INFO: [BD 41-1029] Generation completed for the IP Integrator block util_vector_logic_0 .
INFO: [BD 41-1029] Generation completed for the IP Integrator block axi_vdma_0 .
INFO: [BD 41-1029] Generation completed for the IP Integrator block xlconstant_0 .
INFO: [BD 41-1029] Generation completed for the IP Integrator block proc_sys_reset_0 .
INFO: [BD 41-1029] Generation completed for the IP Integrator block axi_interconnect_1/xbar .
INFO: [BD 41-1029] Generation completed for the IP Integrator block v_tc_0 .
INFO: [BD 41-1029] Generation completed for the IP Integrator block util_vector_logic_1 .
Exporting to file e:/Project/Personal/PoseEstimation/ZYNQ/ZYNQ-Stereo-System/OV5640_Left/OV5640_display.srcs/sources_1/bd/system/ip/system_system_ila_0_0/bd_0/hw_handoff/system_system_ila_0_0.hwh
Generated Block Design Tcl file e:/Project/Personal/PoseEstimation/ZYNQ/ZYNQ-Stereo-System/OV5640_Left/OV5640_display.srcs/sources_1/bd/system/ip/system_system_ila_0_0/bd_0/hw_handoff/system_system_ila_0_0_bd.tcl
Generated Hardware Definition File e:/Project/Personal/PoseEstimation/ZYNQ/ZYNQ-Stereo-System/OV5640_Left/OV5640_display.srcs/sources_1/bd/system/ip/system_system_ila_0_0/bd_0/synth/system_system_ila_0_0.hwdef
INFO: [BD 41-1029] Generation completed for the IP Integrator block system_ila_0 .
Exporting to file e:/Project/Personal/PoseEstimation/ZYNQ/ZYNQ-Stereo-System/OV5640_Left/OV5640_display.srcs/sources_1/bd/system/ip/system_system_ila_2_0/bd_0/hw_handoff/system_system_ila_2_0.hwh
Generated Block Design Tcl file e:/Project/Personal/PoseEstimation/ZYNQ/ZYNQ-Stereo-System/OV5640_Left/OV5640_display.srcs/sources_1/bd/system/ip/system_system_ila_2_0/bd_0/hw_handoff/system_system_ila_2_0_bd.tcl
Generated Hardware Definition File e:/Project/Personal/PoseEstimation/ZYNQ/ZYNQ-Stereo-System/OV5640_Left/OV5640_display.srcs/sources_1/bd/system/ip/system_system_ila_2_0/bd_0/synth/system_system_ila_2_0.hwdef
INFO: [BD 41-1029] Generation completed for the IP Integrator block system_ila_1 .
WARNING: [IP_Flow 19-4994] Overwriting existing constraint file 'e:/Project/Personal/PoseEstimation/ZYNQ/ZYNQ-Stereo-System/OV5640_Left/OV5640_display.srcs/sources_1/bd/system/ip/system_ila_0_0/system_ila_0_0_ooc.xdc'
INFO: [BD 41-1029] Generation completed for the IP Integrator block ila_0 .
WARNING: [IP_Flow 19-4994] Overwriting existing constraint file 'e:/Project/Personal/PoseEstimation/ZYNQ/ZYNQ-Stereo-System/OV5640_Left/OV5640_display.srcs/sources_1/bd/system/ip/system_auto_pc_0/system_auto_pc_0_ooc.xdc'
INFO: [BD 41-1029] Generation completed for the IP Integrator block axi_interconnect_0/s00_couplers/auto_pc .
WARNING: [IP_Flow 19-4994] Overwriting existing constraint file 'e:/Project/Personal/PoseEstimation/ZYNQ/ZYNQ-Stereo-System/OV5640_Left/OV5640_display.srcs/sources_1/bd/system/ip/system_auto_pc_1/system_auto_pc_1_ooc.xdc'
INFO: [BD 41-1029] Generation completed for the IP Integrator block axi_interconnect_1/m00_couplers/auto_pc .
Exporting to file E:/Project/Personal/PoseEstimation/ZYNQ/ZYNQ-Stereo-System/OV5640_Left/OV5640_display.srcs/sources_1/bd/system/hw_handoff/system.hwh
Generated Block Design Tcl file E:/Project/Personal/PoseEstimation/ZYNQ/ZYNQ-Stereo-System/OV5640_Left/OV5640_display.srcs/sources_1/bd/system/hw_handoff/system_bd.tcl
Generated Hardware Definition File E:/Project/Personal/PoseEstimation/ZYNQ/ZYNQ-Stereo-System/OV5640_Left/OV5640_display.srcs/sources_1/bd/system/synth/system.hwdef
generate_target: Time (s): cpu = 00:00:41 ; elapsed = 00:01:00 . Memory (MB): peak = 4234.883 ; gain = 0.000
export_ip_user_files -of_objects [get_files E:/Project/Personal/PoseEstimation/ZYNQ/ZYNQ-Stereo-System/OV5640_Left/OV5640_display.srcs/sources_1/bd/system/system.bd] -no_script -sync -force -quiet
export_simulation -of_objects [get_files E:/Project/Personal/PoseEstimation/ZYNQ/ZYNQ-Stereo-System/OV5640_Left/OV5640_display.srcs/sources_1/bd/system/system.bd] -directory E:/Project/Personal/PoseEstimation/ZYNQ/ZYNQ-Stereo-System/OV5640_Left/OV5640_display.ip_user_files/sim_scripts -ip_user_files_dir E:/Project/Personal/PoseEstimation/ZYNQ/ZYNQ-Stereo-System/OV5640_Left/OV5640_display.ip_user_files -ipstatic_source_dir E:/Project/Personal/PoseEstimation/ZYNQ/ZYNQ-Stereo-System/OV5640_Left/OV5640_display.ip_user_files/ipstatic -lib_map_path [list {modelsim=E:/Project/Personal/PoseEstimation/ZYNQ/ZYNQ-Stereo-System/OV5640_Left/OV5640_display.cache/compile_simlib/modelsim} {questa=E:/Project/Personal/PoseEstimation/ZYNQ/ZYNQ-Stereo-System/OV5640_Left/OV5640_display.cache/compile_simlib/questa} {riviera=E:/Project/Personal/PoseEstimation/ZYNQ/ZYNQ-Stereo-System/OV5640_Left/OV5640_display.cache/compile_simlib/riviera} {activehdl=E:/Project/Personal/PoseEstimation/ZYNQ/ZYNQ-Stereo-System/OV5640_Left/OV5640_display.cache/compile_simlib/activehdl}] -use_ip_compiled_libs -force -quiet
reset_run synth_1
WARNING: [Vivado 12-1017] Problems encountered:
1. Failed to delete one or more files in run directory E:/Project/Personal/PoseEstimation/ZYNQ/ZYNQ-Stereo-System/OV5640_Left/OV5640_display.runs/synth_1

launch_runs impl_1 -jobs 4
[Mon Sep 28 20:40:11 2020] Launched synth_1...
Run output will be captured here: E:/Project/Personal/PoseEstimation/ZYNQ/ZYNQ-Stereo-System/OV5640_Left/OV5640_display.runs/synth_1/runme.log
[Mon Sep 28 20:40:11 2020] Launched impl_1...
Run output will be captured here: E:/Project/Personal/PoseEstimation/ZYNQ/ZYNQ-Stereo-System/OV5640_Left/OV5640_display.runs/impl_1/runme.log
launch_runs impl_1 -to_step write_bitstream -jobs 4
[Mon Sep 28 21:04:40 2020] Launched impl_1...
Run output will be captured here: E:/Project/Personal/PoseEstimation/ZYNQ/ZYNQ-Stereo-System/OV5640_Left/OV5640_display.runs/impl_1/runme.log
file copy -force E:/Project/Personal/PoseEstimation/ZYNQ/ZYNQ-Stereo-System/OV5640_Left/OV5640_display.runs/impl_1/system_wrapper.sysdef E:/Project/Personal/PoseEstimation/ZYNQ/ZYNQ-Stereo-System/OV5640_Left/OV5640_display.sdk/system_wrapper.hdf

launch_sdk -workspace E:/Project/Personal/PoseEstimation/ZYNQ/ZYNQ-Stereo-System/OV5640_Left/OV5640_display.sdk -hwspec E:/Project/Personal/PoseEstimation/ZYNQ/ZYNQ-Stereo-System/OV5640_Left/OV5640_display.sdk/system_wrapper.hdf
INFO: [Vivado 12-393] Launching SDK...
INFO: [Vivado 12-417] Running xsdk -workspace E:/Project/Personal/PoseEstimation/ZYNQ/ZYNQ-Stereo-System/OV5640_Left/OV5640_display.sdk -hwspec E:/Project/Personal/PoseEstimation/ZYNQ/ZYNQ-Stereo-System/OV5640_Left/OV5640_display.sdk/system_wrapper.hdf
INFO: [Vivado 12-3157] SDK launch initiated. Please check console for any further messages.
open_bd_design {E:/Project/Personal/PoseEstimation/ZYNQ/ZYNQ-Stereo-System/OV5640_Left/OV5640_display.srcs/sources_1/bd/system/system.bd}
refresh_hw_device [lindex [get_hw_devices xc7z020_1] 0]
INFO: [Labtools 27-2302] Device xc7z020 (JTAG device index = 1) is programmed with a design that has 3 ILA core(s).
WARNING: [Labtools 27-3413] Dropping logic core with cellname:'system_i/ila_0' at location 'uuid_5ABAB766ABA0516DAAD8C91AEEDBF1FD' from probes file, since it cannot be found on the programmed device.
WARNING: [Labtools 27-1974] Mismatch between the design programmed into the device xc7z020_1 and the probes file(s) E:/Project/Personal/PoseEstimation/ZYNQ/ZYNQ-Stereo-System/OV5640_Left/OV5640_display.runs/impl_1/system_wrapper.ltx.
The device design has 3 ILA core(s) and 0 VIO core(s). 2 ILA core(s) and 0 VIO core(s) are matched in the probes file(s).
Resolution: 
1. Reprogram device with the correct programming file and associated probes file(s) OR
2. Goto device properties and associate the correct probes file(s) with the programming file already programmed in the device.
invalid map<K, T> key
save_wave_config {E:/Project/Personal/PoseEstimation/ZYNQ/ZYNQ-Stereo-System/OV5640_Left/OV5640_display.hw/hw_1/wave/hw_ila_data_1/hw_ila_data_1.wcfg}
save_wave_config {E:/Project/Personal/PoseEstimation/ZYNQ/ZYNQ-Stereo-System/OV5640_Left/OV5640_display.hw/hw_1/wave/hw_ila_data_2/hw_ila_data_2.wcfg}
run_hw_ila [get_hw_ilas -of_objects [get_hw_devices xc7z020_1] -filter {CELL_NAME=~""}]
ERROR: [Labtools 27-188] Use refresh_hw_device command, with a valid [debug_nets.ltx] file before running this command.
run_hw_ila [get_hw_ilas -of_objects [get_hw_devices xc7z020_1] -filter {CELL_NAME=~"system_i/system_ila_1/inst/ila_lib"}]
ERROR: [Labtools 27-188] Use refresh_hw_device command, with a valid [debug_nets.ltx] file before running this command.
refresh_hw_device [lindex [get_hw_devices xc7z020_1] 0]
INFO: [Labtools 27-2302] Device xc7z020 (JTAG device index = 1) is programmed with a design that has 3 ILA core(s).
WARNING: [Labtools 27-3413] Dropping logic core with cellname:'system_i/ila_0' at location 'uuid_5ABAB766ABA0516DAAD8C91AEEDBF1FD' from probes file, since it cannot be found on the programmed device.
WARNING: [Labtools 27-1974] Mismatch between the design programmed into the device xc7z020_1 and the probes file(s) E:/Project/Personal/PoseEstimation/ZYNQ/ZYNQ-Stereo-System/OV5640_Left/OV5640_display.runs/impl_1/system_wrapper.ltx.
The device design has 3 ILA core(s) and 0 VIO core(s). 2 ILA core(s) and 0 VIO core(s) are matched in the probes file(s).
Resolution: 
1. Reprogram device with the correct programming file and associated probes file(s) OR
2. Goto device properties and associate the correct probes file(s) with the programming file already programmed in the device.
invalid map<K, T> key
save_wave_config {E:/Project/Personal/PoseEstimation/ZYNQ/ZYNQ-Stereo-System/OV5640_Left/OV5640_display.hw/hw_1/wave/hw_ila_data_1/hw_ila_data_1.wcfg}
save_wave_config {E:/Project/Personal/PoseEstimation/ZYNQ/ZYNQ-Stereo-System/OV5640_Left/OV5640_display.hw/hw_1/wave/hw_ila_data_2/hw_ila_data_2.wcfg}
close_hw
open_hw
connect_hw_server
INFO: [Labtools 27-2285] Connecting to hw_server url TCP:localhost:3121
open_hw_target
INFO: [Labtoolstcl 44-466] Opening hw_target localhost:3121/xilinx_tcf/Digilent/210249855850
set_property PROGRAM.FILE {E:/Project/Personal/PoseEstimation/ZYNQ/ZYNQ-Stereo-System/OV5640_Left/OV5640_display.runs/impl_1/system_wrapper.bit} [get_hw_devices xc7z020_1]
set_property PROBES.FILE {E:/Project/Personal/PoseEstimation/ZYNQ/ZYNQ-Stereo-System/OV5640_Left/OV5640_display.runs/impl_1/system_wrapper.ltx} [get_hw_devices xc7z020_1]
set_property FULL_PROBES.FILE {E:/Project/Personal/PoseEstimation/ZYNQ/ZYNQ-Stereo-System/OV5640_Left/OV5640_display.runs/impl_1/system_wrapper.ltx} [get_hw_devices xc7z020_1]
current_hw_device [get_hw_devices xc7z020_1]
refresh_hw_device [lindex [get_hw_devices xc7z020_1] 0]
ERROR: [Vivado 12-106] *** Exception: java.lang.NullPointerException (See E:/Project/Personal/PoseEstimation/ZYNQ/ZYNQ-Stereo-System/OV5640_Left/vivado_pid1236.debug)
ERROR: [Vivado 12-106] *** Exception: java.lang.NullPointerException (See E:/Project/Personal/PoseEstimation/ZYNQ/ZYNQ-Stereo-System/OV5640_Left/vivado_pid1236.debug)
INFO: [Labtools 27-2302] Device xc7z020 (JTAG device index = 1) is programmed with a design that has 3 ILA core(s).
ERROR: [Vivado 12-106] *** Exception: java.lang.NullPointerException (See E:/Project/Personal/PoseEstimation/ZYNQ/ZYNQ-Stereo-System/OV5640_Left/vivado_pid1236.debug)
ERROR: [Vivado 12-106] *** Exception: java.lang.NullPointerException (See E:/Project/Personal/PoseEstimation/ZYNQ/ZYNQ-Stereo-System/OV5640_Left/vivado_pid1236.debug)
ERROR: [Common 17-39] 'create_hw_probe' failed due to earlier errors.
ERROR: [Vivado 12-106] *** Exception: java.lang.NullPointerException (See E:/Project/Personal/PoseEstimation/ZYNQ/ZYNQ-Stereo-System/OV5640_Left/vivado_pid1236.debug)
ERROR: [Vivado 12-106] *** Exception: java.lang.NullPointerException (See E:/Project/Personal/PoseEstimation/ZYNQ/ZYNQ-Stereo-System/OV5640_Left/vivado_pid1236.debug)
ERROR: [Common 17-39] 'create_hw_probe' failed due to earlier errors.
ERROR: [Vivado 12-106] *** Exception: java.lang.NullPointerException (See E:/Project/Personal/PoseEstimation/ZYNQ/ZYNQ-Stereo-System/OV5640_Left/vivado_pid1236.debug)
ERROR: [Vivado 12-106] *** Exception: java.lang.NullPointerException (See E:/Project/Personal/PoseEstimation/ZYNQ/ZYNQ-Stereo-System/OV5640_Left/vivado_pid1236.debug)
ERROR: [Vivado 12-106] *** Exception: java.lang.NullPointerException (See E:/Project/Personal/PoseEstimation/ZYNQ/ZYNQ-Stereo-System/OV5640_Left/vivado_pid1236.debug)
refresh_hw_device: Time (s): cpu = 00:00:08 ; elapsed = 00:00:06 . Memory (MB): peak = 4234.883 ; gain = 0.000
ERROR: [Common 17-39] 'refresh_hw_device' failed due to earlier errors.
run_hw_ila [get_hw_ilas -of_objects [get_hw_devices xc7z020_1] -filter {CELL_NAME=~"system_i/ila_0"}]
INFO: [Labtools 27-1964] The ILA core 'hw_ila_1' trigger was armed at 2020-Sep-28 21:13:29
ERROR: [Vivado 12-106] *** Exception: java.lang.NullPointerException (See E:/Project/Personal/PoseEstimation/ZYNQ/ZYNQ-Stereo-System/OV5640_Left/vivado_pid1236.debug)
wait_on_hw_ila [get_hw_ilas -of_objects [get_hw_devices xc7z020_1] -filter {CELL_NAME=~"system_i/ila_0"}]
display_hw_ila_data [upload_hw_ila_data [get_hw_ilas -of_objects [get_hw_devices xc7z020_1] -filter {CELL_NAME=~"system_i/ila_0"}]]
INFO: [Labtools 27-1966] The ILA core 'hw_ila_1' triggered at 2020-Sep-28 21:13:29
ERROR: [Vivado 12-106] *** Exception: java.lang.NullPointerException (See E:/Project/Personal/PoseEstimation/ZYNQ/ZYNQ-Stereo-System/OV5640_Left/vivado_pid1236.debug)
ERROR: [Common 17-39] 'upload_hw_ila_data' failed due to earlier errors.
exit
INFO: [Common 17-206] Exiting Vivado at Mon Sep 28 21:13:36 2020...
