#-----------------------------------------------------------
# Vivado v2018.3 (64-bit)
# SW Build 2405991 on Thu Dec  6 23:38:27 MST 2018
# IP Build 2404404 on Fri Dec  7 01:43:56 MST 2018
# Start of session at: Thu Oct  1 15:58:29 2020
# Process ID: 11320
# Current directory: E:/Project/Personal/PoseEstimation/ZYNQ/ZYNQ-Stereo-System/OV5640_Stereo
# Command line: vivado.exe -gui_launcher_event rodinguilauncherevent13824 E:\Project\Personal\PoseEstimation\ZYNQ\ZYNQ-Stereo-System\OV5640_Stereo\OV5640_display.xpr
# Log file: E:/Project/Personal/PoseEstimation/ZYNQ/ZYNQ-Stereo-System/OV5640_Stereo/vivado.log
# Journal file: E:/Project/Personal/PoseEstimation/ZYNQ/ZYNQ-Stereo-System/OV5640_Stereo\vivado.jou
#-----------------------------------------------------------
start_gui
open_project E:/Project/Personal/PoseEstimation/ZYNQ/ZYNQ-Stereo-System/OV5640_Stereo/OV5640_display.xpr
Scanning sources...
Finished scanning sources
INFO: [IP_Flow 19-234] Refreshing IP repositories
INFO: [IP_Flow 19-1700] Loaded user IP repository 'e:/Repository/MyIPcoreLib/FPGA-IPcore-Library'.
INFO: [IP_Flow 19-2313] Loaded Vivado IP repository 'C:/Xilinx/Vivado/2018.3/data/ip'.
CRITICAL WARNING: [IP_Flow 19-1663] Duplicate IP found for 'Arm.com:user:DAPLink_to_Arty_shield:1.0'. The one found in IP location 'e:/Repository/MyIPcoreLib/FPGA-IPcore-Library/CortexM1/AT472-BU-98000-r0p1-00rel0/vivado/Arm_ipi_repository/DAPLink_to_Arty_shield' will take precedence over the same IP in location e:/Repository/MyIPcoreLib/FPGA-IPcore-Library/CortexM3/AT426-BU-98000-r0p1-00rel0/vivado/Arm_ipi_repository/DAPLink_to_Arty_shield
open_project: Time (s): cpu = 00:00:37 ; elapsed = 00:00:40 . Memory (MB): peak = 889.590 ; gain = 294.457
update_compile_order -fileset sources_1
file copy -force E:/Project/Personal/PoseEstimation/ZYNQ/ZYNQ-Stereo-System/OV5640_Stereo/OV5640_display.runs/impl_1/system_wrapper.sysdef E:/Project/Personal/PoseEstimation/ZYNQ/ZYNQ-Stereo-System/OV5640_Stereo/OV5640_display.sdk/system_wrapper.hdf

launch_sdk -workspace E:/Project/Personal/PoseEstimation/ZYNQ/ZYNQ-Stereo-System/OV5640_Stereo/OV5640_display.sdk -hwspec E:/Project/Personal/PoseEstimation/ZYNQ/ZYNQ-Stereo-System/OV5640_Stereo/OV5640_display.sdk/system_wrapper.hdf
INFO: [Vivado 12-393] Launching SDK...
INFO: [Vivado 12-417] Running xsdk -workspace E:/Project/Personal/PoseEstimation/ZYNQ/ZYNQ-Stereo-System/OV5640_Stereo/OV5640_display.sdk -hwspec E:/Project/Personal/PoseEstimation/ZYNQ/ZYNQ-Stereo-System/OV5640_Stereo/OV5640_display.sdk/system_wrapper.hdf
INFO: [Vivado 12-3157] SDK launch initiated. Please check console for any further messages.
exit
INFO: [Common 17-206] Exiting Vivado at Thu Oct  1 21:27:19 2020...
