00:04:14 INFO  : Registering command handlers for SDK TCF services
00:04:15 INFO  : Launching XSCT server: xsct.bat -interactive E:\Project\Personal\PoseEstimation\ZYNQ\ZYNQ-Stereo-System\OV5640_Right\OV5640_display.sdk\temp_xsdb_launch_script.tcl
00:04:20 INFO  : XSCT server has started successfully.
00:04:21 INFO  : Successfully done setting XSCT server connection channel  
00:04:21 INFO  : Successfully done setting SDK workspace  
00:04:21 INFO  : Processing command line option -hwspec E:/Project/Personal/PoseEstimation/ZYNQ/ZYNQ-Stereo-System/OV5640_Right/OV5640_display.sdk/system_wrapper.hdf.
07:30:20 INFO  : Launching XSCT server: xsct.bat -interactive E:\Project\Personal\PoseEstimation\ZYNQ\ZYNQ-Stereo-System\OV5640_Right\OV5640_display.sdk\temp_xsdb_launch_script.tcl
07:30:24 INFO  : XSCT server has started successfully.
07:30:24 INFO  : Successfully done setting XSCT server connection channel  
07:30:24 INFO  : Successfully done setting SDK workspace  
07:30:39 INFO  : Registering command handlers for SDK TCF services
07:30:39 INFO  : Processing command line option -hwspec E:/Project/Personal/PoseEstimation/ZYNQ/ZYNQ-Stereo-System/OV5640_Right/OV5640_display.sdk/system_wrapper.hdf.
07:30:41 INFO  : Checking for hwspec changes in the project system_wrapper_hw_platform_0.
07:38:52 INFO  : Connected to target on host '127.0.0.1' and port '3121'.
07:38:53 INFO  : Jtag cable 'Digilent JTAG-HS1 210249855850' is selected.
07:38:53 INFO  : 'jtag frequency' command is executed.
07:38:53 INFO  : Sourcing of 'E:/Project/Personal/PoseEstimation/ZYNQ/ZYNQ-Stereo-System/OV5640_Right/OV5640_display.sdk/system_wrapper_hw_platform_0/ps7_init.tcl' is done.
07:38:53 INFO  : Context for 'APU' is selected.
07:38:54 INFO  : System reset is completed.
07:38:57 INFO  : 'after 3000' command is executed.
07:38:57 INFO  : 'targets -set -filter {jtag_cable_name =~ "Digilent JTAG-HS1 210249855850" && level==0} -index 1' command is executed.
07:39:00 INFO  : FPGA configured successfully with bitstream "E:/Project/Personal/PoseEstimation/ZYNQ/ZYNQ-Stereo-System/OV5640_Right/OV5640_display.sdk/system_wrapper_hw_platform_0/system_wrapper.bit"
07:39:01 INFO  : Context for 'APU' is selected.
07:39:01 INFO  : Hardware design information is loaded from 'E:/Project/Personal/PoseEstimation/ZYNQ/ZYNQ-Stereo-System/OV5640_Right/OV5640_display.sdk/system_wrapper_hw_platform_0/system.hdf'.
07:39:01 INFO  : 'configparams force-mem-access 1' command is executed.
07:39:01 INFO  : Context for 'APU' is selected.
07:39:02 INFO  : 'ps7_init' command is executed.
07:39:02 INFO  : 'ps7_post_config' command is executed.
07:39:02 INFO  : Context for processor 'ps7_cortexa9_0' is selected.
07:39:02 INFO  : The application 'E:/Project/Personal/PoseEstimation/ZYNQ/ZYNQ-Stereo-System/OV5640_Right/OV5640_display.sdk/OV5640Display/Debug/OV5640Display.elf' is downloaded to processor 'ps7_cortexa9_0'.
07:39:02 INFO  : 'configparams force-mem-access 0' command is executed.
07:39:02 INFO  : ----------------XSDB Script----------------
connect -url tcp:127.0.0.1:3121
source E:/Project/Personal/PoseEstimation/ZYNQ/ZYNQ-Stereo-System/OV5640_Right/OV5640_display.sdk/system_wrapper_hw_platform_0/ps7_init.tcl
targets -set -nocase -filter {name =~"APU*" && jtag_cable_name =~ "Digilent JTAG-HS1 210249855850"} -index 0
rst -system
after 3000
targets -set -filter {jtag_cable_name =~ "Digilent JTAG-HS1 210249855850" && level==0} -index 1
fpga -file E:/Project/Personal/PoseEstimation/ZYNQ/ZYNQ-Stereo-System/OV5640_Right/OV5640_display.sdk/system_wrapper_hw_platform_0/system_wrapper.bit
targets -set -nocase -filter {name =~"APU*" && jtag_cable_name =~ "Digilent JTAG-HS1 210249855850"} -index 0
loadhw -hw E:/Project/Personal/PoseEstimation/ZYNQ/ZYNQ-Stereo-System/OV5640_Right/OV5640_display.sdk/system_wrapper_hw_platform_0/system.hdf -mem-ranges [list {0x40000000 0xbfffffff}]
configparams force-mem-access 1
targets -set -nocase -filter {name =~"APU*" && jtag_cable_name =~ "Digilent JTAG-HS1 210249855850"} -index 0
ps7_init
ps7_post_config
targets -set -nocase -filter {name =~ "ARM*#0" && jtag_cable_name =~ "Digilent JTAG-HS1 210249855850"} -index 0
dow E:/Project/Personal/PoseEstimation/ZYNQ/ZYNQ-Stereo-System/OV5640_Right/OV5640_display.sdk/OV5640Display/Debug/OV5640Display.elf
configparams force-mem-access 0
----------------End of Script----------------

07:39:02 INFO  : Memory regions updated for context APU
07:39:03 INFO  : Context for processor 'ps7_cortexa9_0' is selected.
07:39:03 INFO  : 'con' command is executed.
07:39:03 INFO  : ----------------XSDB Script (After Launch)----------------
targets -set -nocase -filter {name =~ "ARM*#0" && jtag_cable_name =~ "Digilent JTAG-HS1 210249855850"} -index 0
con
----------------End of Script----------------

07:39:03 INFO  : Launch script is exported to file 'E:\Project\Personal\PoseEstimation\ZYNQ\ZYNQ-Stereo-System\OV5640_Right\OV5640_display.sdk\.sdk\launch_scripts\xilinx_c-c++_application_(system_debugger)\system_debugger_using_debug_ov5640display.elf_on_local.tcl'
08:13:18 INFO  : Disconnected from the channel tcfchan#1.
