11:25:45 INFO  : Registering command handlers for SDK TCF services
11:25:46 INFO  : Launching XSCT server: xsct.bat -interactive E:\Project\Personal\PoseEstimation\ZYNQ\ZYNQ-Stereo-System\OV5640_Stereo\OV5640_display.sdk\temp_xsdb_launch_script.tcl
11:25:49 INFO  : XSCT server has started successfully.
11:25:50 INFO  : Successfully done setting XSCT server connection channel  
11:25:50 INFO  : Successfully done setting SDK workspace  
11:25:50 INFO  : Processing command line option -hwspec E:/Project/Personal/PoseEstimation/ZYNQ/ZYNQ-Stereo-System/OV5640_Stereo/OV5640_display.sdk/system_wrapper.hdf.
18:24:17 INFO  : Launching XSCT server: xsct.bat -interactive E:\Project\Personal\PoseEstimation\ZYNQ\ZYNQ-Stereo-System\OV5640_Stereo\OV5640_display.sdk\temp_xsdb_launch_script.tcl
18:24:20 INFO  : XSCT server has started successfully.
18:24:20 INFO  : Successfully done setting XSCT server connection channel  
18:24:21 INFO  : Successfully done setting SDK workspace  
18:24:31 INFO  : Registering command handlers for SDK TCF services
18:24:31 INFO  : Processing command line option -hwspec E:/Project/Personal/PoseEstimation/ZYNQ/ZYNQ-Stereo-System/OV5640_Stereo/OV5640_display.sdk/system_wrapper.hdf.
18:24:32 INFO  : Checking for hwspec changes in the project system_wrapper_hw_platform_0.
19:42:03 INFO  : Registering command handlers for SDK TCF services
19:42:05 INFO  : Launching XSCT server: xsct.bat -interactive E:\Project\Personal\PoseEstimation\ZYNQ\ZYNQ-Stereo-System\OV5640_Stereo\OV5640_display.sdk\temp_xsdb_launch_script.tcl
19:42:10 INFO  : XSCT server has started successfully.
19:42:11 INFO  : Successfully done setting XSCT server connection channel  
19:42:11 INFO  : Successfully done setting SDK workspace  
19:42:11 INFO  : Processing command line option -hwspec E:/Project/Personal/PoseEstimation/ZYNQ/ZYNQ-Stereo-System/OV5640_Stereo/OV5640_display.sdk/system_wrapper.hdf.
19:42:11 INFO  : Checking for hwspec changes in the project system_wrapper_hw_platform_0.
