18:13:51 **** Incremental Build of configuration Debug for project ov5640_sd ****
make pre-build main-build 
a9-linaro-pre-build-step
' '
make: Nothing to be done for 'main-build'.
18:14:16 **** Incremental Build of configuration Debug for project ov5640_sd ****
make pre-build main-build 
a9-linaro-pre-build-step
' '
make: Nothing to be done for 'main-build'.
18:28:53 **** Auto Build of configuration Debug for project ov5640_sd ****
make pre-build main-build 
a9-linaro-pre-build-step
' '
'Building file: ../src/ov5640_config.c'
'Invoking: ARM v7 gcc compiler'
arm-none-eabi-gcc -Wall -O0 -g3 -c -fmessage-length=0 -MT"src/ov5640_config.o" -mcpu=cortex-a9 -mfpu=vfpv3 -mfloat-abi=hard -I../../ov5640_sd_bsp/ps7_cortexa9_0/include -MMD -MP -MF"src/ov5640_config.d" -MT"src/ov5640_config.o" -o "src/ov5640_config.o" "../src/ov5640_config.c"
'Finished building: ../src/ov5640_config.c'
' '
'Building target: ov5640_sd.elf'
'Invoking: ARM v7 gcc linker'
arm-none-eabi-gcc -mcpu=cortex-a9 -mfpu=vfpv3 -mfloat-abi=hard -Wl,-build-id=none -specs=Xilinx.spec -Wl,-T -Wl,../src/lscript.ld -L../../ov5640_sd_bsp/ps7_cortexa9_0/lib -o "ov5640_sd.elf"  ./src/bmp.o ./src/display_demo.o ./src/emio_initial.o ./src/i2c_ctr.o ./src/ov5640_config.o ./src/vdma.o ./src/zynq_interrupt.o   -Wl,--start-group,-lxil,-lgcc,-lc,--end-group -Wl,--start-group,-lxilffs,-lxil,-lgcc,-lc,--end-group
'Finished building target: ov5640_sd.elf'
' '
'Invoking: ARM v7 Print Size'
arm-none-eabi-size ov5640_sd.elf  |tee "ov5640_sd.elf.size"
   text	   data	    bss	    dec	    hex	filename
 144532	   3664	37367520	37515716	23c71c4	ov5640_sd.elf
'Finished building: ov5640_sd.elf.size'
' '
18:28:56 **** Incremental Build of configuration Debug for project ov5640_sd ****
make pre-build main-build 
a9-linaro-pre-build-step
' '
make: Nothing to be done for 'main-build'.
