#-----------------------------------------------------------
# Vivado v2018.3 (64-bit)
# SW Build 2405991 on Thu Dec  6 23:38:27 MST 2018
# IP Build 2404404 on Fri Dec  7 01:43:56 MST 2018
# Start of session at: Wed Nov  4 22:35:12 2020
# Process ID: 8844
# Current directory: E:/Project/Personal/PoseEstimation/ZYNQPlatform/ZYNQ-Stereo-System/OV5640_SDCard
# Command line: vivado.exe -gui_launcher_event rodinguilauncherevent11136 E:\Project\Personal\PoseEstimation\ZYNQPlatform\ZYNQ-Stereo-System\OV5640_SDCard\OV5640_display.xpr
# Log file: E:/Project/Personal/PoseEstimation/ZYNQPlatform/ZYNQ-Stereo-System/OV5640_SDCard/vivado.log
# Journal file: E:/Project/Personal/PoseEstimation/ZYNQPlatform/ZYNQ-Stereo-System/OV5640_SDCard\vivado.jou
#-----------------------------------------------------------
start_gui
open_project E:/Project/Personal/PoseEstimation/ZYNQPlatform/ZYNQ-Stereo-System/OV5640_SDCard/OV5640_display.xpr
INFO: [Project 1-313] Project file moved from 'E:/Project/Personal/PoseEstimation/ZYNQ/ZYNQ-Stereo-System/OV5640_SDCard' since last save.
Scanning sources...
Finished scanning sources
INFO: [IP_Flow 19-234] Refreshing IP repositories
INFO: [IP_Flow 19-1700] Loaded user IP repository 'e:/Repository/MyIPcoreLib/FPGA-IPcore-Library'.
INFO: [IP_Flow 19-2313] Loaded Vivado IP repository 'C:/Xilinx/Vivado/2018.3/data/ip'.
CRITICAL WARNING: [IP_Flow 19-1663] Duplicate IP found for 'Arm.com:user:DAPLink_to_Arty_shield:1.0'. The one found in IP location 'e:/Repository/MyIPcoreLib/FPGA-IPcore-Library/CortexM1/AT472-BU-98000-r0p1-00rel0/vivado/Arm_ipi_repository/DAPLink_to_Arty_shield' will take precedence over the same IP in location e:/Repository/MyIPcoreLib/FPGA-IPcore-Library/CortexM3/AT426-BU-98000-r0p1-00rel0/vivado/Arm_ipi_repository/DAPLink_to_Arty_shield
open_project: Time (s): cpu = 00:00:33 ; elapsed = 00:00:32 . Memory (MB): peak = 894.523 ; gain = 294.398
update_compile_order -fileset sources_1
open_bd_design {E:/Project/Personal/PoseEstimation/ZYNQPlatform/ZYNQ-Stereo-System/OV5640_SDCard/OV5640_display.srcs/sources_1/bd/system/system.bd}
Adding cell -- xilinx.com:user:HDMI_TX:1.0 - HDMI_TX_0
Adding cell -- xilinx.com:user:OV5640_Sensor:1.0 - OV5640_Sensor_0
Adding cell -- xilinx.com:ip:processing_system7:5.5 - processing_system7_0
Adding cell -- xilinx.com:ip:v_vid_in_axi4s:4.0 - v_vid_in_axi4s_0
Adding cell -- xilinx.com:ip:v_axi4s_vid_out:4.0 - v_axi4s_vid_out_0
Adding cell -- xilinx.com:ip:clk_wiz:6.0 - clk_wiz_0
Adding cell -- xilinx.com:ip:util_vector_logic:2.0 - util_vector_logic_0
Adding cell -- xilinx.com:ip:axi_vdma:6.3 - axi_vdma_0
Adding cell -- xilinx.com:ip:axi_interconnect:2.1 - axi_interconnect_0
Adding cell -- xilinx.com:ip:axi_crossbar:2.1 - xbar
Adding cell -- xilinx.com:ip:axi_protocol_converter:2.1 - auto_pc
Adding cell -- xilinx.com:ip:proc_sys_reset:5.0 - proc_sys_reset_0
Adding cell -- xilinx.com:ip:axi_interconnect:2.1 - axi_interconnect_1
Adding cell -- xilinx.com:ip:axi_crossbar:2.1 - xbar
Adding cell -- xilinx.com:ip:axi_protocol_converter:2.1 - auto_pc
Adding cell -- xilinx.com:ip:v_tc:6.1 - v_tc_0
Adding cell -- xilinx.com:ip:util_vector_logic:2.0 - util_vector_logic_1
Adding cell -- xilinx.com:ip:system_ila:1.1 - system_ila_0
Adding cell -- xilinx.com:ip:system_ila:1.1 - system_ila_1
Adding cell -- xilinx.com:ip:axi_vdma:6.3 - axi_vdma_1
Adding cell -- xilinx.com:ip:xlconcat:2.1 - xlconcat_0
WARNING: [BD 41-1731] Type mismatch between connected pins: /OV5640_Sensor_0/vid_clk_ce(undef) and /v_vid_in_axi4s_0/vid_io_in_ce(ce)
WARNING: [BD 41-1731] Type mismatch between connected pins: /clk_wiz_0/locked(undef) and /v_vid_in_axi4s_0/aresetn(rst)
WARNING: [BD 41-1731] Type mismatch between connected pins: /clk_wiz_0/locked(undef) and /v_vid_in_axi4s_0/aclken(ce)
WARNING: [BD 41-1731] Type mismatch between connected pins: /clk_wiz_0/locked(undef) and /v_tc_0/clken(ce)
WARNING: [BD 41-1731] Type mismatch between connected pins: /clk_wiz_0/locked(undef) and /v_tc_0/resetn(rst)
WARNING: [BD 41-1731] Type mismatch between connected pins: /clk_wiz_0/locked(undef) and /v_axi4s_vid_out_0/aclken(ce)
WARNING: [BD 41-1731] Type mismatch between connected pins: /clk_wiz_0/locked(undef) and /v_axi4s_vid_out_0/aresetn(rst)
WARNING: [BD 41-1731] Type mismatch between connected pins: /clk_wiz_0/locked(undef) and /v_axi4s_vid_out_0/vid_io_out_ce(ce)
WARNING: [BD 41-1731] Type mismatch between connected pins: /clk_wiz_0/locked(undef) and /HDMI_TX_0/RST_N(rst)
WARNING: [BD 41-1731] Type mismatch between connected pins: /clk_wiz_0/clk_out1(clk) and /HDMI_TX_0/PXLCLK_I(undef)
WARNING: [BD 41-1731] Type mismatch between connected pins: /clk_wiz_0/clk_out2(clk) and /HDMI_TX_0/PXLCLK_5X_I(undef)
WARNING: [BD 41-1731] Type mismatch between connected pins: /processing_system7_0/FCLK_CLK1(clk) and /OV5640_Sensor_0/clk_i(undef)
Successfully read diagram <system> from BD file <E:/Project/Personal/PoseEstimation/ZYNQPlatform/ZYNQ-Stereo-System/OV5640_SDCard/OV5640_display.srcs/sources_1/bd/system/system.bd>
open_bd_design: Time (s): cpu = 00:00:09 ; elapsed = 00:00:07 . Memory (MB): peak = 1190.969 ; gain = 34.070
WARNING: [IP_Flow 19-474] Invalid Parameter 'Component_Name'
CRITICAL WARNING: [PS7-6]  LVCMOS33 (3.3V) is not supported for RGMII interface in Ethernet0. Recommendation is to use 1.8/2.5V IO.
exit
INFO: [Common 17-206] Exiting Vivado at Wed Nov  4 22:58:29 2020...
