#-----------------------------------------------------------
# Vivado v2018.3 (64-bit)
# SW Build 2405991 on Thu Dec  6 23:38:27 MST 2018
# IP Build 2404404 on Fri Dec  7 01:43:56 MST 2018
# Start of session at: Sun Nov  1 13:17:20 2020
# Process ID: 14504
# Current directory: E:/Project/Personal/PoseEstimation/ZYNQPlatform/ZYNQ-Stereo-System/OV5640_Left
# Command line: vivado.exe -gui_launcher_event rodinguilauncherevent18212 E:\Project\Personal\PoseEstimation\ZYNQPlatform\ZYNQ-Stereo-System\OV5640_Left\OV5640_display.xpr
# Log file: E:/Project/Personal/PoseEstimation/ZYNQPlatform/ZYNQ-Stereo-System/OV5640_Left/vivado.log
# Journal file: E:/Project/Personal/PoseEstimation/ZYNQPlatform/ZYNQ-Stereo-System/OV5640_Left\vivado.jou
#-----------------------------------------------------------
start_gui
open_project E:/Project/Personal/PoseEstimation/ZYNQPlatform/ZYNQ-Stereo-System/OV5640_Left/OV5640_display.xpr
INFO: [Project 1-313] Project file moved from 'E:/Project/Personal/PoseEstimation/ZYNQ/ZYNQ-Stereo-System/OV5640_Left' since last save.
Scanning sources...
Finished scanning sources
INFO: [IP_Flow 19-234] Refreshing IP repositories
INFO: [IP_Flow 19-1700] Loaded user IP repository 'e:/Repository/MyIPcoreLib/FPGA-IPcore-Library'.
INFO: [IP_Flow 19-2313] Loaded Vivado IP repository 'C:/Xilinx/Vivado/2018.3/data/ip'.
CRITICAL WARNING: [IP_Flow 19-1663] Duplicate IP found for 'Arm.com:user:DAPLink_to_Arty_shield:1.0'. The one found in IP location 'e:/Repository/MyIPcoreLib/FPGA-IPcore-Library/CortexM1/AT472-BU-98000-r0p1-00rel0/vivado/Arm_ipi_repository/DAPLink_to_Arty_shield' will take precedence over the same IP in location e:/Repository/MyIPcoreLib/FPGA-IPcore-Library/CortexM3/AT426-BU-98000-r0p1-00rel0/vivado/Arm_ipi_repository/DAPLink_to_Arty_shield
open_project: Time (s): cpu = 00:00:34 ; elapsed = 00:00:31 . Memory (MB): peak = 862.691 ; gain = 270.047
update_compile_order -fileset sources_1
launch_sdk -workspace E:/Project/Personal/PoseEstimation/ZYNQPlatform/ZYNQ-Stereo-System/OV5640_Left/OV5640_display.sdk -hwspec E:/Project/Personal/PoseEstimation/ZYNQPlatform/ZYNQ-Stereo-System/OV5640_Left/OV5640_display.sdk/system_wrapper.hdf
INFO: [Vivado 12-393] Launching SDK...
INFO: [Vivado 12-417] Running xsdk -workspace E:/Project/Personal/PoseEstimation/ZYNQPlatform/ZYNQ-Stereo-System/OV5640_Left/OV5640_display.sdk -hwspec E:/Project/Personal/PoseEstimation/ZYNQPlatform/ZYNQ-Stereo-System/OV5640_Left/OV5640_display.sdk/system_wrapper.hdf
INFO: [Vivado 12-3157] SDK launch initiated. Please check console for any further messages.
synth_design -rtl -name rtl_1
Command: synth_design -rtl -name rtl_1
Starting synth_design
Using part: xc7z020clg400-2
Top: system_wrapper
---------------------------------------------------------------------------------
Starting RTL Elaboration : Time (s): cpu = 00:00:16 ; elapsed = 00:00:19 . Memory (MB): peak = 1058.414 ; gain = 56.324
---------------------------------------------------------------------------------
INFO: [Common 17-41] Interrupt caught. Command should exit soon.
INFO: [Common 17-344] 'source' was cancelled
2 Infos, 0 Warnings, 0 Critical Warnings and 0 Errors encountered.
synth_design completed successfully
synth_design: Time (s): cpu = 00:02:26 ; elapsed = 00:02:36 . Memory (MB): peak = 1359.199 ; gain = 357.109
INFO: [Common 17-344] 'synth_design' was cancelled
exit
INFO: [Common 17-206] Exiting Vivado at Sun Nov  1 15:05:59 2020...
