21:07:46 INFO  : Registering command handlers for SDK TCF services
21:07:47 INFO  : Launching XSCT server: xsct.bat -interactive E:\Project\Personal\PoseEstimation\ZYNQ\ZYNQ-Stereo-System\OV5640_Left\OV5640_display.sdk\temp_xsdb_launch_script.tcl
21:07:51 INFO  : XSCT server has started successfully.
21:07:52 INFO  : Successfully done setting XSCT server connection channel  
21:07:52 INFO  : Successfully done setting SDK workspace  
21:07:52 INFO  : Processing command line option -hwspec E:/Project/Personal/PoseEstimation/ZYNQ/ZYNQ-Stereo-System/OV5640_Left/OV5640_display.sdk/system_wrapper.hdf.
21:10:52 INFO  : Connected to target on host '127.0.0.1' and port '3121'.
21:10:53 INFO  : Jtag cable 'Digilent JTAG-HS1 210249855850' is selected.
21:10:53 INFO  : 'jtag frequency' command is executed.
21:10:53 INFO  : Sourcing of 'E:/Project/Personal/PoseEstimation/ZYNQ/ZYNQ-Stereo-System/OV5640_Left/OV5640_display.sdk/system_wrapper_hw_platform_0/ps7_init.tcl' is done.
21:10:53 INFO  : Context for 'APU' is selected.
21:10:53 INFO  : System reset is completed.
21:10:56 INFO  : 'after 3000' command is executed.
21:10:56 INFO  : 'targets -set -filter {jtag_cable_name =~ "Digilent JTAG-HS1 210249855850" && level==0} -index 1' command is executed.
21:11:00 INFO  : FPGA configured successfully with bitstream "E:/Project/Personal/PoseEstimation/ZYNQ/ZYNQ-Stereo-System/OV5640_Left/OV5640_display.sdk/system_wrapper_hw_platform_0/system_wrapper.bit"
21:11:00 INFO  : Context for 'APU' is selected.
21:11:00 INFO  : Hardware design information is loaded from 'E:/Project/Personal/PoseEstimation/ZYNQ/ZYNQ-Stereo-System/OV5640_Left/OV5640_display.sdk/system_wrapper_hw_platform_0/system.hdf'.
21:11:00 INFO  : 'configparams force-mem-access 1' command is executed.
21:11:00 INFO  : Context for 'APU' is selected.
21:11:01 INFO  : 'ps7_init' command is executed.
21:11:01 INFO  : 'ps7_post_config' command is executed.
21:11:01 INFO  : Context for processor 'ps7_cortexa9_0' is selected.
21:11:01 INFO  : The application 'E:/Project/Personal/PoseEstimation/ZYNQ/ZYNQ-Stereo-System/OV5640_Left/OV5640_display.sdk/OV5640Display/Debug/OV5640Display.elf' is downloaded to processor 'ps7_cortexa9_0'.
21:11:01 INFO  : 'configparams force-mem-access 0' command is executed.
21:11:01 INFO  : ----------------XSDB Script----------------
connect -url tcp:127.0.0.1:3121
source E:/Project/Personal/PoseEstimation/ZYNQ/ZYNQ-Stereo-System/OV5640_Left/OV5640_display.sdk/system_wrapper_hw_platform_0/ps7_init.tcl
targets -set -nocase -filter {name =~"APU*" && jtag_cable_name =~ "Digilent JTAG-HS1 210249855850"} -index 0
rst -system
after 3000
targets -set -filter {jtag_cable_name =~ "Digilent JTAG-HS1 210249855850" && level==0} -index 1
fpga -file E:/Project/Personal/PoseEstimation/ZYNQ/ZYNQ-Stereo-System/OV5640_Left/OV5640_display.sdk/system_wrapper_hw_platform_0/system_wrapper.bit
targets -set -nocase -filter {name =~"APU*" && jtag_cable_name =~ "Digilent JTAG-HS1 210249855850"} -index 0
loadhw -hw E:/Project/Personal/PoseEstimation/ZYNQ/ZYNQ-Stereo-System/OV5640_Left/OV5640_display.sdk/system_wrapper_hw_platform_0/system.hdf -mem-ranges [list {0x40000000 0xbfffffff}]
configparams force-mem-access 1
targets -set -nocase -filter {name =~"APU*" && jtag_cable_name =~ "Digilent JTAG-HS1 210249855850"} -index 0
ps7_init
ps7_post_config
targets -set -nocase -filter {name =~ "ARM*#0" && jtag_cable_name =~ "Digilent JTAG-HS1 210249855850"} -index 0
dow E:/Project/Personal/PoseEstimation/ZYNQ/ZYNQ-Stereo-System/OV5640_Left/OV5640_display.sdk/OV5640Display/Debug/OV5640Display.elf
configparams force-mem-access 0
----------------End of Script----------------

21:11:01 INFO  : Memory regions updated for context APU
21:11:02 INFO  : Context for processor 'ps7_cortexa9_0' is selected.
21:11:02 INFO  : 'con' command is executed.
21:11:02 INFO  : ----------------XSDB Script (After Launch)----------------
targets -set -nocase -filter {name =~ "ARM*#0" && jtag_cable_name =~ "Digilent JTAG-HS1 210249855850"} -index 0
con
----------------End of Script----------------

21:11:02 INFO  : Launch script is exported to file 'E:\Project\Personal\PoseEstimation\ZYNQ\ZYNQ-Stereo-System\OV5640_Left\OV5640_display.sdk\.sdk\launch_scripts\xilinx_c-c++_application_(system_debugger)\system_debugger_using_debug_ov5640display.elf_on_local.tcl'
21:17:25 INFO  : Disconnected from the channel tcfchan#1.
10:47:43 INFO  : Registering command handlers for SDK TCF services
10:47:45 INFO  : Launching XSCT server: xsct.bat -interactive E:\Project\Personal\PoseEstimation\ZYNQ\ZYNQ-Stereo-System\OV5640_Left\OV5640_display.sdk\temp_xsdb_launch_script.tcl
10:47:48 INFO  : XSCT server has started successfully.
10:47:48 INFO  : Successfully done setting XSCT server connection channel  
10:47:48 INFO  : Successfully done setting SDK workspace  
10:47:48 INFO  : Processing command line option -hwspec E:/Project/Personal/PoseEstimation/ZYNQ/ZYNQ-Stereo-System/OV5640_Left/OV5640_display.sdk/system_wrapper.hdf.
10:47:48 INFO  : Checking for hwspec changes in the project system_wrapper_hw_platform_0.
10:47:55 INFO  : SDK has detected change in the last modified timestamps for source hardware specification file Source:1601347605209,  Project:1601298393724
10:47:55 INFO  : The hardware specification for project 'system_wrapper_hw_platform_0' is different from E:/Project/Personal/PoseEstimation/ZYNQ/ZYNQ-Stereo-System/OV5640_Left/OV5640_display.sdk/system_wrapper.hdf.
10:47:56 INFO  : Copied contents of E:/Project/Personal/PoseEstimation/ZYNQ/ZYNQ-Stereo-System/OV5640_Left/OV5640_display.sdk/system_wrapper.hdf into \system_wrapper_hw_platform_0\system.hdf.
10:48:07 INFO  : Synchronizing projects in the workspace with the hardware platform specification changes.
10:48:15 INFO  : 
10:48:16 INFO  : Updating hardware inferred compiler options for OV5640Display.
10:48:16 INFO  : Clearing existing target manager status.
14:18:17 INFO  : Connected to target on host '127.0.0.1' and port '3121'.
14:18:27 INFO  : ----------------XSDB Script----------------
connect -url tcp:127.0.0.1:3121
----------------End of Script----------------

14:18:52 INFO  : Connected to target on host '127.0.0.1' and port '3121'.
14:18:53 INFO  : Jtag cable 'Digilent JTAG-HS1 210249855850' is selected.
14:18:53 INFO  : 'jtag frequency' command is executed.
14:18:53 INFO  : Sourcing of 'E:/Project/Personal/PoseEstimation/ZYNQ/ZYNQ-Stereo-System/OV5640_Left/OV5640_display.sdk/system_wrapper_hw_platform_0/ps7_init.tcl' is done.
14:18:53 INFO  : Context for 'APU' is selected.
14:18:53 INFO  : System reset is completed.
14:18:56 INFO  : 'after 3000' command is executed.
14:18:56 INFO  : 'targets -set -filter {jtag_cable_name =~ "Digilent JTAG-HS1 210249855850" && level==0} -index 1' command is executed.
14:19:00 INFO  : FPGA configured successfully with bitstream "E:/Project/Personal/PoseEstimation/ZYNQ/ZYNQ-Stereo-System/OV5640_Left/OV5640_display.sdk/system_wrapper_hw_platform_0/system_wrapper.bit"
14:19:00 INFO  : Context for 'APU' is selected.
14:19:00 INFO  : Hardware design information is loaded from 'E:/Project/Personal/PoseEstimation/ZYNQ/ZYNQ-Stereo-System/OV5640_Left/OV5640_display.sdk/system_wrapper_hw_platform_0/system.hdf'.
14:19:00 INFO  : 'configparams force-mem-access 1' command is executed.
14:19:00 INFO  : Context for 'APU' is selected.
14:19:00 INFO  : 'ps7_init' command is executed.
14:19:01 INFO  : 'ps7_post_config' command is executed.
14:19:01 INFO  : Context for processor 'ps7_cortexa9_0' is selected.
14:19:01 INFO  : The application 'E:/Project/Personal/PoseEstimation/ZYNQ/ZYNQ-Stereo-System/OV5640_Left/OV5640_display.sdk/OV5640Display/Debug/OV5640Display.elf' is downloaded to processor 'ps7_cortexa9_0'.
14:19:01 INFO  : 'configparams force-mem-access 0' command is executed.
14:19:01 INFO  : ----------------XSDB Script----------------
connect -url tcp:127.0.0.1:3121
source E:/Project/Personal/PoseEstimation/ZYNQ/ZYNQ-Stereo-System/OV5640_Left/OV5640_display.sdk/system_wrapper_hw_platform_0/ps7_init.tcl
targets -set -nocase -filter {name =~"APU*" && jtag_cable_name =~ "Digilent JTAG-HS1 210249855850"} -index 0
rst -system
after 3000
targets -set -filter {jtag_cable_name =~ "Digilent JTAG-HS1 210249855850" && level==0} -index 1
fpga -file E:/Project/Personal/PoseEstimation/ZYNQ/ZYNQ-Stereo-System/OV5640_Left/OV5640_display.sdk/system_wrapper_hw_platform_0/system_wrapper.bit
targets -set -nocase -filter {name =~"APU*" && jtag_cable_name =~ "Digilent JTAG-HS1 210249855850"} -index 0
loadhw -hw E:/Project/Personal/PoseEstimation/ZYNQ/ZYNQ-Stereo-System/OV5640_Left/OV5640_display.sdk/system_wrapper_hw_platform_0/system.hdf -mem-ranges [list {0x40000000 0xbfffffff}]
configparams force-mem-access 1
targets -set -nocase -filter {name =~"APU*" && jtag_cable_name =~ "Digilent JTAG-HS1 210249855850"} -index 0
ps7_init
ps7_post_config
targets -set -nocase -filter {name =~ "ARM*#0" && jtag_cable_name =~ "Digilent JTAG-HS1 210249855850"} -index 0
dow E:/Project/Personal/PoseEstimation/ZYNQ/ZYNQ-Stereo-System/OV5640_Left/OV5640_display.sdk/OV5640Display/Debug/OV5640Display.elf
configparams force-mem-access 0
----------------End of Script----------------

14:19:01 INFO  : Memory regions updated for context APU
14:19:01 INFO  : Context for processor 'ps7_cortexa9_0' is selected.
14:19:01 INFO  : 'con' command is executed.
14:19:01 INFO  : ----------------XSDB Script (After Launch)----------------
targets -set -nocase -filter {name =~ "ARM*#0" && jtag_cable_name =~ "Digilent JTAG-HS1 210249855850"} -index 0
con
----------------End of Script----------------

14:19:01 INFO  : Launch script is exported to file 'E:\Project\Personal\PoseEstimation\ZYNQ\ZYNQ-Stereo-System\OV5640_Left\OV5640_display.sdk\.sdk\launch_scripts\xilinx_c-c++_application_(system_debugger)\system_debugger_using_debug_ov5640display.elf_on_local.tcl'
14:22:12 INFO  : Disconnected from the channel tcfchan#1.
14:22:13 INFO  : Connected to target on host '127.0.0.1' and port '3121'.
14:22:14 INFO  : Jtag cable 'Digilent JTAG-HS1 210249855850' is selected.
14:22:14 INFO  : 'jtag frequency' command is executed.
14:22:14 INFO  : Sourcing of 'E:/Project/Personal/PoseEstimation/ZYNQ/ZYNQ-Stereo-System/OV5640_Left/OV5640_display.sdk/system_wrapper_hw_platform_0/ps7_init.tcl' is done.
14:22:14 INFO  : Context for 'APU' is selected.
14:22:14 INFO  : System reset is completed.
14:22:17 INFO  : 'after 3000' command is executed.
14:22:17 INFO  : 'targets -set -filter {jtag_cable_name =~ "Digilent JTAG-HS1 210249855850" && level==0} -index 1' command is executed.
14:22:20 INFO  : FPGA configured successfully with bitstream "E:/Project/Personal/PoseEstimation/ZYNQ/ZYNQ-Stereo-System/OV5640_Left/OV5640_display.sdk/system_wrapper_hw_platform_0/system_wrapper.bit"
14:22:21 INFO  : Context for 'APU' is selected.
14:22:26 INFO  : Hardware design information is loaded from 'E:/Project/Personal/PoseEstimation/ZYNQ/ZYNQ-Stereo-System/OV5640_Left/OV5640_display.sdk/system_wrapper_hw_platform_0/system.hdf'.
14:22:26 INFO  : 'configparams force-mem-access 1' command is executed.
14:22:26 INFO  : Context for 'APU' is selected.
14:22:26 INFO  : 'ps7_init' command is executed.
14:22:26 INFO  : 'ps7_post_config' command is executed.
14:22:26 INFO  : Context for processor 'ps7_cortexa9_0' is selected.
14:22:27 INFO  : The application 'E:/Project/Personal/PoseEstimation/ZYNQ/ZYNQ-Stereo-System/OV5640_Left/OV5640_display.sdk/OV5640Display/Debug/OV5640Display.elf' is downloaded to processor 'ps7_cortexa9_0'.
14:22:27 INFO  : 'configparams force-mem-access 0' command is executed.
14:22:27 INFO  : ----------------XSDB Script----------------
connect -url tcp:127.0.0.1:3121
source E:/Project/Personal/PoseEstimation/ZYNQ/ZYNQ-Stereo-System/OV5640_Left/OV5640_display.sdk/system_wrapper_hw_platform_0/ps7_init.tcl
targets -set -nocase -filter {name =~"APU*" && jtag_cable_name =~ "Digilent JTAG-HS1 210249855850"} -index 0
rst -system
after 3000
targets -set -filter {jtag_cable_name =~ "Digilent JTAG-HS1 210249855850" && level==0} -index 1
fpga -file E:/Project/Personal/PoseEstimation/ZYNQ/ZYNQ-Stereo-System/OV5640_Left/OV5640_display.sdk/system_wrapper_hw_platform_0/system_wrapper.bit
targets -set -nocase -filter {name =~"APU*" && jtag_cable_name =~ "Digilent JTAG-HS1 210249855850"} -index 0
loadhw -hw E:/Project/Personal/PoseEstimation/ZYNQ/ZYNQ-Stereo-System/OV5640_Left/OV5640_display.sdk/system_wrapper_hw_platform_0/system.hdf -mem-ranges [list {0x40000000 0xbfffffff}]
configparams force-mem-access 1
targets -set -nocase -filter {name =~"APU*" && jtag_cable_name =~ "Digilent JTAG-HS1 210249855850"} -index 0
ps7_init
ps7_post_config
targets -set -nocase -filter {name =~ "ARM*#0" && jtag_cable_name =~ "Digilent JTAG-HS1 210249855850"} -index 0
dow E:/Project/Personal/PoseEstimation/ZYNQ/ZYNQ-Stereo-System/OV5640_Left/OV5640_display.sdk/OV5640Display/Debug/OV5640Display.elf
configparams force-mem-access 0
----------------End of Script----------------

14:22:27 INFO  : Memory regions updated for context APU
14:22:27 INFO  : Context for processor 'ps7_cortexa9_0' is selected.
14:22:27 INFO  : 'con' command is executed.
14:22:27 INFO  : ----------------XSDB Script (After Launch)----------------
targets -set -nocase -filter {name =~ "ARM*#0" && jtag_cable_name =~ "Digilent JTAG-HS1 210249855850"} -index 0
con
----------------End of Script----------------

14:22:27 INFO  : Launch script is exported to file 'E:\Project\Personal\PoseEstimation\ZYNQ\ZYNQ-Stereo-System\OV5640_Left\OV5640_display.sdk\.sdk\launch_scripts\xilinx_c-c++_application_(system_debugger)\system_debugger_using_debug_ov5640display.elf_on_local.tcl'
14:23:23 INFO  : Disconnected from the channel tcfchan#2.
14:23:24 INFO  : Connected to target on host '127.0.0.1' and port '3121'.
14:23:24 INFO  : Jtag cable 'Digilent JTAG-HS1 210249855850' is selected.
14:23:24 INFO  : 'jtag frequency' command is executed.
14:23:24 INFO  : Sourcing of 'E:/Project/Personal/PoseEstimation/ZYNQ/ZYNQ-Stereo-System/OV5640_Left/OV5640_display.sdk/system_wrapper_hw_platform_0/ps7_init.tcl' is done.
14:23:24 INFO  : Context for 'APU' is selected.
14:23:24 INFO  : System reset is completed.
14:23:27 INFO  : 'after 3000' command is executed.
14:23:27 INFO  : 'targets -set -filter {jtag_cable_name =~ "Digilent JTAG-HS1 210249855850" && level==0} -index 1' command is executed.
14:23:31 INFO  : FPGA configured successfully with bitstream "E:/Project/Personal/PoseEstimation/ZYNQ/ZYNQ-Stereo-System/OV5640_Left/OV5640_display.sdk/system_wrapper_hw_platform_0/system_wrapper.bit"
14:23:31 INFO  : Context for 'APU' is selected.
14:23:31 INFO  : Hardware design information is loaded from 'E:/Project/Personal/PoseEstimation/ZYNQ/ZYNQ-Stereo-System/OV5640_Left/OV5640_display.sdk/system_wrapper_hw_platform_0/system.hdf'.
14:23:31 INFO  : 'configparams force-mem-access 1' command is executed.
14:23:31 INFO  : Context for 'APU' is selected.
14:23:32 INFO  : 'ps7_init' command is executed.
14:23:32 INFO  : 'ps7_post_config' command is executed.
14:23:32 INFO  : Context for processor 'ps7_cortexa9_0' is selected.
14:23:32 INFO  : The application 'E:/Project/Personal/PoseEstimation/ZYNQ/ZYNQ-Stereo-System/OV5640_Left/OV5640_display.sdk/OV5640Display/Debug/OV5640Display.elf' is downloaded to processor 'ps7_cortexa9_0'.
14:23:32 INFO  : 'configparams force-mem-access 0' command is executed.
14:23:32 INFO  : ----------------XSDB Script----------------
connect -url tcp:127.0.0.1:3121
source E:/Project/Personal/PoseEstimation/ZYNQ/ZYNQ-Stereo-System/OV5640_Left/OV5640_display.sdk/system_wrapper_hw_platform_0/ps7_init.tcl
targets -set -nocase -filter {name =~"APU*" && jtag_cable_name =~ "Digilent JTAG-HS1 210249855850"} -index 0
rst -system
after 3000
targets -set -filter {jtag_cable_name =~ "Digilent JTAG-HS1 210249855850" && level==0} -index 1
fpga -file E:/Project/Personal/PoseEstimation/ZYNQ/ZYNQ-Stereo-System/OV5640_Left/OV5640_display.sdk/system_wrapper_hw_platform_0/system_wrapper.bit
targets -set -nocase -filter {name =~"APU*" && jtag_cable_name =~ "Digilent JTAG-HS1 210249855850"} -index 0
loadhw -hw E:/Project/Personal/PoseEstimation/ZYNQ/ZYNQ-Stereo-System/OV5640_Left/OV5640_display.sdk/system_wrapper_hw_platform_0/system.hdf -mem-ranges [list {0x40000000 0xbfffffff}]
configparams force-mem-access 1
targets -set -nocase -filter {name =~"APU*" && jtag_cable_name =~ "Digilent JTAG-HS1 210249855850"} -index 0
ps7_init
ps7_post_config
targets -set -nocase -filter {name =~ "ARM*#0" && jtag_cable_name =~ "Digilent JTAG-HS1 210249855850"} -index 0
dow E:/Project/Personal/PoseEstimation/ZYNQ/ZYNQ-Stereo-System/OV5640_Left/OV5640_display.sdk/OV5640Display/Debug/OV5640Display.elf
configparams force-mem-access 0
----------------End of Script----------------

14:23:32 INFO  : Memory regions updated for context APU
14:23:32 INFO  : Context for processor 'ps7_cortexa9_0' is selected.
14:23:32 INFO  : 'con' command is executed.
14:23:32 INFO  : ----------------XSDB Script (After Launch)----------------
targets -set -nocase -filter {name =~ "ARM*#0" && jtag_cable_name =~ "Digilent JTAG-HS1 210249855850"} -index 0
con
----------------End of Script----------------

14:23:32 INFO  : Launch script is exported to file 'E:\Project\Personal\PoseEstimation\ZYNQ\ZYNQ-Stereo-System\OV5640_Left\OV5640_display.sdk\.sdk\launch_scripts\xilinx_c-c++_application_(system_debugger)\system_debugger_using_debug_ov5640display.elf_on_local.tcl'
15:17:11 INFO  : Disconnected from the channel tcfchan#3.
15:17:12 INFO  : Connected to target on host '127.0.0.1' and port '3121'.
15:17:12 INFO  : Jtag cable 'Digilent JTAG-HS1 210249855850' is selected.
15:17:12 INFO  : 'jtag frequency' command is executed.
15:17:12 INFO  : Sourcing of 'E:/Project/Personal/PoseEstimation/ZYNQ/ZYNQ-Stereo-System/OV5640_Left/OV5640_display.sdk/system_wrapper_hw_platform_0/ps7_init.tcl' is done.
15:17:12 INFO  : Context for 'APU' is selected.
15:17:12 INFO  : System reset is completed.
15:17:15 INFO  : 'after 3000' command is executed.
15:17:16 INFO  : 'targets -set -filter {jtag_cable_name =~ "Digilent JTAG-HS1 210249855850" && level==0} -index 1' command is executed.
15:17:19 INFO  : FPGA configured successfully with bitstream "E:/Project/Personal/PoseEstimation/ZYNQ/ZYNQ-Stereo-System/OV5640_Left/OV5640_display.sdk/system_wrapper_hw_platform_0/system_wrapper.bit"
15:17:19 INFO  : Context for 'APU' is selected.
15:17:19 INFO  : Hardware design information is loaded from 'E:/Project/Personal/PoseEstimation/ZYNQ/ZYNQ-Stereo-System/OV5640_Left/OV5640_display.sdk/system_wrapper_hw_platform_0/system.hdf'.
15:17:19 INFO  : 'configparams force-mem-access 1' command is executed.
15:17:19 INFO  : Context for 'APU' is selected.
15:17:20 INFO  : 'ps7_init' command is executed.
15:17:20 INFO  : 'ps7_post_config' command is executed.
15:17:20 INFO  : Context for processor 'ps7_cortexa9_0' is selected.
15:17:20 INFO  : The application 'E:/Project/Personal/PoseEstimation/ZYNQ/ZYNQ-Stereo-System/OV5640_Left/OV5640_display.sdk/OV5640Display/Debug/OV5640Display.elf' is downloaded to processor 'ps7_cortexa9_0'.
15:17:20 INFO  : 'configparams force-mem-access 0' command is executed.
15:17:20 INFO  : ----------------XSDB Script----------------
connect -url tcp:127.0.0.1:3121
source E:/Project/Personal/PoseEstimation/ZYNQ/ZYNQ-Stereo-System/OV5640_Left/OV5640_display.sdk/system_wrapper_hw_platform_0/ps7_init.tcl
targets -set -nocase -filter {name =~"APU*" && jtag_cable_name =~ "Digilent JTAG-HS1 210249855850"} -index 0
rst -system
after 3000
targets -set -filter {jtag_cable_name =~ "Digilent JTAG-HS1 210249855850" && level==0} -index 1
fpga -file E:/Project/Personal/PoseEstimation/ZYNQ/ZYNQ-Stereo-System/OV5640_Left/OV5640_display.sdk/system_wrapper_hw_platform_0/system_wrapper.bit
targets -set -nocase -filter {name =~"APU*" && jtag_cable_name =~ "Digilent JTAG-HS1 210249855850"} -index 0
loadhw -hw E:/Project/Personal/PoseEstimation/ZYNQ/ZYNQ-Stereo-System/OV5640_Left/OV5640_display.sdk/system_wrapper_hw_platform_0/system.hdf -mem-ranges [list {0x40000000 0xbfffffff}]
configparams force-mem-access 1
targets -set -nocase -filter {name =~"APU*" && jtag_cable_name =~ "Digilent JTAG-HS1 210249855850"} -index 0
ps7_init
ps7_post_config
targets -set -nocase -filter {name =~ "ARM*#0" && jtag_cable_name =~ "Digilent JTAG-HS1 210249855850"} -index 0
dow E:/Project/Personal/PoseEstimation/ZYNQ/ZYNQ-Stereo-System/OV5640_Left/OV5640_display.sdk/OV5640Display/Debug/OV5640Display.elf
configparams force-mem-access 0
----------------End of Script----------------

15:17:20 INFO  : Memory regions updated for context APU
15:17:20 INFO  : Context for processor 'ps7_cortexa9_0' is selected.
15:17:20 INFO  : 'con' command is executed.
15:17:20 INFO  : ----------------XSDB Script (After Launch)----------------
targets -set -nocase -filter {name =~ "ARM*#0" && jtag_cable_name =~ "Digilent JTAG-HS1 210249855850"} -index 0
con
----------------End of Script----------------

15:17:20 INFO  : Launch script is exported to file 'E:\Project\Personal\PoseEstimation\ZYNQ\ZYNQ-Stereo-System\OV5640_Left\OV5640_display.sdk\.sdk\launch_scripts\xilinx_c-c++_application_(system_debugger)\system_debugger_using_debug_ov5640display.elf_on_local.tcl'
15:55:16 INFO  : Disconnected from the channel tcfchan#4.
15:56:22 INFO  : Registering command handlers for SDK TCF services
15:56:23 INFO  : Launching XSCT server: xsct.bat -interactive E:\Project\Personal\PoseEstimation\ZYNQ\ZYNQ-Stereo-System\OV5640_Left\OV5640_display.sdk\temp_xsdb_launch_script.tcl
15:56:29 INFO  : XSCT server has started successfully.
15:56:29 INFO  : Processing command line option -hwspec E:/Project/Personal/PoseEstimation/ZYNQ/ZYNQ-Stereo-System/OV5640_Left/OV5640_display.sdk/system_wrapper.hdf.
15:56:30 INFO  : Successfully done setting XSCT server connection channel  
15:56:30 INFO  : Successfully done setting SDK workspace  
15:56:30 INFO  : Checking for hwspec changes in the project system_wrapper_hw_platform_0.
15:56:37 INFO  : SDK has detected change in the last modified timestamps for source hardware specification file Source:1601365667742,  Project:1601347605209
15:56:37 INFO  : The hardware specification for project 'system_wrapper_hw_platform_0' is different from E:/Project/Personal/PoseEstimation/ZYNQ/ZYNQ-Stereo-System/OV5640_Left/OV5640_display.sdk/system_wrapper.hdf.
15:56:37 INFO  : Copied contents of E:/Project/Personal/PoseEstimation/ZYNQ/ZYNQ-Stereo-System/OV5640_Left/OV5640_display.sdk/system_wrapper.hdf into \system_wrapper_hw_platform_0\system.hdf.
15:56:47 INFO  : Synchronizing projects in the workspace with the hardware platform specification changes.
15:56:55 INFO  : 
15:56:56 INFO  : Updating hardware inferred compiler options for OV5640Display.
15:56:56 INFO  : Clearing existing target manager status.
16:06:46 INFO  : Connected to target on host '127.0.0.1' and port '3121'.
16:06:47 INFO  : Jtag cable 'Digilent JTAG-HS1 210249855850' is selected.
16:06:47 INFO  : 'jtag frequency' command is executed.
16:06:47 INFO  : Sourcing of 'E:/Project/Personal/PoseEstimation/ZYNQ/ZYNQ-Stereo-System/OV5640_Left/OV5640_display.sdk/system_wrapper_hw_platform_0/ps7_init.tcl' is done.
16:06:47 INFO  : Context for 'APU' is selected.
16:06:47 INFO  : System reset is completed.
16:06:50 INFO  : 'after 3000' command is executed.
16:06:50 INFO  : 'targets -set -filter {jtag_cable_name =~ "Digilent JTAG-HS1 210249855850" && level==0} -index 1' command is executed.
16:06:54 INFO  : FPGA configured successfully with bitstream "E:/Project/Personal/PoseEstimation/ZYNQ/ZYNQ-Stereo-System/OV5640_Left/OV5640_display.sdk/system_wrapper_hw_platform_0/system_wrapper.bit"
16:06:54 INFO  : Context for 'APU' is selected.
16:06:54 INFO  : Hardware design information is loaded from 'E:/Project/Personal/PoseEstimation/ZYNQ/ZYNQ-Stereo-System/OV5640_Left/OV5640_display.sdk/system_wrapper_hw_platform_0/system.hdf'.
16:06:54 INFO  : 'configparams force-mem-access 1' command is executed.
16:06:54 INFO  : Context for 'APU' is selected.
16:06:55 INFO  : 'ps7_init' command is executed.
16:06:55 INFO  : 'ps7_post_config' command is executed.
16:06:55 INFO  : Context for processor 'ps7_cortexa9_0' is selected.
16:06:56 INFO  : The application 'E:/Project/Personal/PoseEstimation/ZYNQ/ZYNQ-Stereo-System/OV5640_Left/OV5640_display.sdk/OV5640Display/Debug/OV5640Display.elf' is downloaded to processor 'ps7_cortexa9_0'.
16:06:56 INFO  : 'configparams force-mem-access 0' command is executed.
16:06:56 INFO  : ----------------XSDB Script----------------
connect -url tcp:127.0.0.1:3121
source E:/Project/Personal/PoseEstimation/ZYNQ/ZYNQ-Stereo-System/OV5640_Left/OV5640_display.sdk/system_wrapper_hw_platform_0/ps7_init.tcl
targets -set -nocase -filter {name =~"APU*" && jtag_cable_name =~ "Digilent JTAG-HS1 210249855850"} -index 0
rst -system
after 3000
targets -set -filter {jtag_cable_name =~ "Digilent JTAG-HS1 210249855850" && level==0} -index 1
fpga -file E:/Project/Personal/PoseEstimation/ZYNQ/ZYNQ-Stereo-System/OV5640_Left/OV5640_display.sdk/system_wrapper_hw_platform_0/system_wrapper.bit
targets -set -nocase -filter {name =~"APU*" && jtag_cable_name =~ "Digilent JTAG-HS1 210249855850"} -index 0
loadhw -hw E:/Project/Personal/PoseEstimation/ZYNQ/ZYNQ-Stereo-System/OV5640_Left/OV5640_display.sdk/system_wrapper_hw_platform_0/system.hdf -mem-ranges [list {0x40000000 0xbfffffff}]
configparams force-mem-access 1
targets -set -nocase -filter {name =~"APU*" && jtag_cable_name =~ "Digilent JTAG-HS1 210249855850"} -index 0
ps7_init
ps7_post_config
targets -set -nocase -filter {name =~ "ARM*#0" && jtag_cable_name =~ "Digilent JTAG-HS1 210249855850"} -index 0
dow E:/Project/Personal/PoseEstimation/ZYNQ/ZYNQ-Stereo-System/OV5640_Left/OV5640_display.sdk/OV5640Display/Debug/OV5640Display.elf
configparams force-mem-access 0
----------------End of Script----------------

16:06:56 INFO  : Memory regions updated for context APU
16:06:56 INFO  : Context for processor 'ps7_cortexa9_0' is selected.
16:06:56 INFO  : 'con' command is executed.
16:06:56 INFO  : ----------------XSDB Script (After Launch)----------------
targets -set -nocase -filter {name =~ "ARM*#0" && jtag_cable_name =~ "Digilent JTAG-HS1 210249855850"} -index 0
con
----------------End of Script----------------

16:06:56 INFO  : Launch script is exported to file 'E:\Project\Personal\PoseEstimation\ZYNQ\ZYNQ-Stereo-System\OV5640_Left\OV5640_display.sdk\.sdk\launch_scripts\xilinx_c-c++_application_(system_debugger)\system_debugger_using_debug_ov5640display.elf_on_local.tcl'
16:53:15 INFO  : Disconnected from the channel tcfchan#1.
16:54:30 INFO  : Registering command handlers for SDK TCF services
16:54:32 INFO  : Launching XSCT server: xsct.bat -interactive E:\Project\Personal\PoseEstimation\ZYNQ\ZYNQ-Stereo-System\OV5640_Left\OV5640_display.sdk\temp_xsdb_launch_script.tcl
16:54:38 INFO  : XSCT server has started successfully.
16:54:38 INFO  : Successfully done setting XSCT server connection channel  
16:54:39 INFO  : Processing command line option -hwspec E:/Project/Personal/PoseEstimation/ZYNQ/ZYNQ-Stereo-System/OV5640_Left/OV5640_display.sdk/system_wrapper.hdf.
16:54:39 INFO  : Successfully done setting SDK workspace  
16:54:51 INFO  : Checking for hwspec changes in the project system_wrapper_hw_platform_0.
16:54:52 INFO  : SDK has detected change in the last modified timestamps for source hardware specification file Source:1601368795244,  Project:1601365667742
16:54:52 INFO  : The hardware specification for project 'system_wrapper_hw_platform_0' is different from E:/Project/Personal/PoseEstimation/ZYNQ/ZYNQ-Stereo-System/OV5640_Left/OV5640_display.sdk/system_wrapper.hdf.
16:54:52 INFO  : Copied contents of E:/Project/Personal/PoseEstimation/ZYNQ/ZYNQ-Stereo-System/OV5640_Left/OV5640_display.sdk/system_wrapper.hdf into \system_wrapper_hw_platform_0\system.hdf.
16:55:03 INFO  : Synchronizing projects in the workspace with the hardware platform specification changes.
16:55:12 INFO  : 
16:55:13 INFO  : Updating hardware inferred compiler options for OV5640Display.
16:55:13 INFO  : Clearing existing target manager status.
16:55:13 INFO  : Closing and re-opening the MSS file of ther project OV5640Display_bsp
16:55:19 INFO  : Workspace synchronized with the new hardware specification file. Cleaning dependent projects...
16:55:24 WARN  : Linker script will not be updated automatically. Users need to update it manually.
17:01:30 INFO  : Connected to target on host '127.0.0.1' and port '3121'.
17:01:31 INFO  : Jtag cable 'Digilent JTAG-HS1 210249855850' is selected.
17:01:31 INFO  : 'jtag frequency' command is executed.
17:01:31 INFO  : Sourcing of 'E:/Project/Personal/PoseEstimation/ZYNQ/ZYNQ-Stereo-System/OV5640_Left/OV5640_display.sdk/system_wrapper_hw_platform_0/ps7_init.tcl' is done.
17:01:31 INFO  : Context for 'APU' is selected.
17:01:32 INFO  : System reset is completed.
17:01:35 INFO  : 'after 3000' command is executed.
17:01:35 INFO  : 'targets -set -filter {jtag_cable_name =~ "Digilent JTAG-HS1 210249855850" && level==0} -index 1' command is executed.
17:01:38 INFO  : FPGA configured successfully with bitstream "E:/Project/Personal/PoseEstimation/ZYNQ/ZYNQ-Stereo-System/OV5640_Left/OV5640_display.sdk/system_wrapper_hw_platform_0/system_wrapper.bit"
17:01:39 INFO  : Context for 'APU' is selected.
17:01:39 INFO  : Hardware design information is loaded from 'E:/Project/Personal/PoseEstimation/ZYNQ/ZYNQ-Stereo-System/OV5640_Left/OV5640_display.sdk/system_wrapper_hw_platform_0/system.hdf'.
17:01:39 INFO  : 'configparams force-mem-access 1' command is executed.
17:01:39 INFO  : Context for 'APU' is selected.
17:01:39 INFO  : 'ps7_init' command is executed.
17:01:39 INFO  : 'ps7_post_config' command is executed.
17:01:39 INFO  : Context for processor 'ps7_cortexa9_0' is selected.
17:01:40 INFO  : The application 'E:/Project/Personal/PoseEstimation/ZYNQ/ZYNQ-Stereo-System/OV5640_Left/OV5640_display.sdk/OV5640Display/Debug/OV5640Display.elf' is downloaded to processor 'ps7_cortexa9_0'.
17:01:40 INFO  : 'configparams force-mem-access 0' command is executed.
17:01:40 INFO  : ----------------XSDB Script----------------
connect -url tcp:127.0.0.1:3121
source E:/Project/Personal/PoseEstimation/ZYNQ/ZYNQ-Stereo-System/OV5640_Left/OV5640_display.sdk/system_wrapper_hw_platform_0/ps7_init.tcl
targets -set -nocase -filter {name =~"APU*" && jtag_cable_name =~ "Digilent JTAG-HS1 210249855850"} -index 0
rst -system
after 3000
targets -set -filter {jtag_cable_name =~ "Digilent JTAG-HS1 210249855850" && level==0} -index 1
fpga -file E:/Project/Personal/PoseEstimation/ZYNQ/ZYNQ-Stereo-System/OV5640_Left/OV5640_display.sdk/system_wrapper_hw_platform_0/system_wrapper.bit
targets -set -nocase -filter {name =~"APU*" && jtag_cable_name =~ "Digilent JTAG-HS1 210249855850"} -index 0
loadhw -hw E:/Project/Personal/PoseEstimation/ZYNQ/ZYNQ-Stereo-System/OV5640_Left/OV5640_display.sdk/system_wrapper_hw_platform_0/system.hdf -mem-ranges [list {0x40000000 0xbfffffff}]
configparams force-mem-access 1
targets -set -nocase -filter {name =~"APU*" && jtag_cable_name =~ "Digilent JTAG-HS1 210249855850"} -index 0
ps7_init
ps7_post_config
targets -set -nocase -filter {name =~ "ARM*#0" && jtag_cable_name =~ "Digilent JTAG-HS1 210249855850"} -index 0
dow E:/Project/Personal/PoseEstimation/ZYNQ/ZYNQ-Stereo-System/OV5640_Left/OV5640_display.sdk/OV5640Display/Debug/OV5640Display.elf
configparams force-mem-access 0
----------------End of Script----------------

17:01:40 INFO  : Memory regions updated for context APU
17:01:40 INFO  : Context for processor 'ps7_cortexa9_0' is selected.
17:01:40 INFO  : 'con' command is executed.
17:01:40 INFO  : ----------------XSDB Script (After Launch)----------------
targets -set -nocase -filter {name =~ "ARM*#0" && jtag_cable_name =~ "Digilent JTAG-HS1 210249855850"} -index 0
con
----------------End of Script----------------

17:01:40 INFO  : Launch script is exported to file 'E:\Project\Personal\PoseEstimation\ZYNQ\ZYNQ-Stereo-System\OV5640_Left\OV5640_display.sdk\.sdk\launch_scripts\xilinx_c-c++_application_(system_debugger)\system_debugger_using_debug_ov5640display.elf_on_local.tcl'
18:17:49 INFO  : Disconnected from the channel tcfchan#1.
10:05:28 INFO  : Registering command handlers for SDK TCF services
10:05:30 INFO  : Launching XSCT server: xsct.bat -interactive E:\Project\Personal\PoseEstimation\ZYNQ\ZYNQ-Stereo-System\OV5640_Left\OV5640_display.sdk\temp_xsdb_launch_script.tcl
10:05:34 INFO  : XSCT server has started successfully.
10:05:34 INFO  : Successfully done setting XSCT server connection channel  
10:05:35 INFO  : Successfully done setting SDK workspace  
10:05:35 INFO  : Processing command line option -hwspec E:/Project/Personal/PoseEstimation/ZYNQ/ZYNQ-Stereo-System/OV5640_Left/OV5640_display.sdk/system_wrapper.hdf.
10:05:35 INFO  : Checking for hwspec changes in the project system_wrapper_hw_platform_0.
10:39:34 INFO  : Registering command handlers for SDK TCF services
10:39:36 INFO  : Launching XSCT server: xsct.bat -interactive E:\Project\Personal\PoseEstimation\ZYNQ\ZYNQ-Stereo-System\OV5640_Left\OV5640_display.sdk\temp_xsdb_launch_script.tcl
10:39:41 INFO  : XSCT server has started successfully.
10:39:41 INFO  : Successfully done setting XSCT server connection channel  
10:39:41 INFO  : Successfully done setting SDK workspace  
10:39:41 INFO  : Processing command line option -hwspec E:/Project/Personal/PoseEstimation/ZYNQ/ZYNQ-Stereo-System/OV5640_Left/OV5640_display.sdk/system_wrapper.hdf.
10:39:42 INFO  : Checking for hwspec changes in the project system_wrapper_hw_platform_0.
10:43:58 INFO  : Connected to target on host '127.0.0.1' and port '3121'.
10:43:59 INFO  : Jtag cable 'Digilent JTAG-HS1 210249855850' is selected.
10:43:59 INFO  : 'jtag frequency' command is executed.
10:43:59 INFO  : Sourcing of 'E:/Project/Personal/PoseEstimation/ZYNQ/ZYNQ-Stereo-System/OV5640_Left/OV5640_display.sdk/system_wrapper_hw_platform_0/ps7_init.tcl' is done.
10:43:59 INFO  : Context for 'APU' is selected.
10:43:59 INFO  : System reset is completed.
10:44:02 INFO  : 'after 3000' command is executed.
10:44:02 INFO  : 'targets -set -filter {jtag_cable_name =~ "Digilent JTAG-HS1 210249855850" && level==0} -index 1' command is executed.
10:44:06 INFO  : FPGA configured successfully with bitstream "E:/Project/Personal/PoseEstimation/ZYNQ/ZYNQ-Stereo-System/OV5640_Left/OV5640_display.sdk/system_wrapper_hw_platform_0/system_wrapper.bit"
10:44:06 INFO  : Context for 'APU' is selected.
10:44:06 INFO  : Hardware design information is loaded from 'E:/Project/Personal/PoseEstimation/ZYNQ/ZYNQ-Stereo-System/OV5640_Left/OV5640_display.sdk/system_wrapper_hw_platform_0/system.hdf'.
10:44:06 INFO  : 'configparams force-mem-access 1' command is executed.
10:44:06 INFO  : Context for 'APU' is selected.
10:44:06 INFO  : 'ps7_init' command is executed.
10:44:06 INFO  : 'ps7_post_config' command is executed.
10:44:07 INFO  : Context for processor 'ps7_cortexa9_0' is selected.
10:44:07 INFO  : The application 'E:/Project/Personal/PoseEstimation/ZYNQ/ZYNQ-Stereo-System/OV5640_Left/OV5640_display.sdk/OV5640Display/Debug/OV5640Display.elf' is downloaded to processor 'ps7_cortexa9_0'.
10:44:07 INFO  : 'configparams force-mem-access 0' command is executed.
10:44:07 INFO  : ----------------XSDB Script----------------
connect -url tcp:127.0.0.1:3121
source E:/Project/Personal/PoseEstimation/ZYNQ/ZYNQ-Stereo-System/OV5640_Left/OV5640_display.sdk/system_wrapper_hw_platform_0/ps7_init.tcl
targets -set -nocase -filter {name =~"APU*" && jtag_cable_name =~ "Digilent JTAG-HS1 210249855850"} -index 0
rst -system
after 3000
targets -set -filter {jtag_cable_name =~ "Digilent JTAG-HS1 210249855850" && level==0} -index 1
fpga -file E:/Project/Personal/PoseEstimation/ZYNQ/ZYNQ-Stereo-System/OV5640_Left/OV5640_display.sdk/system_wrapper_hw_platform_0/system_wrapper.bit
targets -set -nocase -filter {name =~"APU*" && jtag_cable_name =~ "Digilent JTAG-HS1 210249855850"} -index 0
loadhw -hw E:/Project/Personal/PoseEstimation/ZYNQ/ZYNQ-Stereo-System/OV5640_Left/OV5640_display.sdk/system_wrapper_hw_platform_0/system.hdf -mem-ranges [list {0x40000000 0xbfffffff}]
configparams force-mem-access 1
targets -set -nocase -filter {name =~"APU*" && jtag_cable_name =~ "Digilent JTAG-HS1 210249855850"} -index 0
ps7_init
ps7_post_config
targets -set -nocase -filter {name =~ "ARM*#0" && jtag_cable_name =~ "Digilent JTAG-HS1 210249855850"} -index 0
dow E:/Project/Personal/PoseEstimation/ZYNQ/ZYNQ-Stereo-System/OV5640_Left/OV5640_display.sdk/OV5640Display/Debug/OV5640Display.elf
configparams force-mem-access 0
----------------End of Script----------------

10:44:07 INFO  : Memory regions updated for context APU
10:44:07 INFO  : Context for processor 'ps7_cortexa9_0' is selected.
10:44:08 INFO  : 'con' command is executed.
10:44:08 INFO  : ----------------XSDB Script (After Launch)----------------
targets -set -nocase -filter {name =~ "ARM*#0" && jtag_cable_name =~ "Digilent JTAG-HS1 210249855850"} -index 0
con
----------------End of Script----------------

10:44:08 INFO  : Launch script is exported to file 'E:\Project\Personal\PoseEstimation\ZYNQ\ZYNQ-Stereo-System\OV5640_Left\OV5640_display.sdk\.sdk\launch_scripts\xilinx_c-c++_application_(system_debugger)\system_debugger_using_debug_ov5640display.elf_on_local.tcl'
10:45:19 INFO  : Disconnected from the channel tcfchan#1.
10:45:20 INFO  : Connected to target on host '127.0.0.1' and port '3121'.
10:45:21 INFO  : Jtag cable 'Digilent JTAG-HS1 210249855850' is selected.
10:45:21 INFO  : 'jtag frequency' command is executed.
10:45:21 INFO  : Sourcing of 'E:/Project/Personal/PoseEstimation/ZYNQ/ZYNQ-Stereo-System/OV5640_Left/OV5640_display.sdk/system_wrapper_hw_platform_0/ps7_init.tcl' is done.
10:45:21 INFO  : Context for 'APU' is selected.
10:45:21 INFO  : System reset is completed.
10:45:24 INFO  : 'after 3000' command is executed.
10:45:24 INFO  : 'targets -set -filter {jtag_cable_name =~ "Digilent JTAG-HS1 210249855850" && level==0} -index 1' command is executed.
10:45:28 INFO  : FPGA configured successfully with bitstream "E:/Project/Personal/PoseEstimation/ZYNQ/ZYNQ-Stereo-System/OV5640_Left/OV5640_display.sdk/system_wrapper_hw_platform_0/system_wrapper.bit"
10:45:28 INFO  : Context for 'APU' is selected.
10:45:34 INFO  : Hardware design information is loaded from 'E:/Project/Personal/PoseEstimation/ZYNQ/ZYNQ-Stereo-System/OV5640_Left/OV5640_display.sdk/system_wrapper_hw_platform_0/system.hdf'.
10:45:34 INFO  : 'configparams force-mem-access 1' command is executed.
10:45:34 INFO  : Context for 'APU' is selected.
10:45:34 INFO  : 'ps7_init' command is executed.
10:45:34 INFO  : 'ps7_post_config' command is executed.
10:45:34 INFO  : Context for processor 'ps7_cortexa9_0' is selected.
10:45:35 INFO  : The application 'E:/Project/Personal/PoseEstimation/ZYNQ/ZYNQ-Stereo-System/OV5640_Left/OV5640_display.sdk/OV5640Display/Debug/OV5640Display.elf' is downloaded to processor 'ps7_cortexa9_0'.
10:45:35 INFO  : 'configparams force-mem-access 0' command is executed.
10:45:35 INFO  : ----------------XSDB Script----------------
connect -url tcp:127.0.0.1:3121
source E:/Project/Personal/PoseEstimation/ZYNQ/ZYNQ-Stereo-System/OV5640_Left/OV5640_display.sdk/system_wrapper_hw_platform_0/ps7_init.tcl
targets -set -nocase -filter {name =~"APU*" && jtag_cable_name =~ "Digilent JTAG-HS1 210249855850"} -index 0
rst -system
after 3000
targets -set -filter {jtag_cable_name =~ "Digilent JTAG-HS1 210249855850" && level==0} -index 1
fpga -file E:/Project/Personal/PoseEstimation/ZYNQ/ZYNQ-Stereo-System/OV5640_Left/OV5640_display.sdk/system_wrapper_hw_platform_0/system_wrapper.bit
targets -set -nocase -filter {name =~"APU*" && jtag_cable_name =~ "Digilent JTAG-HS1 210249855850"} -index 0
loadhw -hw E:/Project/Personal/PoseEstimation/ZYNQ/ZYNQ-Stereo-System/OV5640_Left/OV5640_display.sdk/system_wrapper_hw_platform_0/system.hdf -mem-ranges [list {0x40000000 0xbfffffff}]
configparams force-mem-access 1
targets -set -nocase -filter {name =~"APU*" && jtag_cable_name =~ "Digilent JTAG-HS1 210249855850"} -index 0
ps7_init
ps7_post_config
targets -set -nocase -filter {name =~ "ARM*#0" && jtag_cable_name =~ "Digilent JTAG-HS1 210249855850"} -index 0
dow E:/Project/Personal/PoseEstimation/ZYNQ/ZYNQ-Stereo-System/OV5640_Left/OV5640_display.sdk/OV5640Display/Debug/OV5640Display.elf
configparams force-mem-access 0
----------------End of Script----------------

10:45:35 INFO  : Memory regions updated for context APU
10:45:35 INFO  : Context for processor 'ps7_cortexa9_0' is selected.
10:45:35 INFO  : 'con' command is executed.
10:45:35 INFO  : ----------------XSDB Script (After Launch)----------------
targets -set -nocase -filter {name =~ "ARM*#0" && jtag_cable_name =~ "Digilent JTAG-HS1 210249855850"} -index 0
con
----------------End of Script----------------

10:45:35 INFO  : Launch script is exported to file 'E:\Project\Personal\PoseEstimation\ZYNQ\ZYNQ-Stereo-System\OV5640_Left\OV5640_display.sdk\.sdk\launch_scripts\xilinx_c-c++_application_(system_debugger)\system_debugger_using_debug_ov5640display.elf_on_local.tcl'
10:46:41 INFO  : Disconnected from the channel tcfchan#2.
10:46:42 INFO  : Connected to target on host '127.0.0.1' and port '3121'.
10:46:43 INFO  : Jtag cable 'Digilent JTAG-HS1 210249855850' is selected.
10:46:43 INFO  : 'jtag frequency' command is executed.
10:46:43 INFO  : Sourcing of 'E:/Project/Personal/PoseEstimation/ZYNQ/ZYNQ-Stereo-System/OV5640_Left/OV5640_display.sdk/system_wrapper_hw_platform_0/ps7_init.tcl' is done.
10:46:43 INFO  : Context for 'APU' is selected.
10:46:43 INFO  : System reset is completed.
10:46:46 INFO  : 'after 3000' command is executed.
10:46:46 INFO  : 'targets -set -filter {jtag_cable_name =~ "Digilent JTAG-HS1 210249855850" && level==0} -index 1' command is executed.
10:46:49 INFO  : FPGA configured successfully with bitstream "E:/Project/Personal/PoseEstimation/ZYNQ/ZYNQ-Stereo-System/OV5640_Left/OV5640_display.sdk/system_wrapper_hw_platform_0/system_wrapper.bit"
10:46:49 INFO  : Context for 'APU' is selected.
10:46:55 INFO  : Hardware design information is loaded from 'E:/Project/Personal/PoseEstimation/ZYNQ/ZYNQ-Stereo-System/OV5640_Left/OV5640_display.sdk/system_wrapper_hw_platform_0/system.hdf'.
10:46:55 INFO  : 'configparams force-mem-access 1' command is executed.
10:46:55 INFO  : Context for 'APU' is selected.
10:46:55 INFO  : 'ps7_init' command is executed.
10:46:55 INFO  : 'ps7_post_config' command is executed.
10:46:55 INFO  : Context for processor 'ps7_cortexa9_0' is selected.
10:46:56 INFO  : The application 'E:/Project/Personal/PoseEstimation/ZYNQ/ZYNQ-Stereo-System/OV5640_Left/OV5640_display.sdk/OV5640Display/Debug/OV5640Display.elf' is downloaded to processor 'ps7_cortexa9_0'.
10:46:56 INFO  : 'configparams force-mem-access 0' command is executed.
10:46:56 INFO  : ----------------XSDB Script----------------
connect -url tcp:127.0.0.1:3121
source E:/Project/Personal/PoseEstimation/ZYNQ/ZYNQ-Stereo-System/OV5640_Left/OV5640_display.sdk/system_wrapper_hw_platform_0/ps7_init.tcl
targets -set -nocase -filter {name =~"APU*" && jtag_cable_name =~ "Digilent JTAG-HS1 210249855850"} -index 0
rst -system
after 3000
targets -set -filter {jtag_cable_name =~ "Digilent JTAG-HS1 210249855850" && level==0} -index 1
fpga -file E:/Project/Personal/PoseEstimation/ZYNQ/ZYNQ-Stereo-System/OV5640_Left/OV5640_display.sdk/system_wrapper_hw_platform_0/system_wrapper.bit
targets -set -nocase -filter {name =~"APU*" && jtag_cable_name =~ "Digilent JTAG-HS1 210249855850"} -index 0
loadhw -hw E:/Project/Personal/PoseEstimation/ZYNQ/ZYNQ-Stereo-System/OV5640_Left/OV5640_display.sdk/system_wrapper_hw_platform_0/system.hdf -mem-ranges [list {0x40000000 0xbfffffff}]
configparams force-mem-access 1
targets -set -nocase -filter {name =~"APU*" && jtag_cable_name =~ "Digilent JTAG-HS1 210249855850"} -index 0
ps7_init
ps7_post_config
targets -set -nocase -filter {name =~ "ARM*#0" && jtag_cable_name =~ "Digilent JTAG-HS1 210249855850"} -index 0
dow E:/Project/Personal/PoseEstimation/ZYNQ/ZYNQ-Stereo-System/OV5640_Left/OV5640_display.sdk/OV5640Display/Debug/OV5640Display.elf
configparams force-mem-access 0
----------------End of Script----------------

10:46:56 INFO  : Memory regions updated for context APU
10:46:56 INFO  : Context for processor 'ps7_cortexa9_0' is selected.
10:46:56 INFO  : 'con' command is executed.
10:46:56 INFO  : ----------------XSDB Script (After Launch)----------------
targets -set -nocase -filter {name =~ "ARM*#0" && jtag_cable_name =~ "Digilent JTAG-HS1 210249855850"} -index 0
con
----------------End of Script----------------

10:46:56 INFO  : Launch script is exported to file 'E:\Project\Personal\PoseEstimation\ZYNQ\ZYNQ-Stereo-System\OV5640_Left\OV5640_display.sdk\.sdk\launch_scripts\xilinx_c-c++_application_(system_debugger)\system_debugger_using_debug_ov5640display.elf_on_local.tcl'
10:47:38 INFO  : Disconnected from the channel tcfchan#3.
10:47:39 INFO  : Connected to target on host '127.0.0.1' and port '3121'.
10:47:39 INFO  : Jtag cable 'Digilent JTAG-HS1 210249855850' is selected.
10:47:39 INFO  : 'jtag frequency' command is executed.
10:47:39 INFO  : Sourcing of 'E:/Project/Personal/PoseEstimation/ZYNQ/ZYNQ-Stereo-System/OV5640_Left/OV5640_display.sdk/system_wrapper_hw_platform_0/ps7_init.tcl' is done.
10:47:40 INFO  : Context for 'APU' is selected.
10:47:40 INFO  : System reset is completed.
10:47:43 INFO  : 'after 3000' command is executed.
10:47:43 INFO  : 'targets -set -filter {jtag_cable_name =~ "Digilent JTAG-HS1 210249855850" && level==0} -index 1' command is executed.
10:47:46 INFO  : FPGA configured successfully with bitstream "E:/Project/Personal/PoseEstimation/ZYNQ/ZYNQ-Stereo-System/OV5640_Left/OV5640_display.sdk/system_wrapper_hw_platform_0/system_wrapper.bit"
10:47:46 INFO  : Context for 'APU' is selected.
10:47:52 INFO  : Hardware design information is loaded from 'E:/Project/Personal/PoseEstimation/ZYNQ/ZYNQ-Stereo-System/OV5640_Left/OV5640_display.sdk/system_wrapper_hw_platform_0/system.hdf'.
10:47:52 INFO  : 'configparams force-mem-access 1' command is executed.
10:47:52 INFO  : Context for 'APU' is selected.
10:47:52 INFO  : 'ps7_init' command is executed.
10:47:52 INFO  : 'ps7_post_config' command is executed.
10:47:52 INFO  : Context for processor 'ps7_cortexa9_0' is selected.
10:47:53 INFO  : The application 'E:/Project/Personal/PoseEstimation/ZYNQ/ZYNQ-Stereo-System/OV5640_Left/OV5640_display.sdk/OV5640Display/Debug/OV5640Display.elf' is downloaded to processor 'ps7_cortexa9_0'.
10:47:53 INFO  : 'configparams force-mem-access 0' command is executed.
10:47:53 INFO  : ----------------XSDB Script----------------
connect -url tcp:127.0.0.1:3121
source E:/Project/Personal/PoseEstimation/ZYNQ/ZYNQ-Stereo-System/OV5640_Left/OV5640_display.sdk/system_wrapper_hw_platform_0/ps7_init.tcl
targets -set -nocase -filter {name =~"APU*" && jtag_cable_name =~ "Digilent JTAG-HS1 210249855850"} -index 0
rst -system
after 3000
targets -set -filter {jtag_cable_name =~ "Digilent JTAG-HS1 210249855850" && level==0} -index 1
fpga -file E:/Project/Personal/PoseEstimation/ZYNQ/ZYNQ-Stereo-System/OV5640_Left/OV5640_display.sdk/system_wrapper_hw_platform_0/system_wrapper.bit
targets -set -nocase -filter {name =~"APU*" && jtag_cable_name =~ "Digilent JTAG-HS1 210249855850"} -index 0
loadhw -hw E:/Project/Personal/PoseEstimation/ZYNQ/ZYNQ-Stereo-System/OV5640_Left/OV5640_display.sdk/system_wrapper_hw_platform_0/system.hdf -mem-ranges [list {0x40000000 0xbfffffff}]
configparams force-mem-access 1
targets -set -nocase -filter {name =~"APU*" && jtag_cable_name =~ "Digilent JTAG-HS1 210249855850"} -index 0
ps7_init
ps7_post_config
targets -set -nocase -filter {name =~ "ARM*#0" && jtag_cable_name =~ "Digilent JTAG-HS1 210249855850"} -index 0
dow E:/Project/Personal/PoseEstimation/ZYNQ/ZYNQ-Stereo-System/OV5640_Left/OV5640_display.sdk/OV5640Display/Debug/OV5640Display.elf
configparams force-mem-access 0
----------------End of Script----------------

10:47:53 INFO  : Memory regions updated for context APU
10:47:53 INFO  : Context for processor 'ps7_cortexa9_0' is selected.
10:47:53 INFO  : 'con' command is executed.
10:47:53 INFO  : ----------------XSDB Script (After Launch)----------------
targets -set -nocase -filter {name =~ "ARM*#0" && jtag_cable_name =~ "Digilent JTAG-HS1 210249855850"} -index 0
con
----------------End of Script----------------

10:47:53 INFO  : Launch script is exported to file 'E:\Project\Personal\PoseEstimation\ZYNQ\ZYNQ-Stereo-System\OV5640_Left\OV5640_display.sdk\.sdk\launch_scripts\xilinx_c-c++_application_(system_debugger)\system_debugger_using_debug_ov5640display.elf_on_local.tcl'
10:48:47 INFO  : Disconnected from the channel tcfchan#4.
10:48:48 INFO  : Connected to target on host '127.0.0.1' and port '3121'.
10:48:49 INFO  : Jtag cable 'Digilent JTAG-HS1 210249855850' is selected.
10:48:49 INFO  : 'jtag frequency' command is executed.
10:48:49 INFO  : Sourcing of 'E:/Project/Personal/PoseEstimation/ZYNQ/ZYNQ-Stereo-System/OV5640_Left/OV5640_display.sdk/system_wrapper_hw_platform_0/ps7_init.tcl' is done.
10:48:49 INFO  : Context for 'APU' is selected.
10:48:49 INFO  : System reset is completed.
10:48:52 INFO  : 'after 3000' command is executed.
10:48:52 INFO  : 'targets -set -filter {jtag_cable_name =~ "Digilent JTAG-HS1 210249855850" && level==0} -index 1' command is executed.
10:48:55 INFO  : FPGA configured successfully with bitstream "E:/Project/Personal/PoseEstimation/ZYNQ/ZYNQ-Stereo-System/OV5640_Left/OV5640_display.sdk/system_wrapper_hw_platform_0/system_wrapper.bit"
10:48:55 INFO  : Context for 'APU' is selected.
10:49:01 INFO  : Hardware design information is loaded from 'E:/Project/Personal/PoseEstimation/ZYNQ/ZYNQ-Stereo-System/OV5640_Left/OV5640_display.sdk/system_wrapper_hw_platform_0/system.hdf'.
10:49:01 INFO  : 'configparams force-mem-access 1' command is executed.
10:49:01 INFO  : Context for 'APU' is selected.
10:49:01 INFO  : 'ps7_init' command is executed.
10:49:01 INFO  : 'ps7_post_config' command is executed.
10:49:01 INFO  : Context for processor 'ps7_cortexa9_0' is selected.
10:49:02 INFO  : The application 'E:/Project/Personal/PoseEstimation/ZYNQ/ZYNQ-Stereo-System/OV5640_Left/OV5640_display.sdk/OV5640Display/Debug/OV5640Display.elf' is downloaded to processor 'ps7_cortexa9_0'.
10:49:02 INFO  : 'configparams force-mem-access 0' command is executed.
10:49:02 INFO  : ----------------XSDB Script----------------
connect -url tcp:127.0.0.1:3121
source E:/Project/Personal/PoseEstimation/ZYNQ/ZYNQ-Stereo-System/OV5640_Left/OV5640_display.sdk/system_wrapper_hw_platform_0/ps7_init.tcl
targets -set -nocase -filter {name =~"APU*" && jtag_cable_name =~ "Digilent JTAG-HS1 210249855850"} -index 0
rst -system
after 3000
targets -set -filter {jtag_cable_name =~ "Digilent JTAG-HS1 210249855850" && level==0} -index 1
fpga -file E:/Project/Personal/PoseEstimation/ZYNQ/ZYNQ-Stereo-System/OV5640_Left/OV5640_display.sdk/system_wrapper_hw_platform_0/system_wrapper.bit
targets -set -nocase -filter {name =~"APU*" && jtag_cable_name =~ "Digilent JTAG-HS1 210249855850"} -index 0
loadhw -hw E:/Project/Personal/PoseEstimation/ZYNQ/ZYNQ-Stereo-System/OV5640_Left/OV5640_display.sdk/system_wrapper_hw_platform_0/system.hdf -mem-ranges [list {0x40000000 0xbfffffff}]
configparams force-mem-access 1
targets -set -nocase -filter {name =~"APU*" && jtag_cable_name =~ "Digilent JTAG-HS1 210249855850"} -index 0
ps7_init
ps7_post_config
targets -set -nocase -filter {name =~ "ARM*#0" && jtag_cable_name =~ "Digilent JTAG-HS1 210249855850"} -index 0
dow E:/Project/Personal/PoseEstimation/ZYNQ/ZYNQ-Stereo-System/OV5640_Left/OV5640_display.sdk/OV5640Display/Debug/OV5640Display.elf
configparams force-mem-access 0
----------------End of Script----------------

10:49:02 INFO  : Memory regions updated for context APU
10:49:02 INFO  : Context for processor 'ps7_cortexa9_0' is selected.
10:49:02 INFO  : 'con' command is executed.
10:49:02 INFO  : ----------------XSDB Script (After Launch)----------------
targets -set -nocase -filter {name =~ "ARM*#0" && jtag_cable_name =~ "Digilent JTAG-HS1 210249855850"} -index 0
con
----------------End of Script----------------

10:49:02 INFO  : Launch script is exported to file 'E:\Project\Personal\PoseEstimation\ZYNQ\ZYNQ-Stereo-System\OV5640_Left\OV5640_display.sdk\.sdk\launch_scripts\xilinx_c-c++_application_(system_debugger)\system_debugger_using_debug_ov5640display.elf_on_local.tcl'
10:50:03 INFO  : Disconnected from the channel tcfchan#5.
10:50:04 INFO  : Connected to target on host '127.0.0.1' and port '3121'.
10:50:05 INFO  : Jtag cable 'Digilent JTAG-HS1 210249855850' is selected.
10:50:05 INFO  : 'jtag frequency' command is executed.
10:50:05 INFO  : Sourcing of 'E:/Project/Personal/PoseEstimation/ZYNQ/ZYNQ-Stereo-System/OV5640_Left/OV5640_display.sdk/system_wrapper_hw_platform_0/ps7_init.tcl' is done.
10:50:05 INFO  : Context for 'APU' is selected.
10:50:05 INFO  : System reset is completed.
10:50:08 INFO  : 'after 3000' command is executed.
10:50:08 INFO  : 'targets -set -filter {jtag_cable_name =~ "Digilent JTAG-HS1 210249855850" && level==0} -index 1' command is executed.
10:50:11 INFO  : FPGA configured successfully with bitstream "E:/Project/Personal/PoseEstimation/ZYNQ/ZYNQ-Stereo-System/OV5640_Left/OV5640_display.sdk/system_wrapper_hw_platform_0/system_wrapper.bit"
10:50:11 INFO  : Context for 'APU' is selected.
10:50:16 INFO  : Hardware design information is loaded from 'E:/Project/Personal/PoseEstimation/ZYNQ/ZYNQ-Stereo-System/OV5640_Left/OV5640_display.sdk/system_wrapper_hw_platform_0/system.hdf'.
10:50:16 INFO  : 'configparams force-mem-access 1' command is executed.
10:50:17 INFO  : Context for 'APU' is selected.
10:50:17 INFO  : 'ps7_init' command is executed.
10:50:17 INFO  : 'ps7_post_config' command is executed.
10:50:17 INFO  : Context for processor 'ps7_cortexa9_0' is selected.
10:50:18 INFO  : The application 'E:/Project/Personal/PoseEstimation/ZYNQ/ZYNQ-Stereo-System/OV5640_Left/OV5640_display.sdk/OV5640Display/Debug/OV5640Display.elf' is downloaded to processor 'ps7_cortexa9_0'.
10:50:18 INFO  : 'configparams force-mem-access 0' command is executed.
10:50:18 INFO  : ----------------XSDB Script----------------
connect -url tcp:127.0.0.1:3121
source E:/Project/Personal/PoseEstimation/ZYNQ/ZYNQ-Stereo-System/OV5640_Left/OV5640_display.sdk/system_wrapper_hw_platform_0/ps7_init.tcl
targets -set -nocase -filter {name =~"APU*" && jtag_cable_name =~ "Digilent JTAG-HS1 210249855850"} -index 0
rst -system
after 3000
targets -set -filter {jtag_cable_name =~ "Digilent JTAG-HS1 210249855850" && level==0} -index 1
fpga -file E:/Project/Personal/PoseEstimation/ZYNQ/ZYNQ-Stereo-System/OV5640_Left/OV5640_display.sdk/system_wrapper_hw_platform_0/system_wrapper.bit
targets -set -nocase -filter {name =~"APU*" && jtag_cable_name =~ "Digilent JTAG-HS1 210249855850"} -index 0
loadhw -hw E:/Project/Personal/PoseEstimation/ZYNQ/ZYNQ-Stereo-System/OV5640_Left/OV5640_display.sdk/system_wrapper_hw_platform_0/system.hdf -mem-ranges [list {0x40000000 0xbfffffff}]
configparams force-mem-access 1
targets -set -nocase -filter {name =~"APU*" && jtag_cable_name =~ "Digilent JTAG-HS1 210249855850"} -index 0
ps7_init
ps7_post_config
targets -set -nocase -filter {name =~ "ARM*#0" && jtag_cable_name =~ "Digilent JTAG-HS1 210249855850"} -index 0
dow E:/Project/Personal/PoseEstimation/ZYNQ/ZYNQ-Stereo-System/OV5640_Left/OV5640_display.sdk/OV5640Display/Debug/OV5640Display.elf
configparams force-mem-access 0
----------------End of Script----------------

10:50:18 INFO  : Memory regions updated for context APU
10:50:18 INFO  : Context for processor 'ps7_cortexa9_0' is selected.
10:50:18 INFO  : 'con' command is executed.
10:50:18 INFO  : ----------------XSDB Script (After Launch)----------------
targets -set -nocase -filter {name =~ "ARM*#0" && jtag_cable_name =~ "Digilent JTAG-HS1 210249855850"} -index 0
con
----------------End of Script----------------

10:50:18 INFO  : Launch script is exported to file 'E:\Project\Personal\PoseEstimation\ZYNQ\ZYNQ-Stereo-System\OV5640_Left\OV5640_display.sdk\.sdk\launch_scripts\xilinx_c-c++_application_(system_debugger)\system_debugger_using_debug_ov5640display.elf_on_local.tcl'
10:50:56 INFO  : Disconnected from the channel tcfchan#6.
10:50:57 INFO  : Connected to target on host '127.0.0.1' and port '3121'.
10:50:57 INFO  : Jtag cable 'Digilent JTAG-HS1 210249855850' is selected.
10:50:57 INFO  : 'jtag frequency' command is executed.
10:50:57 INFO  : Sourcing of 'E:/Project/Personal/PoseEstimation/ZYNQ/ZYNQ-Stereo-System/OV5640_Left/OV5640_display.sdk/system_wrapper_hw_platform_0/ps7_init.tcl' is done.
10:50:57 INFO  : Context for 'APU' is selected.
10:50:57 INFO  : System reset is completed.
10:51:00 INFO  : 'after 3000' command is executed.
10:51:00 INFO  : 'targets -set -filter {jtag_cable_name =~ "Digilent JTAG-HS1 210249855850" && level==0} -index 1' command is executed.
10:51:04 INFO  : FPGA configured successfully with bitstream "E:/Project/Personal/PoseEstimation/ZYNQ/ZYNQ-Stereo-System/OV5640_Left/OV5640_display.sdk/system_wrapper_hw_platform_0/system_wrapper.bit"
10:51:04 INFO  : Context for 'APU' is selected.
10:51:09 INFO  : Hardware design information is loaded from 'E:/Project/Personal/PoseEstimation/ZYNQ/ZYNQ-Stereo-System/OV5640_Left/OV5640_display.sdk/system_wrapper_hw_platform_0/system.hdf'.
10:51:09 INFO  : 'configparams force-mem-access 1' command is executed.
10:51:09 INFO  : Context for 'APU' is selected.
10:51:09 INFO  : 'ps7_init' command is executed.
10:51:10 INFO  : 'ps7_post_config' command is executed.
10:51:10 INFO  : Context for processor 'ps7_cortexa9_0' is selected.
10:51:10 INFO  : The application 'E:/Project/Personal/PoseEstimation/ZYNQ/ZYNQ-Stereo-System/OV5640_Left/OV5640_display.sdk/OV5640Display/Debug/OV5640Display.elf' is downloaded to processor 'ps7_cortexa9_0'.
10:51:10 INFO  : 'configparams force-mem-access 0' command is executed.
10:51:10 INFO  : ----------------XSDB Script----------------
connect -url tcp:127.0.0.1:3121
source E:/Project/Personal/PoseEstimation/ZYNQ/ZYNQ-Stereo-System/OV5640_Left/OV5640_display.sdk/system_wrapper_hw_platform_0/ps7_init.tcl
targets -set -nocase -filter {name =~"APU*" && jtag_cable_name =~ "Digilent JTAG-HS1 210249855850"} -index 0
rst -system
after 3000
targets -set -filter {jtag_cable_name =~ "Digilent JTAG-HS1 210249855850" && level==0} -index 1
fpga -file E:/Project/Personal/PoseEstimation/ZYNQ/ZYNQ-Stereo-System/OV5640_Left/OV5640_display.sdk/system_wrapper_hw_platform_0/system_wrapper.bit
targets -set -nocase -filter {name =~"APU*" && jtag_cable_name =~ "Digilent JTAG-HS1 210249855850"} -index 0
loadhw -hw E:/Project/Personal/PoseEstimation/ZYNQ/ZYNQ-Stereo-System/OV5640_Left/OV5640_display.sdk/system_wrapper_hw_platform_0/system.hdf -mem-ranges [list {0x40000000 0xbfffffff}]
configparams force-mem-access 1
targets -set -nocase -filter {name =~"APU*" && jtag_cable_name =~ "Digilent JTAG-HS1 210249855850"} -index 0
ps7_init
ps7_post_config
targets -set -nocase -filter {name =~ "ARM*#0" && jtag_cable_name =~ "Digilent JTAG-HS1 210249855850"} -index 0
dow E:/Project/Personal/PoseEstimation/ZYNQ/ZYNQ-Stereo-System/OV5640_Left/OV5640_display.sdk/OV5640Display/Debug/OV5640Display.elf
configparams force-mem-access 0
----------------End of Script----------------

10:51:10 INFO  : Memory regions updated for context APU
10:51:10 INFO  : Context for processor 'ps7_cortexa9_0' is selected.
10:51:10 INFO  : 'con' command is executed.
10:51:10 INFO  : ----------------XSDB Script (After Launch)----------------
targets -set -nocase -filter {name =~ "ARM*#0" && jtag_cable_name =~ "Digilent JTAG-HS1 210249855850"} -index 0
con
----------------End of Script----------------

10:51:10 INFO  : Launch script is exported to file 'E:\Project\Personal\PoseEstimation\ZYNQ\ZYNQ-Stereo-System\OV5640_Left\OV5640_display.sdk\.sdk\launch_scripts\xilinx_c-c++_application_(system_debugger)\system_debugger_using_debug_ov5640display.elf_on_local.tcl'
10:52:02 INFO  : Disconnected from the channel tcfchan#7.
10:52:03 INFO  : Connected to target on host '127.0.0.1' and port '3121'.
10:52:03 INFO  : Jtag cable 'Digilent JTAG-HS1 210249855850' is selected.
10:52:03 INFO  : 'jtag frequency' command is executed.
10:52:03 INFO  : Sourcing of 'E:/Project/Personal/PoseEstimation/ZYNQ/ZYNQ-Stereo-System/OV5640_Left/OV5640_display.sdk/system_wrapper_hw_platform_0/ps7_init.tcl' is done.
10:52:03 INFO  : Context for 'APU' is selected.
10:52:03 INFO  : System reset is completed.
10:52:06 INFO  : 'after 3000' command is executed.
10:52:06 INFO  : 'targets -set -filter {jtag_cable_name =~ "Digilent JTAG-HS1 210249855850" && level==0} -index 1' command is executed.
10:52:10 INFO  : FPGA configured successfully with bitstream "E:/Project/Personal/PoseEstimation/ZYNQ/ZYNQ-Stereo-System/OV5640_Left/OV5640_display.sdk/system_wrapper_hw_platform_0/system_wrapper.bit"
10:52:10 INFO  : Context for 'APU' is selected.
10:52:15 INFO  : Hardware design information is loaded from 'E:/Project/Personal/PoseEstimation/ZYNQ/ZYNQ-Stereo-System/OV5640_Left/OV5640_display.sdk/system_wrapper_hw_platform_0/system.hdf'.
10:52:15 INFO  : 'configparams force-mem-access 1' command is executed.
10:52:15 INFO  : Context for 'APU' is selected.
10:52:15 INFO  : 'ps7_init' command is executed.
10:52:15 INFO  : 'ps7_post_config' command is executed.
10:52:15 INFO  : Context for processor 'ps7_cortexa9_0' is selected.
10:52:16 INFO  : The application 'E:/Project/Personal/PoseEstimation/ZYNQ/ZYNQ-Stereo-System/OV5640_Left/OV5640_display.sdk/OV5640Display/Debug/OV5640Display.elf' is downloaded to processor 'ps7_cortexa9_0'.
10:52:16 INFO  : 'configparams force-mem-access 0' command is executed.
10:52:16 INFO  : ----------------XSDB Script----------------
connect -url tcp:127.0.0.1:3121
source E:/Project/Personal/PoseEstimation/ZYNQ/ZYNQ-Stereo-System/OV5640_Left/OV5640_display.sdk/system_wrapper_hw_platform_0/ps7_init.tcl
targets -set -nocase -filter {name =~"APU*" && jtag_cable_name =~ "Digilent JTAG-HS1 210249855850"} -index 0
rst -system
after 3000
targets -set -filter {jtag_cable_name =~ "Digilent JTAG-HS1 210249855850" && level==0} -index 1
fpga -file E:/Project/Personal/PoseEstimation/ZYNQ/ZYNQ-Stereo-System/OV5640_Left/OV5640_display.sdk/system_wrapper_hw_platform_0/system_wrapper.bit
targets -set -nocase -filter {name =~"APU*" && jtag_cable_name =~ "Digilent JTAG-HS1 210249855850"} -index 0
loadhw -hw E:/Project/Personal/PoseEstimation/ZYNQ/ZYNQ-Stereo-System/OV5640_Left/OV5640_display.sdk/system_wrapper_hw_platform_0/system.hdf -mem-ranges [list {0x40000000 0xbfffffff}]
configparams force-mem-access 1
targets -set -nocase -filter {name =~"APU*" && jtag_cable_name =~ "Digilent JTAG-HS1 210249855850"} -index 0
ps7_init
ps7_post_config
targets -set -nocase -filter {name =~ "ARM*#0" && jtag_cable_name =~ "Digilent JTAG-HS1 210249855850"} -index 0
dow E:/Project/Personal/PoseEstimation/ZYNQ/ZYNQ-Stereo-System/OV5640_Left/OV5640_display.sdk/OV5640Display/Debug/OV5640Display.elf
configparams force-mem-access 0
----------------End of Script----------------

10:52:16 INFO  : Memory regions updated for context APU
10:52:16 INFO  : Context for processor 'ps7_cortexa9_0' is selected.
10:52:16 INFO  : 'con' command is executed.
10:52:16 INFO  : ----------------XSDB Script (After Launch)----------------
targets -set -nocase -filter {name =~ "ARM*#0" && jtag_cable_name =~ "Digilent JTAG-HS1 210249855850"} -index 0
con
----------------End of Script----------------

10:52:16 INFO  : Launch script is exported to file 'E:\Project\Personal\PoseEstimation\ZYNQ\ZYNQ-Stereo-System\OV5640_Left\OV5640_display.sdk\.sdk\launch_scripts\xilinx_c-c++_application_(system_debugger)\system_debugger_using_debug_ov5640display.elf_on_local.tcl'
10:52:48 INFO  : Disconnected from the channel tcfchan#8.
10:52:49 INFO  : Connected to target on host '127.0.0.1' and port '3121'.
10:52:50 INFO  : Jtag cable 'Digilent JTAG-HS1 210249855850' is selected.
10:52:50 INFO  : 'jtag frequency' command is executed.
10:52:50 INFO  : Sourcing of 'E:/Project/Personal/PoseEstimation/ZYNQ/ZYNQ-Stereo-System/OV5640_Left/OV5640_display.sdk/system_wrapper_hw_platform_0/ps7_init.tcl' is done.
10:52:50 INFO  : Context for 'APU' is selected.
10:52:50 INFO  : System reset is completed.
10:52:53 INFO  : 'after 3000' command is executed.
10:52:53 INFO  : 'targets -set -filter {jtag_cable_name =~ "Digilent JTAG-HS1 210249855850" && level==0} -index 1' command is executed.
10:52:56 INFO  : FPGA configured successfully with bitstream "E:/Project/Personal/PoseEstimation/ZYNQ/ZYNQ-Stereo-System/OV5640_Left/OV5640_display.sdk/system_wrapper_hw_platform_0/system_wrapper.bit"
10:52:57 INFO  : Context for 'APU' is selected.
10:53:02 INFO  : Hardware design information is loaded from 'E:/Project/Personal/PoseEstimation/ZYNQ/ZYNQ-Stereo-System/OV5640_Left/OV5640_display.sdk/system_wrapper_hw_platform_0/system.hdf'.
10:53:02 INFO  : 'configparams force-mem-access 1' command is executed.
10:53:02 INFO  : Context for 'APU' is selected.
10:53:02 INFO  : 'ps7_init' command is executed.
10:53:02 INFO  : 'ps7_post_config' command is executed.
10:53:02 INFO  : Context for processor 'ps7_cortexa9_0' is selected.
10:53:03 INFO  : The application 'E:/Project/Personal/PoseEstimation/ZYNQ/ZYNQ-Stereo-System/OV5640_Left/OV5640_display.sdk/OV5640Display/Debug/OV5640Display.elf' is downloaded to processor 'ps7_cortexa9_0'.
10:53:03 INFO  : 'configparams force-mem-access 0' command is executed.
10:53:03 INFO  : ----------------XSDB Script----------------
connect -url tcp:127.0.0.1:3121
source E:/Project/Personal/PoseEstimation/ZYNQ/ZYNQ-Stereo-System/OV5640_Left/OV5640_display.sdk/system_wrapper_hw_platform_0/ps7_init.tcl
targets -set -nocase -filter {name =~"APU*" && jtag_cable_name =~ "Digilent JTAG-HS1 210249855850"} -index 0
rst -system
after 3000
targets -set -filter {jtag_cable_name =~ "Digilent JTAG-HS1 210249855850" && level==0} -index 1
fpga -file E:/Project/Personal/PoseEstimation/ZYNQ/ZYNQ-Stereo-System/OV5640_Left/OV5640_display.sdk/system_wrapper_hw_platform_0/system_wrapper.bit
targets -set -nocase -filter {name =~"APU*" && jtag_cable_name =~ "Digilent JTAG-HS1 210249855850"} -index 0
loadhw -hw E:/Project/Personal/PoseEstimation/ZYNQ/ZYNQ-Stereo-System/OV5640_Left/OV5640_display.sdk/system_wrapper_hw_platform_0/system.hdf -mem-ranges [list {0x40000000 0xbfffffff}]
configparams force-mem-access 1
targets -set -nocase -filter {name =~"APU*" && jtag_cable_name =~ "Digilent JTAG-HS1 210249855850"} -index 0
ps7_init
ps7_post_config
targets -set -nocase -filter {name =~ "ARM*#0" && jtag_cable_name =~ "Digilent JTAG-HS1 210249855850"} -index 0
dow E:/Project/Personal/PoseEstimation/ZYNQ/ZYNQ-Stereo-System/OV5640_Left/OV5640_display.sdk/OV5640Display/Debug/OV5640Display.elf
configparams force-mem-access 0
----------------End of Script----------------

10:53:03 INFO  : Memory regions updated for context APU
10:53:03 INFO  : Context for processor 'ps7_cortexa9_0' is selected.
10:53:03 INFO  : 'con' command is executed.
10:53:03 INFO  : ----------------XSDB Script (After Launch)----------------
targets -set -nocase -filter {name =~ "ARM*#0" && jtag_cable_name =~ "Digilent JTAG-HS1 210249855850"} -index 0
con
----------------End of Script----------------

10:53:03 INFO  : Launch script is exported to file 'E:\Project\Personal\PoseEstimation\ZYNQ\ZYNQ-Stereo-System\OV5640_Left\OV5640_display.sdk\.sdk\launch_scripts\xilinx_c-c++_application_(system_debugger)\system_debugger_using_debug_ov5640display.elf_on_local.tcl'
10:54:09 INFO  : Disconnected from the channel tcfchan#9.
10:54:10 INFO  : Connected to target on host '127.0.0.1' and port '3121'.
10:54:10 INFO  : Jtag cable 'Digilent JTAG-HS1 210249855850' is selected.
10:54:10 INFO  : 'jtag frequency' command is executed.
10:54:10 INFO  : Sourcing of 'E:/Project/Personal/PoseEstimation/ZYNQ/ZYNQ-Stereo-System/OV5640_Left/OV5640_display.sdk/system_wrapper_hw_platform_0/ps7_init.tcl' is done.
10:54:10 INFO  : Context for 'APU' is selected.
10:54:10 INFO  : System reset is completed.
10:54:13 INFO  : 'after 3000' command is executed.
10:54:14 INFO  : 'targets -set -filter {jtag_cable_name =~ "Digilent JTAG-HS1 210249855850" && level==0} -index 1' command is executed.
10:54:17 INFO  : FPGA configured successfully with bitstream "E:/Project/Personal/PoseEstimation/ZYNQ/ZYNQ-Stereo-System/OV5640_Left/OV5640_display.sdk/system_wrapper_hw_platform_0/system_wrapper.bit"
10:54:17 INFO  : Context for 'APU' is selected.
10:54:22 INFO  : Hardware design information is loaded from 'E:/Project/Personal/PoseEstimation/ZYNQ/ZYNQ-Stereo-System/OV5640_Left/OV5640_display.sdk/system_wrapper_hw_platform_0/system.hdf'.
10:54:22 INFO  : 'configparams force-mem-access 1' command is executed.
10:54:22 INFO  : Context for 'APU' is selected.
10:54:22 INFO  : 'ps7_init' command is executed.
10:54:22 INFO  : 'ps7_post_config' command is executed.
10:54:22 INFO  : Context for processor 'ps7_cortexa9_0' is selected.
10:54:23 INFO  : The application 'E:/Project/Personal/PoseEstimation/ZYNQ/ZYNQ-Stereo-System/OV5640_Left/OV5640_display.sdk/OV5640Display/Debug/OV5640Display.elf' is downloaded to processor 'ps7_cortexa9_0'.
10:54:23 INFO  : 'configparams force-mem-access 0' command is executed.
10:54:23 INFO  : ----------------XSDB Script----------------
connect -url tcp:127.0.0.1:3121
source E:/Project/Personal/PoseEstimation/ZYNQ/ZYNQ-Stereo-System/OV5640_Left/OV5640_display.sdk/system_wrapper_hw_platform_0/ps7_init.tcl
targets -set -nocase -filter {name =~"APU*" && jtag_cable_name =~ "Digilent JTAG-HS1 210249855850"} -index 0
rst -system
after 3000
targets -set -filter {jtag_cable_name =~ "Digilent JTAG-HS1 210249855850" && level==0} -index 1
fpga -file E:/Project/Personal/PoseEstimation/ZYNQ/ZYNQ-Stereo-System/OV5640_Left/OV5640_display.sdk/system_wrapper_hw_platform_0/system_wrapper.bit
targets -set -nocase -filter {name =~"APU*" && jtag_cable_name =~ "Digilent JTAG-HS1 210249855850"} -index 0
loadhw -hw E:/Project/Personal/PoseEstimation/ZYNQ/ZYNQ-Stereo-System/OV5640_Left/OV5640_display.sdk/system_wrapper_hw_platform_0/system.hdf -mem-ranges [list {0x40000000 0xbfffffff}]
configparams force-mem-access 1
targets -set -nocase -filter {name =~"APU*" && jtag_cable_name =~ "Digilent JTAG-HS1 210249855850"} -index 0
ps7_init
ps7_post_config
targets -set -nocase -filter {name =~ "ARM*#0" && jtag_cable_name =~ "Digilent JTAG-HS1 210249855850"} -index 0
dow E:/Project/Personal/PoseEstimation/ZYNQ/ZYNQ-Stereo-System/OV5640_Left/OV5640_display.sdk/OV5640Display/Debug/OV5640Display.elf
configparams force-mem-access 0
----------------End of Script----------------

10:54:23 INFO  : Memory regions updated for context APU
10:54:23 INFO  : Context for processor 'ps7_cortexa9_0' is selected.
10:54:23 INFO  : 'con' command is executed.
10:54:23 INFO  : ----------------XSDB Script (After Launch)----------------
targets -set -nocase -filter {name =~ "ARM*#0" && jtag_cable_name =~ "Digilent JTAG-HS1 210249855850"} -index 0
con
----------------End of Script----------------

10:54:23 INFO  : Launch script is exported to file 'E:\Project\Personal\PoseEstimation\ZYNQ\ZYNQ-Stereo-System\OV5640_Left\OV5640_display.sdk\.sdk\launch_scripts\xilinx_c-c++_application_(system_debugger)\system_debugger_using_debug_ov5640display.elf_on_local.tcl'
10:54:44 INFO  : Disconnected from the channel tcfchan#10.
