18:05:56 INFO  : Registering command handlers for SDK TCF services
18:05:58 INFO  : Launching XSCT server: xsct.bat -interactive E:\Project\Personal\PoseEstimation\ZYNQPlatform\ZYNQ-Stereo-System\OV5640_SDCardEMIO\OV5640_display.sdk\temp_xsdb_launch_script.tcl
18:06:02 INFO  : XSCT server has started successfully.
18:06:03 INFO  : Successfully done setting XSCT server connection channel  
18:06:03 INFO  : Successfully done setting SDK workspace  
18:06:03 INFO  : Processing command line option -hwspec E:/Project/Personal/PoseEstimation/ZYNQPlatform/ZYNQ-Stereo-System/OV5640_SDCardEMIO/OV5640_display.sdk/system_wrapper.hdf.
18:09:16 INFO  : Refreshed build settings on project ov5640_sd
18:14:21 INFO  : Connected to target on host '127.0.0.1' and port '3121'.
18:14:22 INFO  : Jtag cable 'Digilent JTAG-HS1 210249855850' is selected.
18:14:22 INFO  : 'jtag frequency' command is executed.
18:14:22 INFO  : Sourcing of 'E:/Project/Personal/PoseEstimation/ZYNQPlatform/ZYNQ-Stereo-System/OV5640_SDCardEMIO/OV5640_display.sdk/system_wrapper_hw_platform_0/ps7_init.tcl' is done.
18:14:22 INFO  : Context for 'APU' is selected.
18:14:22 INFO  : System reset is completed.
18:14:25 INFO  : 'after 3000' command is executed.
18:14:25 INFO  : 'targets -set -filter {jtag_cable_name =~ "Digilent JTAG-HS1 210249855850" && level==0} -index 1' command is executed.
18:14:29 INFO  : FPGA configured successfully with bitstream "E:/Project/Personal/PoseEstimation/ZYNQPlatform/ZYNQ-Stereo-System/OV5640_SDCardEMIO/OV5640_display.sdk/system_wrapper_hw_platform_0/system_wrapper.bit"
18:14:29 INFO  : Context for 'APU' is selected.
18:14:29 INFO  : Hardware design information is loaded from 'E:/Project/Personal/PoseEstimation/ZYNQPlatform/ZYNQ-Stereo-System/OV5640_SDCardEMIO/OV5640_display.sdk/system_wrapper_hw_platform_0/system.hdf'.
18:14:29 INFO  : 'configparams force-mem-access 1' command is executed.
18:14:29 INFO  : Context for 'APU' is selected.
18:14:29 INFO  : 'ps7_init' command is executed.
18:14:29 INFO  : 'ps7_post_config' command is executed.
18:14:30 INFO  : Context for processor 'ps7_cortexa9_0' is selected.
18:14:30 INFO  : The application 'E:/Project/Personal/PoseEstimation/ZYNQPlatform/ZYNQ-Stereo-System/OV5640_SDCardEMIO/OV5640_display.sdk/ov5640_sd/Debug/ov5640_sd.elf' is downloaded to processor 'ps7_cortexa9_0'.
18:14:30 INFO  : 'configparams force-mem-access 0' command is executed.
18:14:30 INFO  : ----------------XSDB Script----------------
connect -url tcp:127.0.0.1:3121
source E:/Project/Personal/PoseEstimation/ZYNQPlatform/ZYNQ-Stereo-System/OV5640_SDCardEMIO/OV5640_display.sdk/system_wrapper_hw_platform_0/ps7_init.tcl
targets -set -nocase -filter {name =~"APU*" && jtag_cable_name =~ "Digilent JTAG-HS1 210249855850"} -index 0
rst -system
after 3000
targets -set -filter {jtag_cable_name =~ "Digilent JTAG-HS1 210249855850" && level==0} -index 1
fpga -file E:/Project/Personal/PoseEstimation/ZYNQPlatform/ZYNQ-Stereo-System/OV5640_SDCardEMIO/OV5640_display.sdk/system_wrapper_hw_platform_0/system_wrapper.bit
targets -set -nocase -filter {name =~"APU*" && jtag_cable_name =~ "Digilent JTAG-HS1 210249855850"} -index 0
loadhw -hw E:/Project/Personal/PoseEstimation/ZYNQPlatform/ZYNQ-Stereo-System/OV5640_SDCardEMIO/OV5640_display.sdk/system_wrapper_hw_platform_0/system.hdf -mem-ranges [list {0x40000000 0xbfffffff}]
configparams force-mem-access 1
targets -set -nocase -filter {name =~"APU*" && jtag_cable_name =~ "Digilent JTAG-HS1 210249855850"} -index 0
ps7_init
ps7_post_config
targets -set -nocase -filter {name =~ "ARM*#0" && jtag_cable_name =~ "Digilent JTAG-HS1 210249855850"} -index 0
dow E:/Project/Personal/PoseEstimation/ZYNQPlatform/ZYNQ-Stereo-System/OV5640_SDCardEMIO/OV5640_display.sdk/ov5640_sd/Debug/ov5640_sd.elf
configparams force-mem-access 0
----------------End of Script----------------

18:14:30 INFO  : Memory regions updated for context APU
18:14:30 INFO  : Context for processor 'ps7_cortexa9_0' is selected.
18:14:30 INFO  : 'con' command is executed.
18:14:30 INFO  : ----------------XSDB Script (After Launch)----------------
targets -set -nocase -filter {name =~ "ARM*#0" && jtag_cable_name =~ "Digilent JTAG-HS1 210249855850"} -index 0
con
----------------End of Script----------------

18:14:30 INFO  : Launch script is exported to file 'E:\Project\Personal\PoseEstimation\ZYNQPlatform\ZYNQ-Stereo-System\OV5640_SDCardEMIO\OV5640_display.sdk\.sdk\launch_scripts\xilinx_c-c++_application_(system_debugger)\system_debugger_using_debug_ov5640_sd.elf_on_local.tcl'
18:29:01 INFO  : Disconnected from the channel tcfchan#1.
18:29:02 INFO  : Connected to target on host '127.0.0.1' and port '3121'.
18:29:02 INFO  : Jtag cable 'Digilent JTAG-HS1 210249855850' is selected.
18:29:02 INFO  : 'jtag frequency' command is executed.
18:29:02 INFO  : Sourcing of 'E:/Project/Personal/PoseEstimation/ZYNQPlatform/ZYNQ-Stereo-System/OV5640_SDCardEMIO/OV5640_display.sdk/system_wrapper_hw_platform_0/ps7_init.tcl' is done.
18:29:02 INFO  : Context for 'APU' is selected.
18:29:02 INFO  : System reset is completed.
18:29:05 INFO  : 'after 3000' command is executed.
18:29:05 INFO  : 'targets -set -filter {jtag_cable_name =~ "Digilent JTAG-HS1 210249855850" && level==0} -index 1' command is executed.
18:29:09 INFO  : FPGA configured successfully with bitstream "E:/Project/Personal/PoseEstimation/ZYNQPlatform/ZYNQ-Stereo-System/OV5640_SDCardEMIO/OV5640_display.sdk/system_wrapper_hw_platform_0/system_wrapper.bit"
18:29:09 INFO  : Context for 'APU' is selected.
18:29:15 INFO  : Hardware design information is loaded from 'E:/Project/Personal/PoseEstimation/ZYNQPlatform/ZYNQ-Stereo-System/OV5640_SDCardEMIO/OV5640_display.sdk/system_wrapper_hw_platform_0/system.hdf'.
18:29:15 INFO  : 'configparams force-mem-access 1' command is executed.
18:29:15 INFO  : Context for 'APU' is selected.
18:29:16 INFO  : 'ps7_init' command is executed.
18:29:16 INFO  : 'ps7_post_config' command is executed.
18:29:16 INFO  : Context for processor 'ps7_cortexa9_0' is selected.
18:29:17 INFO  : The application 'E:/Project/Personal/PoseEstimation/ZYNQPlatform/ZYNQ-Stereo-System/OV5640_SDCardEMIO/OV5640_display.sdk/ov5640_sd/Debug/ov5640_sd.elf' is downloaded to processor 'ps7_cortexa9_0'.
18:29:17 INFO  : 'configparams force-mem-access 0' command is executed.
18:29:17 INFO  : ----------------XSDB Script----------------
connect -url tcp:127.0.0.1:3121
source E:/Project/Personal/PoseEstimation/ZYNQPlatform/ZYNQ-Stereo-System/OV5640_SDCardEMIO/OV5640_display.sdk/system_wrapper_hw_platform_0/ps7_init.tcl
targets -set -nocase -filter {name =~"APU*" && jtag_cable_name =~ "Digilent JTAG-HS1 210249855850"} -index 0
rst -system
after 3000
targets -set -filter {jtag_cable_name =~ "Digilent JTAG-HS1 210249855850" && level==0} -index 1
fpga -file E:/Project/Personal/PoseEstimation/ZYNQPlatform/ZYNQ-Stereo-System/OV5640_SDCardEMIO/OV5640_display.sdk/system_wrapper_hw_platform_0/system_wrapper.bit
targets -set -nocase -filter {name =~"APU*" && jtag_cable_name =~ "Digilent JTAG-HS1 210249855850"} -index 0
loadhw -hw E:/Project/Personal/PoseEstimation/ZYNQPlatform/ZYNQ-Stereo-System/OV5640_SDCardEMIO/OV5640_display.sdk/system_wrapper_hw_platform_0/system.hdf -mem-ranges [list {0x40000000 0xbfffffff}]
configparams force-mem-access 1
targets -set -nocase -filter {name =~"APU*" && jtag_cable_name =~ "Digilent JTAG-HS1 210249855850"} -index 0
ps7_init
ps7_post_config
targets -set -nocase -filter {name =~ "ARM*#0" && jtag_cable_name =~ "Digilent JTAG-HS1 210249855850"} -index 0
dow E:/Project/Personal/PoseEstimation/ZYNQPlatform/ZYNQ-Stereo-System/OV5640_SDCardEMIO/OV5640_display.sdk/ov5640_sd/Debug/ov5640_sd.elf
configparams force-mem-access 0
----------------End of Script----------------

18:29:17 INFO  : Memory regions updated for context APU
18:29:17 INFO  : Context for processor 'ps7_cortexa9_0' is selected.
18:29:17 INFO  : 'con' command is executed.
18:29:17 INFO  : ----------------XSDB Script (After Launch)----------------
targets -set -nocase -filter {name =~ "ARM*#0" && jtag_cable_name =~ "Digilent JTAG-HS1 210249855850"} -index 0
con
----------------End of Script----------------

18:29:17 INFO  : Launch script is exported to file 'E:\Project\Personal\PoseEstimation\ZYNQPlatform\ZYNQ-Stereo-System\OV5640_SDCardEMIO\OV5640_display.sdk\.sdk\launch_scripts\xilinx_c-c++_application_(system_debugger)\system_debugger_using_debug_ov5640_sd.elf_on_local.tcl'
18:29:34 INFO  : Disconnected from the channel tcfchan#2.
