16:27:42 INFO  : Registering command handlers for SDK TCF services
16:27:43 INFO  : Launching XSCT server: xsct.bat -interactive E:\Project\Personal\PoseEstimation\ZYNQ\ZYNQ-Stereo-System\OV5640_SDCard\OV5640_display.sdk\temp_xsdb_launch_script.tcl
16:27:47 INFO  : XSCT server has started successfully.
16:27:47 INFO  : Successfully done setting XSCT server connection channel  
16:27:47 INFO  : Successfully done setting SDK workspace  
16:27:47 INFO  : Processing command line option -hwspec E:/Project/Personal/PoseEstimation/ZYNQ/ZYNQ-Stereo-System/OV5640_SDCard/OV5640_display.sdk/system_wrapper.hdf.
16:35:41 INFO  : Connected to target on host '127.0.0.1' and port '3121'.
16:35:42 INFO  : Jtag cable 'Digilent JTAG-HS1 210249855850' is selected.
16:35:42 INFO  : 'jtag frequency' command is executed.
16:35:42 INFO  : Sourcing of 'E:/Project/Personal/PoseEstimation/ZYNQ/ZYNQ-Stereo-System/OV5640_SDCard/OV5640_display.sdk/system_wrapper_hw_platform_0/ps7_init.tcl' is done.
16:35:42 INFO  : Context for 'APU' is selected.
16:35:42 INFO  : System reset is completed.
16:35:45 INFO  : 'after 3000' command is executed.
16:35:48 INFO  : 'targets -set -filter {jtag_cable_name =~ "Digilent JTAG-HS1 210249855850" && level==0} -index 1' command is executed.
16:35:52 INFO  : FPGA configured successfully with bitstream "E:/Project/Personal/PoseEstimation/ZYNQ/ZYNQ-Stereo-System/OV5640_SDCard/OV5640_display.sdk/system_wrapper_hw_platform_0/system_wrapper.bit"
16:35:52 INFO  : Context for 'APU' is selected.
16:35:52 INFO  : Hardware design information is loaded from 'E:/Project/Personal/PoseEstimation/ZYNQ/ZYNQ-Stereo-System/OV5640_SDCard/OV5640_display.sdk/system_wrapper_hw_platform_0/system.hdf'.
16:35:52 INFO  : 'configparams force-mem-access 1' command is executed.
16:35:52 INFO  : Context for 'APU' is selected.
16:35:53 INFO  : 'ps7_init' command is executed.
16:35:53 INFO  : 'ps7_post_config' command is executed.
16:35:53 INFO  : Context for processor 'ps7_cortexa9_0' is selected.
16:35:53 INFO  : The application 'E:/Project/Personal/PoseEstimation/ZYNQ/ZYNQ-Stereo-System/OV5640_SDCard/OV5640_display.sdk/OV5640_SDcard/Debug/OV5640_SDcard.elf' is downloaded to processor 'ps7_cortexa9_0'.
16:35:53 INFO  : 'configparams force-mem-access 0' command is executed.
16:35:53 INFO  : ----------------XSDB Script----------------
connect -url tcp:127.0.0.1:3121
source E:/Project/Personal/PoseEstimation/ZYNQ/ZYNQ-Stereo-System/OV5640_SDCard/OV5640_display.sdk/system_wrapper_hw_platform_0/ps7_init.tcl
targets -set -nocase -filter {name =~"APU*" && jtag_cable_name =~ "Digilent JTAG-HS1 210249855850"} -index 0
rst -system
after 3000
targets -set -filter {jtag_cable_name =~ "Digilent JTAG-HS1 210249855850" && level==0} -index 1
fpga -file E:/Project/Personal/PoseEstimation/ZYNQ/ZYNQ-Stereo-System/OV5640_SDCard/OV5640_display.sdk/system_wrapper_hw_platform_0/system_wrapper.bit
targets -set -nocase -filter {name =~"APU*" && jtag_cable_name =~ "Digilent JTAG-HS1 210249855850"} -index 0
loadhw -hw E:/Project/Personal/PoseEstimation/ZYNQ/ZYNQ-Stereo-System/OV5640_SDCard/OV5640_display.sdk/system_wrapper_hw_platform_0/system.hdf -mem-ranges [list {0x40000000 0xbfffffff}]
configparams force-mem-access 1
targets -set -nocase -filter {name =~"APU*" && jtag_cable_name =~ "Digilent JTAG-HS1 210249855850"} -index 0
ps7_init
ps7_post_config
targets -set -nocase -filter {name =~ "ARM*#0" && jtag_cable_name =~ "Digilent JTAG-HS1 210249855850"} -index 0
dow E:/Project/Personal/PoseEstimation/ZYNQ/ZYNQ-Stereo-System/OV5640_SDCard/OV5640_display.sdk/OV5640_SDcard/Debug/OV5640_SDcard.elf
configparams force-mem-access 0
----------------End of Script----------------

16:35:53 INFO  : Memory regions updated for context APU
16:35:53 INFO  : Context for processor 'ps7_cortexa9_0' is selected.
16:35:53 INFO  : 'con' command is executed.
16:35:53 INFO  : ----------------XSDB Script (After Launch)----------------
targets -set -nocase -filter {name =~ "ARM*#0" && jtag_cable_name =~ "Digilent JTAG-HS1 210249855850"} -index 0
con
----------------End of Script----------------

16:35:53 INFO  : Launch script is exported to file 'E:\Project\Personal\PoseEstimation\ZYNQ\ZYNQ-Stereo-System\OV5640_SDCard\OV5640_display.sdk\.sdk\launch_scripts\xilinx_c-c++_application_(system_debugger)\system_debugger_using_debug_ov5640_sdcard.elf_on_local.tcl'
16:43:28 INFO  : Refreshed build settings on project OV5640_SDcard
10:37:39 INFO  : Disconnected from the channel tcfchan#1.
