Copyright 1986-2019 Xilinx, Inc. All Rights Reserved.
----------------------------------------------------------------------------------------------------------------------------------------------------------------
| Tool Version     : Vivado v.2019.2 (win64) Build 2708876 Wed Nov  6 21:40:23 MST 2019
| Date             : Fri Mar 20 14:12:10 2020
| Host             : LiuYangLaptop running 64-bit major release  (build 9200)
| Command          : report_power -file system_wrapper_power_routed.rpt -pb system_wrapper_power_summary_routed.pb -rpx system_wrapper_power_routed.rpx
| Design           : system_wrapper
| Device           : xc7z020clg400-2
| Design State     : routed
| Grade            : commercial
| Process          : typical
| Characterization : Production
----------------------------------------------------------------------------------------------------------------------------------------------------------------

Power Report

Table of Contents
-----------------
1. Summary
1.1 On-Chip Components
1.2 Power Supply Summary
1.3 Confidence Level
2. Settings
2.1 Environment
2.2 Clock Constraints
3. Detailed Reports
3.1 By Hierarchy

1. Summary
----------

+--------------------------+--------------+
| Total On-Chip Power (W)  | 2.029        |
| Design Power Budget (W)  | Unspecified* |
| Power Budget Margin (W)  | NA           |
| Dynamic (W)              | 1.872        |
| Device Static (W)        | 0.157        |
| Effective TJA (C/W)      | 11.5         |
| Max Ambient (C)          | 61.6         |
| Junction Temperature (C) | 48.4         |
| Confidence Level         | Low          |
| Setting File             | ---          |
| Simulation Activity File | ---          |
| Design Nets Matched      | NA           |
+--------------------------+--------------+
* Specify Design Power Budget using, set_operating_conditions -design_power_budget <value in Watts>


1.1 On-Chip Components
----------------------

+--------------------------+-----------+----------+-----------+-----------------+
| On-Chip                  | Power (W) | Used     | Available | Utilization (%) |
+--------------------------+-----------+----------+-----------+-----------------+
| Clocks                   |     0.048 |        8 |       --- |             --- |
| Slice Logic              |     0.011 |    28465 |       --- |             --- |
|   LUT as Logic           |     0.009 |     9145 |     53200 |           17.19 |
|   CARRY4                 |     0.001 |      493 |     13300 |            3.71 |
|   Register               |    <0.001 |    14428 |    106400 |           13.56 |
|   BUFG                   |    <0.001 |        2 |        32 |            6.25 |
|   LUT as Distributed RAM |    <0.001 |       36 |     17400 |            0.21 |
|   LUT as Shift Register  |    <0.001 |      415 |     17400 |            2.39 |
|   F7/F8 Muxes            |    <0.001 |       10 |     53200 |            0.02 |
|   Others                 |     0.000 |     1323 |       --- |             --- |
| Signals                  |     0.016 |    20634 |       --- |             --- |
| Block RAM                |     0.008 |       13 |       140 |            9.29 |
| MMCM                     |     0.105 |        1 |         4 |           25.00 |
| DSPs                     |     0.002 |        3 |       220 |            1.36 |
| I/O                      |     0.144 |       38 |       125 |           30.40 |
| PS7                      |     1.539 |        1 |       --- |             --- |
| Static Power             |     0.157 |          |           |                 |
| Total                    |     2.029 |          |           |                 |
+--------------------------+-----------+----------+-----------+-----------------+


1.2 Power Supply Summary
------------------------

+-----------+-------------+-----------+-------------+------------+
| Source    | Voltage (V) | Total (A) | Dynamic (A) | Static (A) |
+-----------+-------------+-----------+-------------+------------+
| Vccint    |       1.000 |     0.105 |       0.087 |      0.018 |
| Vccaux    |       1.800 |     0.075 |       0.058 |      0.017 |
| Vcco33    |       3.300 |     0.042 |       0.041 |      0.001 |
| Vcco25    |       2.500 |     0.000 |       0.000 |      0.000 |
| Vcco18    |       1.800 |     0.004 |       0.003 |      0.001 |
| Vcco15    |       1.500 |     0.000 |       0.000 |      0.000 |
| Vcco135   |       1.350 |     0.000 |       0.000 |      0.000 |
| Vcco12    |       1.200 |     0.000 |       0.000 |      0.000 |
| Vccaux_io |       1.800 |     0.000 |       0.000 |      0.000 |
| Vccbram   |       1.000 |     0.002 |       0.000 |      0.002 |
| MGTAVcc   |       1.000 |     0.000 |       0.000 |      0.000 |
| MGTAVtt   |       1.200 |     0.000 |       0.000 |      0.000 |
| MGTVccaux |       1.800 |     0.000 |       0.000 |      0.000 |
| Vccpint   |       1.000 |     0.762 |       0.727 |      0.034 |
| Vccpaux   |       1.800 |     0.062 |       0.051 |      0.010 |
| Vccpll    |       1.800 |     0.017 |       0.014 |      0.003 |
| Vcco_ddr  |       1.500 |     0.459 |       0.457 |      0.002 |
| Vcco_mio0 |       3.300 |     0.003 |       0.002 |      0.001 |
| Vcco_mio1 |       1.800 |     0.003 |       0.002 |      0.001 |
| Vccadc    |       1.800 |     0.020 |       0.000 |      0.020 |
+-----------+-------------+-----------+-------------+------------+


1.3 Confidence Level
--------------------

+-----------------------------+------------+--------------------------------------------------------+------------------------------------------------------------------------------------------------------------+
| User Input Data             | Confidence | Details                                                | Action                                                                                                     |
+-----------------------------+------------+--------------------------------------------------------+------------------------------------------------------------------------------------------------------------+
| Design implementation state | High       | Design is routed                                       |                                                                                                            |
| Clock nodes activity        | High       | User specified more than 95% of clocks                 |                                                                                                            |
| I/O nodes activity          | Low        | More than 75% of inputs are missing user specification | Provide missing input activity with simulation results or by editing the "By Resource Type -> I/Os" view   |
| Internal nodes activity     | Medium     | User specified less than 25% of internal nodes         | Provide missing internal nodes activity with simulation results or by editing the "By Resource Type" views |
| Device models               | High       | Device models are Production                           |                                                                                                            |
|                             |            |                                                        |                                                                                                            |
| Overall confidence level    | Low        |                                                        |                                                                                                            |
+-----------------------------+------------+--------------------------------------------------------+------------------------------------------------------------------------------------------------------------+


2. Settings
-----------

2.1 Environment
---------------

+-----------------------+------------------------+
| Ambient Temp (C)      | 25.0                   |
| ThetaJA (C/W)         | 11.5                   |
| Airflow (LFM)         | 250                    |
| Heat Sink             | none                   |
| ThetaSA (C/W)         | 0.0                    |
| Board Selection       | medium (10"x10")       |
| # of Board Layers     | 8to11 (8 to 11 Layers) |
| Board Temperature (C) | 25.0                   |
+-----------------------+------------------------+


2.2 Clock Constraints
---------------------

+-----------------------------+-----------------------------------------------------------+-----------------+
| Clock                       | Domain                                                    | Constraint (ns) |
+-----------------------------+-----------------------------------------------------------+-----------------+
| clk_fpga_0                  | system_i/processing_system7_0/inst/FCLK_CLK0              |            10.0 |
| clk_fpga_0                  | system_i/processing_system7_0/inst/FCLK_CLK_unbuffered[0] |            10.0 |
| clk_fpga_1                  | system_i/processing_system7_0/inst/FCLK_CLK_unbuffered[1] |            40.0 |
| clk_out1_system_clk_wiz_0_0 | system_i/clk_wiz_0/inst/clk_out1_system_clk_wiz_0_0       |            13.5 |
| clk_out2_system_clk_wiz_0_0 | system_i/clk_wiz_0/inst/clk_out2_system_clk_wiz_0_0       |             2.7 |
| clkfbout_system_clk_wiz_0_0 | system_i/clk_wiz_0/inst/clkfbout_system_clk_wiz_0_0       |            50.0 |
+-----------------------------+-----------------------------------------------------------+-----------------+


3. Detailed Reports
-------------------

3.1 By Hierarchy
----------------

+--------------------------+-----------+
| Name                     | Power (W) |
+--------------------------+-----------+
| system_wrapper           |     1.872 |
|   system_i               |     1.858 |
|     HDMI_tx_0            |     0.135 |
|       U0                 |     0.135 |
|     axi_interconnect_0   |     0.002 |
|       m00_couplers       |     0.001 |
|       xbar               |     0.001 |
|     axi_interconnect_1   |     0.002 |
|       m00_couplers       |     0.001 |
|       xbar               |     0.001 |
|     axi_interconnect_2   |     0.004 |
|       s00_couplers       |     0.003 |
|       xbar               |     0.001 |
|     axi_vdma_0           |     0.020 |
|       U0                 |     0.020 |
|     axi_vdma_1           |     0.020 |
|       U0                 |     0.020 |
|     clk_wiz_0            |     0.105 |
|       inst               |     0.105 |
|     processing_system7_0 |     1.542 |
|       inst               |     1.542 |
|     v_axi4s_vid_out_0    |     0.006 |
|       inst               |     0.006 |
|     v_mix_0              |     0.015 |
|       inst               |     0.015 |
|     v_vid_in_axi4s_0     |     0.002 |
|       inst               |     0.002 |
|     v_vid_in_axi4s_1     |     0.002 |
|       inst               |     0.002 |
+--------------------------+-----------+


