16:24:30 INFO  : Registering command handlers for SDK TCF services
16:24:30 INFO  : Launching XSCT server: xsct.bat -interactive F:\intel_project\AX7020\update2017p4\21_ov5640_sd\ov5640_sd.sdk\temp_xsdb_launch_script.tcl
16:24:32 INFO  : XSCT server has started successfully.
16:24:33 INFO  : Successfully done setting XSCT server connection channel  
16:24:33 INFO  : Processing command line option -hwspec F:/intel_project/AX7020/update2017p4/21_ov5640_sd/ov5640_sd.sdk/system_wrapper.hdf.
16:24:33 INFO  : Successfully done setting SDK workspace  
16:25:20 INFO  : Refreshed build settings on project ov5640_sd
16:26:49 INFO  : Connected to target on host '127.0.0.1' and port '3121'.
16:26:50 INFO  : Jtag cable 'Digilent JTAG-HS1 210512180081' is selected.
16:26:50 INFO  : 'jtag frequency' command is executed.
16:26:50 INFO  : Sourcing of 'F:/intel_project/AX7020/update2017p4/21_ov5640_sd/ov5640_sd.sdk/system_wrapper_hw_platform_0/ps7_init.tcl' is done.
16:26:50 INFO  : Context for 'APU' is selected.
16:26:50 INFO  : System reset is completed.
16:26:53 INFO  : 'after 3000' command is executed.
16:26:53 INFO  : 'targets -set -filter {jtag_cable_name =~ "Digilent JTAG-HS1 210512180081" && level==0} -index 1' command is executed.
16:26:54 INFO  : FPGA configured successfully with bitstream "F:/intel_project/AX7020/update2017p4/21_ov5640_sd/ov5640_sd.sdk/system_wrapper_hw_platform_0/system_wrapper.bit"
16:26:55 INFO  : Context for 'APU' is selected.
16:26:55 INFO  : Hardware design information is loaded from 'F:/intel_project/AX7020/update2017p4/21_ov5640_sd/ov5640_sd.sdk/system_wrapper_hw_platform_0/system.hdf'.
16:26:55 INFO  : 'configparams force-mem-access 1' command is executed.
16:26:55 INFO  : Context for 'APU' is selected.
16:26:55 INFO  : 'ps7_init' command is executed.
16:26:55 INFO  : 'ps7_post_config' command is executed.
16:26:55 INFO  : Context for processor 'ps7_cortexa9_0' is selected.
16:26:55 INFO  : The application 'F:/intel_project/AX7020/update2017p4/21_ov5640_sd/ov5640_sd.sdk/ov5640_sd/Debug/ov5640_sd.elf' is downloaded to processor 'ps7_cortexa9_0'.
16:26:55 INFO  : 'configparams force-mem-access 0' command is executed.
16:26:55 INFO  : ----------------XSDB Script----------------
connect -url tcp:127.0.0.1:3121
source F:/intel_project/AX7020/update2017p4/21_ov5640_sd/ov5640_sd.sdk/system_wrapper_hw_platform_0/ps7_init.tcl
targets -set -nocase -filter {name =~"APU*" && jtag_cable_name =~ "Digilent JTAG-HS1 210512180081"} -index 0
rst -system
after 3000
targets -set -filter {jtag_cable_name =~ "Digilent JTAG-HS1 210512180081" && level==0} -index 1
fpga -file F:/intel_project/AX7020/update2017p4/21_ov5640_sd/ov5640_sd.sdk/system_wrapper_hw_platform_0/system_wrapper.bit
targets -set -nocase -filter {name =~"APU*" && jtag_cable_name =~ "Digilent JTAG-HS1 210512180081"} -index 0
loadhw -hw F:/intel_project/AX7020/update2017p4/21_ov5640_sd/ov5640_sd.sdk/system_wrapper_hw_platform_0/system.hdf -mem-ranges [list {0x40000000 0xbfffffff}]
configparams force-mem-access 1
targets -set -nocase -filter {name =~"APU*" && jtag_cable_name =~ "Digilent JTAG-HS1 210512180081"} -index 0
ps7_init
ps7_post_config
targets -set -nocase -filter {name =~ "ARM*#0" && jtag_cable_name =~ "Digilent JTAG-HS1 210512180081"} -index 0
dow F:/intel_project/AX7020/update2017p4/21_ov5640_sd/ov5640_sd.sdk/ov5640_sd/Debug/ov5640_sd.elf
configparams force-mem-access 0
----------------End of Script----------------

16:26:56 INFO  : Memory regions updated for context APU
16:26:56 INFO  : Context for processor 'ps7_cortexa9_0' is selected.
16:26:56 INFO  : 'con' command is executed.
16:26:56 INFO  : ----------------XSDB Script (After Launch)----------------
targets -set -nocase -filter {name =~ "ARM*#0" && jtag_cable_name =~ "Digilent JTAG-HS1 210512180081"} -index 0
con
----------------End of Script----------------

16:26:56 INFO  : Launch script is exported to file 'F:\intel_project\AX7020\update2017p4\21_ov5640_sd\ov5640_sd.sdk\.sdk\launch_scripts\xilinx_c-c++_application_(system_debugger)\system_debugger_using_debug_ov5640_sd.elf_on_local.tcl'
16:28:09 INFO  : Disconnected from the channel tcfchan#1.
16:28:10 INFO  : Connected to target on host '127.0.0.1' and port '3121'.
16:28:11 INFO  : Jtag cable 'Digilent JTAG-HS1 210512180081' is selected.
16:28:11 INFO  : 'jtag frequency' command is executed.
16:28:11 INFO  : Sourcing of 'F:/intel_project/AX7020/update2017p4/21_ov5640_sd/ov5640_sd.sdk/system_wrapper_hw_platform_0/ps7_init.tcl' is done.
16:28:11 INFO  : Context for 'APU' is selected.
16:28:11 INFO  : System reset is completed.
16:28:14 INFO  : 'after 3000' command is executed.
16:28:14 INFO  : 'targets -set -filter {jtag_cable_name =~ "Digilent JTAG-HS1 210512180081" && level==0} -index 1' command is executed.
16:28:16 INFO  : FPGA configured successfully with bitstream "F:/intel_project/AX7020/update2017p4/21_ov5640_sd/ov5640_sd.sdk/system_wrapper_hw_platform_0/system_wrapper.bit"
16:28:16 INFO  : Context for 'APU' is selected.
16:28:18 INFO  : Hardware design information is loaded from 'F:/intel_project/AX7020/update2017p4/21_ov5640_sd/ov5640_sd.sdk/system_wrapper_hw_platform_0/system.hdf'.
16:28:18 INFO  : 'configparams force-mem-access 1' command is executed.
16:28:18 INFO  : Context for 'APU' is selected.
16:28:18 INFO  : 'ps7_init' command is executed.
16:28:18 INFO  : 'ps7_post_config' command is executed.
16:28:18 INFO  : Context for processor 'ps7_cortexa9_0' is selected.
16:28:19 INFO  : The application 'F:/intel_project/AX7020/update2017p4/21_ov5640_sd/ov5640_sd.sdk/ov5640_sd/Debug/ov5640_sd.elf' is downloaded to processor 'ps7_cortexa9_0'.
16:28:19 INFO  : 'configparams force-mem-access 0' command is executed.
16:28:19 INFO  : ----------------XSDB Script----------------
connect -url tcp:127.0.0.1:3121
source F:/intel_project/AX7020/update2017p4/21_ov5640_sd/ov5640_sd.sdk/system_wrapper_hw_platform_0/ps7_init.tcl
targets -set -nocase -filter {name =~"APU*" && jtag_cable_name =~ "Digilent JTAG-HS1 210512180081"} -index 0
rst -system
after 3000
targets -set -filter {jtag_cable_name =~ "Digilent JTAG-HS1 210512180081" && level==0} -index 1
fpga -file F:/intel_project/AX7020/update2017p4/21_ov5640_sd/ov5640_sd.sdk/system_wrapper_hw_platform_0/system_wrapper.bit
targets -set -nocase -filter {name =~"APU*" && jtag_cable_name =~ "Digilent JTAG-HS1 210512180081"} -index 0
loadhw -hw F:/intel_project/AX7020/update2017p4/21_ov5640_sd/ov5640_sd.sdk/system_wrapper_hw_platform_0/system.hdf -mem-ranges [list {0x40000000 0xbfffffff}]
configparams force-mem-access 1
targets -set -nocase -filter {name =~"APU*" && jtag_cable_name =~ "Digilent JTAG-HS1 210512180081"} -index 0
ps7_init
ps7_post_config
targets -set -nocase -filter {name =~ "ARM*#0" && jtag_cable_name =~ "Digilent JTAG-HS1 210512180081"} -index 0
dow F:/intel_project/AX7020/update2017p4/21_ov5640_sd/ov5640_sd.sdk/ov5640_sd/Debug/ov5640_sd.elf
configparams force-mem-access 0
----------------End of Script----------------

16:28:19 INFO  : Memory regions updated for context APU
16:28:19 INFO  : Context for processor 'ps7_cortexa9_0' is selected.
16:28:19 INFO  : 'con' command is executed.
16:28:19 INFO  : ----------------XSDB Script (After Launch)----------------
targets -set -nocase -filter {name =~ "ARM*#0" && jtag_cable_name =~ "Digilent JTAG-HS1 210512180081"} -index 0
con
----------------End of Script----------------

16:28:19 INFO  : Launch script is exported to file 'F:\intel_project\AX7020\update2017p4\21_ov5640_sd\ov5640_sd.sdk\.sdk\launch_scripts\xilinx_c-c++_application_(system_debugger)\system_debugger_using_debug_ov5640_sd.elf_on_local.tcl'
16:32:47 INFO  : Invoking Bootgen: bootgen -image ov5640_sd.bif -arch zynq -o F:\intel_project\AX7020\update2017p4\21_ov5640_sd\bootimage\BOOT.bin -w on
16:32:47 INFO  : Overwriting existing bif file F:\intel_project\AX7020\update2017p4\21_ov5640_sd\bootimage\ov5640_sd.bif
16:32:48 INFO  : Bootgen command execution is done.
16:41:23 INFO  : Disconnected from the channel tcfchan#2.
10:13:12 INFO  : Registering command handlers for SDK TCF services
10:13:14 INFO  : Launching XSCT server: xsct.bat -interactive E:\Project\Personal\PoseEstimation\SourceCode\ZYNQ\course_s2_sdk\25_ov5640_sd\ov5640_sd.sdk\temp_xsdb_launch_script.tcl
10:13:19 INFO  : XSCT server has started successfully.
10:13:20 INFO  : Successfully done setting XSCT server connection channel  
10:13:20 INFO  : Successfully done setting SDK workspace  
10:13:20 INFO  : Processing command line option -hwspec E:/Project/Personal/PoseEstimation/SourceCode/ZYNQ/course_s2_sdk/25_ov5640_sd/ov5640_sd.sdk/system_wrapper.hdf.
