#-----------------------------------------------------------
# Vivado v2018.3 (64-bit)
# SW Build 2405991 on Thu Dec  6 23:38:27 MST 2018
# IP Build 2404404 on Fri Dec  7 01:43:56 MST 2018
# Start of session at: Tue Oct 20 16:31:31 2020
# Process ID: 11624
# Current directory: E:/Project/Personal/PoseEstimation/ZYNQPlatform/ZYNQ-Stereo-System/OV5640_Right
# Command line: vivado.exe -gui_launcher_event rodinguilauncherevent17748 E:\Project\Personal\PoseEstimation\ZYNQPlatform\ZYNQ-Stereo-System\OV5640_Right\OV5640_display.xpr
# Log file: E:/Project/Personal/PoseEstimation/ZYNQPlatform/ZYNQ-Stereo-System/OV5640_Right/vivado.log
# Journal file: E:/Project/Personal/PoseEstimation/ZYNQPlatform/ZYNQ-Stereo-System/OV5640_Right\vivado.jou
#-----------------------------------------------------------
start_gui
open_project E:/Project/Personal/PoseEstimation/ZYNQPlatform/ZYNQ-Stereo-System/OV5640_Right/OV5640_display.xpr
INFO: [Project 1-313] Project file moved from 'E:/Project/Personal/PoseEstimation/ZYNQ/ZYNQ-Stereo-System/OV5640_Right' since last save.
Scanning sources...
Finished scanning sources
INFO: [IP_Flow 19-234] Refreshing IP repositories
INFO: [IP_Flow 19-1700] Loaded user IP repository 'e:/Repository/MyIPcoreLib/FPGA-IPcore-Library'.
INFO: [IP_Flow 19-2313] Loaded Vivado IP repository 'C:/Xilinx/Vivado/2018.3/data/ip'.
CRITICAL WARNING: [IP_Flow 19-1663] Duplicate IP found for 'Arm.com:user:DAPLink_to_Arty_shield:1.0'. The one found in IP location 'e:/Repository/MyIPcoreLib/FPGA-IPcore-Library/CortexM1/AT472-BU-98000-r0p1-00rel0/vivado/Arm_ipi_repository/DAPLink_to_Arty_shield' will take precedence over the same IP in location e:/Repository/MyIPcoreLib/FPGA-IPcore-Library/CortexM3/AT426-BU-98000-r0p1-00rel0/vivado/Arm_ipi_repository/DAPLink_to_Arty_shield
open_project: Time (s): cpu = 00:00:32 ; elapsed = 00:00:21 . Memory (MB): peak = 893.039 ; gain = 283.570
update_compile_order -fileset sources_1
launch_sdk -workspace E:/Project/Personal/PoseEstimation/ZYNQPlatform/ZYNQ-Stereo-System/OV5640_Right/OV5640_display.sdk -hwspec E:/Project/Personal/PoseEstimation/ZYNQPlatform/ZYNQ-Stereo-System/OV5640_Right/OV5640_display.sdk/system_wrapper.hdf
INFO: [Vivado 12-393] Launching SDK...
INFO: [Vivado 12-417] Running xsdk -workspace E:/Project/Personal/PoseEstimation/ZYNQPlatform/ZYNQ-Stereo-System/OV5640_Right/OV5640_display.sdk -hwspec E:/Project/Personal/PoseEstimation/ZYNQPlatform/ZYNQ-Stereo-System/OV5640_Right/OV5640_display.sdk/system_wrapper.hdf
INFO: [Vivado 12-3157] SDK launch initiated. Please check console for any further messages.
open_hw
connect_hw_server
INFO: [Labtools 27-2285] Connecting to hw_server url TCP:localhost:3121
open_hw_target
INFO: [Labtoolstcl 44-466] Opening hw_target localhost:3121/xilinx_tcf/Digilent/210249855850
open_hw_target: Time (s): cpu = 00:00:05 ; elapsed = 00:00:08 . Memory (MB): peak = 1888.270 ; gain = 630.562
set_property PROGRAM.FILE {E:/Project/Personal/PoseEstimation/ZYNQPlatform/ZYNQ-Stereo-System/OV5640_Right/OV5640_display.runs/impl_1/system_wrapper.bit} [get_hw_devices xc7z020_1]
set_property PROBES.FILE {E:/Project/Personal/PoseEstimation/ZYNQPlatform/ZYNQ-Stereo-System/OV5640_Right/OV5640_display.runs/impl_1/system_wrapper.ltx} [get_hw_devices xc7z020_1]
set_property FULL_PROBES.FILE {E:/Project/Personal/PoseEstimation/ZYNQPlatform/ZYNQ-Stereo-System/OV5640_Right/OV5640_display.runs/impl_1/system_wrapper.ltx} [get_hw_devices xc7z020_1]
current_hw_device [get_hw_devices xc7z020_1]
refresh_hw_device [lindex [get_hw_devices xc7z020_1] 0]
INFO: [Labtools 27-2302] Device xc7z020 (JTAG device index = 1) is programmed with a design that has 2 ILA core(s).
refresh_hw_device: Time (s): cpu = 00:00:21 ; elapsed = 00:00:09 . Memory (MB): peak = 1940.918 ; gain = 50.992
display_hw_ila_data [ get_hw_ila_data hw_ila_data_1 -of_objects [get_hw_ilas -of_objects [get_hw_devices xc7z020_1] -filter {CELL_NAME=~"system_i/system_ila_0/inst/ila_lib"}]]
Processed interface axi_interconnect_1_M00_AXI_ila1_slot1
Processed interface v_vid_in_axi4s_0_video_out_ila1_slot0
Processed interface axi_vdma_0_M_AXIS_MM2S_ila1_slot2
display_hw_ila_data [ get_hw_ila_data hw_ila_data_2 -of_objects [get_hw_ilas -of_objects [get_hw_devices xc7z020_1] -filter {CELL_NAME=~"system_i/system_ila_1/inst/ila_lib"}]]
run_hw_ila [get_hw_ilas -of_objects [get_hw_devices xc7z020_1] -filter {CELL_NAME=~"system_i/system_ila_0/inst/ila_lib"}]
INFO: [Labtools 27-1964] The ILA core 'hw_ila_1' trigger was armed at 2020-Oct-20 19:22:45
wait_on_hw_ila [get_hw_ilas -of_objects [get_hw_devices xc7z020_1] -filter {CELL_NAME=~"system_i/system_ila_0/inst/ila_lib"}]
display_hw_ila_data [upload_hw_ila_data [get_hw_ilas -of_objects [get_hw_devices xc7z020_1] -filter {CELL_NAME=~"system_i/system_ila_0/inst/ila_lib"}]]
INFO: [Labtools 27-1966] The ILA core 'hw_ila_1' triggered at 2020-Oct-20 19:22:45
Processed interface axi_interconnect_1_M00_AXI_ila1_slot1
Processed interface v_vid_in_axi4s_0_video_out_ila1_slot0
Processed interface axi_vdma_0_M_AXIS_MM2S_ila1_slot2
INFO: [Labtools 27-3304] ILA Waveform data saved to file E:/Project/Personal/PoseEstimation/ZYNQPlatform/ZYNQ-Stereo-System/OV5640_Right/OV5640_display.hw/backup/hw_ila_data_1.ila. Use Tcl command 'read_hw_ila_data' or Vivado File->Import->Import ILA Data menu item to import the previously saved data.
run_hw_ila [get_hw_ilas -of_objects [get_hw_devices xc7z020_1] -filter {CELL_NAME=~"system_i/system_ila_1/inst/ila_lib"}]
INFO: [Labtools 27-1964] The ILA core 'hw_ila_2' trigger was armed at 2020-Oct-20 19:23:21
wait_on_hw_ila [get_hw_ilas -of_objects [get_hw_devices xc7z020_1] -filter {CELL_NAME=~"system_i/system_ila_1/inst/ila_lib"}]
display_hw_ila_data [upload_hw_ila_data [get_hw_ilas -of_objects [get_hw_devices xc7z020_1] -filter {CELL_NAME=~"system_i/system_ila_1/inst/ila_lib"}]]
INFO: [Labtools 27-1966] The ILA core 'hw_ila_2' triggered at 2020-Oct-20 19:23:21
INFO: [Labtools 27-3304] ILA Waveform data saved to file E:/Project/Personal/PoseEstimation/ZYNQPlatform/ZYNQ-Stereo-System/OV5640_Right/OV5640_display.hw/backup/hw_ila_data_2.ila. Use Tcl command 'read_hw_ila_data' or Vivado File->Import->Import ILA Data menu item to import the previously saved data.
ERROR: [Labtoolstcl 44-513] HW Target shutdown. Closing target: localhost:3121/xilinx_tcf/Digilent/210249855850
exit
INFO: [Common 17-206] Exiting Vivado at Tue Oct 20 21:43:57 2020...
