#-----------------------------------------------------------
# Vivado v2018.3 (64-bit)
# SW Build 2405991 on Thu Dec  6 23:38:27 MST 2018
# IP Build 2404404 on Fri Dec  7 01:43:56 MST 2018
# Start of session at: Sun Sep 27 23:13:35 2020
# Process ID: 12696
# Current directory: E:/Project/Personal/PoseEstimation/ZYNQ/ZYNQ-Stereo-System/OV5640_Right
# Command line: vivado.exe -gui_launcher_event rodinguilauncherevent8952 E:\Project\Personal\PoseEstimation\ZYNQ\ZYNQ-Stereo-System\OV5640_Right\OV5640_display.xpr
# Log file: E:/Project/Personal/PoseEstimation/ZYNQ/ZYNQ-Stereo-System/OV5640_Right/vivado.log
# Journal file: E:/Project/Personal/PoseEstimation/ZYNQ/ZYNQ-Stereo-System/OV5640_Right\vivado.jou
#-----------------------------------------------------------
start_gui
open_project E:/Project/Personal/PoseEstimation/ZYNQ/ZYNQ-Stereo-System/OV5640_Right/OV5640_display.xpr
INFO: [Project 1-313] Project file moved from 'E:/Project/Personal/PoseEstimation/ZYNQ/ZYNQ-Stereo-System/OV5640_display' since last save.
Scanning sources...
Finished scanning sources
INFO: [IP_Flow 19-234] Refreshing IP repositories
INFO: [IP_Flow 19-1700] Loaded user IP repository 'e:/Repository/MyIPcoreLib/FPGA-IPcore-Library'.
INFO: [IP_Flow 19-2313] Loaded Vivado IP repository 'C:/Xilinx/Vivado/2018.3/data/ip'.
CRITICAL WARNING: [IP_Flow 19-1663] Duplicate IP found for 'Arm.com:user:DAPLink_to_Arty_shield:1.0'. The one found in IP location 'e:/Repository/MyIPcoreLib/FPGA-IPcore-Library/CortexM1/AT472-BU-98000-r0p1-00rel0/vivado/Arm_ipi_repository/DAPLink_to_Arty_shield' will take precedence over the same IP in location e:/Repository/MyIPcoreLib/FPGA-IPcore-Library/CortexM3/AT426-BU-98000-r0p1-00rel0/vivado/Arm_ipi_repository/DAPLink_to_Arty_shield
open_project: Time (s): cpu = 00:00:41 ; elapsed = 00:00:41 . Memory (MB): peak = 880.715 ; gain = 286.938
update_compile_order -fileset sources_1
reorder_files -fileset constrs_1 -before E:/Project/Personal/PoseEstimation/ZYNQ/ZYNQ-Stereo-System/OV5640_Right/OV5640_display.srcs/constrs_1/new/system_pin.xdc E:/Project/Personal/PoseEstimation/ZYNQ/ZYNQ-Stereo-System/OV5640_Right/OV5640_display.srcs/constrs_1/new/system_pin.xdc
open_run impl_1
INFO: [Netlist 29-17] Analyzing 834 Unisim elements for replacement
INFO: [Netlist 29-28] Unisim Transformation completed in 0 CPU seconds
INFO: [Project 1-479] Netlist was created with Vivado 2018.3
INFO: [Device 21-403] Loading part xc7z020clg400-2
INFO: [Project 1-570] Preparing netlist for logic optimization
INFO: [Timing 38-478] Restoring timing data from binary archive.
INFO: [Timing 38-479] Binary timing data restore complete.
INFO: [Project 1-856] Restoring constraints from binary archive.
INFO: [Project 1-853] Binary constraint restore complete.
Reading XDEF placement.
Reading placer database...
Reading XDEF routing.
Read XDEF File: Time (s): cpu = 00:00:02 ; elapsed = 00:00:03 . Memory (MB): peak = 1986.539 ; gain = 9.129
Restored from archive | CPU: 3.000000 secs | Memory: 0.000000 MB |
Finished XDEF File Restore: Time (s): cpu = 00:00:02 ; elapsed = 00:00:03 . Memory (MB): peak = 1986.539 ; gain = 9.129
Netlist sorting complete. Time (s): cpu = 00:00:00 ; elapsed = 00:00:00.018 . Memory (MB): peak = 1986.621 ; gain = 0.000
INFO: [Project 1-111] Unisim Transformation Summary:
  A total of 360 instances were transformed.
  CFGLUT5 => CFGLUT5 (SRLC32E, SRL16E): 344 instances
  IOBUF => IOBUF (IBUF, OBUFT): 2 instances
  RAM32M => RAM32M (RAMD32, RAMD32, RAMD32, RAMD32, RAMD32, RAMD32, RAMS32, RAMS32): 10 instances
  RAM32X1D => RAM32X1D (RAMD32, RAMD32): 1 instances
  SRLC32E => SRL16E: 3 instances

WARNING: [Designutils 20-3303] unexpected site type 'IOPAD' in HDPYFinalizeIO
WARNING: [Designutils 20-3303] unexpected site type 'IOPAD' in HDPYFinalizeIO
WARNING: [Designutils 20-3303] unexpected site type 'IOPAD' in HDPYFinalizeIO
WARNING: [Designutils 20-3303] unexpected site type 'IOPAD' in HDPYFinalizeIO
WARNING: [Designutils 20-3303] unexpected site type 'IOPAD' in HDPYFinalizeIO
WARNING: [Designutils 20-3303] unexpected site type 'IOPAD' in HDPYFinalizeIO
WARNING: [Designutils 20-3303] unexpected site type 'IOPAD' in HDPYFinalizeIO
WARNING: [Designutils 20-3303] unexpected site type 'IOPAD' in HDPYFinalizeIO
WARNING: [Designutils 20-3303] unexpected site type 'IOPAD' in HDPYFinalizeIO
WARNING: [Designutils 20-3303] unexpected site type 'IOPAD' in HDPYFinalizeIO
WARNING: [Designutils 20-3303] unexpected site type 'IOPAD' in HDPYFinalizeIO
WARNING: [Designutils 20-3303] unexpected site type 'IOPAD' in HDPYFinalizeIO
WARNING: [Designutils 20-3303] unexpected site type 'IOPAD' in HDPYFinalizeIO
WARNING: [Designutils 20-3303] unexpected site type 'IOPAD' in HDPYFinalizeIO
WARNING: [Designutils 20-3303] unexpected site type 'IOPAD' in HDPYFinalizeIO
WARNING: [Designutils 20-3303] unexpected site type 'IOPAD' in HDPYFinalizeIO
WARNING: [Designutils 20-3303] unexpected site type 'IOPAD' in HDPYFinalizeIO
WARNING: [Designutils 20-3303] unexpected site type 'IOPAD' in HDPYFinalizeIO
WARNING: [Designutils 20-3303] unexpected site type 'IOPAD' in HDPYFinalizeIO
WARNING: [Designutils 20-3303] unexpected site type 'IOPAD' in HDPYFinalizeIO
WARNING: [Designutils 20-3303] unexpected site type 'IOPAD' in HDPYFinalizeIO
WARNING: [Designutils 20-3303] unexpected site type 'IOPAD' in HDPYFinalizeIO
WARNING: [Designutils 20-3303] unexpected site type 'IOPAD' in HDPYFinalizeIO
WARNING: [Designutils 20-3303] unexpected site type 'IOPAD' in HDPYFinalizeIO
WARNING: [Designutils 20-3303] unexpected site type 'IOPAD' in HDPYFinalizeIO
WARNING: [Designutils 20-3303] unexpected site type 'IOPAD' in HDPYFinalizeIO
WARNING: [Designutils 20-3303] unexpected site type 'IOPAD' in HDPYFinalizeIO
WARNING: [Designutils 20-3303] unexpected site type 'IOPAD' in HDPYFinalizeIO
WARNING: [Designutils 20-3303] unexpected site type 'IOPAD' in HDPYFinalizeIO
WARNING: [Designutils 20-3303] unexpected site type 'IOPAD' in HDPYFinalizeIO
WARNING: [Designutils 20-3303] unexpected site type 'IOPAD' in HDPYFinalizeIO
WARNING: [Designutils 20-3303] unexpected site type 'IOPAD' in HDPYFinalizeIO
WARNING: [Designutils 20-3303] unexpected site type 'IOPAD' in HDPYFinalizeIO
WARNING: [Designutils 20-3303] unexpected site type 'IOPAD' in HDPYFinalizeIO
WARNING: [Designutils 20-3303] unexpected site type 'IOPAD' in HDPYFinalizeIO
WARNING: [Designutils 20-3303] unexpected site type 'IOPAD' in HDPYFinalizeIO
WARNING: [Designutils 20-3303] unexpected site type 'IOPAD' in HDPYFinalizeIO
WARNING: [Designutils 20-3303] unexpected site type 'IOPAD' in HDPYFinalizeIO
WARNING: [Designutils 20-3303] unexpected site type 'IOPAD' in HDPYFinalizeIO
WARNING: [Designutils 20-3303] unexpected site type 'IOPAD' in HDPYFinalizeIO
WARNING: [Designutils 20-3303] unexpected site type 'IOPAD' in HDPYFinalizeIO
WARNING: [Designutils 20-3303] unexpected site type 'IOPAD' in HDPYFinalizeIO
WARNING: [Designutils 20-3303] unexpected site type 'IOPAD' in HDPYFinalizeIO
WARNING: [Designutils 20-3303] unexpected site type 'IOPAD' in HDPYFinalizeIO
WARNING: [Designutils 20-3303] unexpected site type 'IOPAD' in HDPYFinalizeIO
WARNING: [Designutils 20-3303] unexpected site type 'IOPAD' in HDPYFinalizeIO
WARNING: [Designutils 20-3303] unexpected site type 'IOPAD' in HDPYFinalizeIO
WARNING: [Designutils 20-3303] unexpected site type 'IOPAD' in HDPYFinalizeIO
WARNING: [Designutils 20-3303] unexpected site type 'IOPAD' in HDPYFinalizeIO
WARNING: [Designutils 20-3303] unexpected site type 'IOPAD' in HDPYFinalizeIO
WARNING: [Designutils 20-3303] unexpected site type 'IOPAD' in HDPYFinalizeIO
WARNING: [Designutils 20-3303] unexpected site type 'IOPAD' in HDPYFinalizeIO
WARNING: [Designutils 20-3303] unexpected site type 'IOPAD' in HDPYFinalizeIO
WARNING: [Designutils 20-3303] unexpected site type 'IOPAD' in HDPYFinalizeIO
WARNING: [Designutils 20-3303] unexpected site type 'IOPAD' in HDPYFinalizeIO
WARNING: [Designutils 20-3303] unexpected site type 'IOPAD' in HDPYFinalizeIO
WARNING: [Designutils 20-3303] unexpected site type 'IOPAD' in HDPYFinalizeIO
WARNING: [Designutils 20-3303] unexpected site type 'IOPAD' in HDPYFinalizeIO
WARNING: [Designutils 20-3303] unexpected site type 'IOPAD' in HDPYFinalizeIO
WARNING: [Designutils 20-3303] unexpected site type 'IOPAD' in HDPYFinalizeIO
WARNING: [Designutils 20-3303] unexpected site type 'IOPAD' in HDPYFinalizeIO
WARNING: [Designutils 20-3303] unexpected site type 'IOPAD' in HDPYFinalizeIO
WARNING: [Designutils 20-3303] unexpected site type 'IOPAD' in HDPYFinalizeIO
WARNING: [Designutils 20-3303] unexpected site type 'IOPAD' in HDPYFinalizeIO
WARNING: [Designutils 20-3303] unexpected site type 'IOPAD' in HDPYFinalizeIO
WARNING: [Designutils 20-3303] unexpected site type 'IOPAD' in HDPYFinalizeIO
WARNING: [Designutils 20-3303] unexpected site type 'IOPAD' in HDPYFinalizeIO
WARNING: [Designutils 20-3303] unexpected site type 'IOPAD' in HDPYFinalizeIO
WARNING: [Designutils 20-3303] unexpected site type 'IOPAD' in HDPYFinalizeIO
WARNING: [Designutils 20-3303] unexpected site type 'IOPAD' in HDPYFinalizeIO
WARNING: [Designutils 20-3303] unexpected site type 'IOPAD' in HDPYFinalizeIO
WARNING: [Designutils 20-3303] unexpected site type 'IOPAD' in HDPYFinalizeIO
WARNING: [Designutils 20-3303] unexpected site type 'IOPAD' in HDPYFinalizeIO
WARNING: [Designutils 20-3303] unexpected site type 'IOPAD' in HDPYFinalizeIO
WARNING: [Designutils 20-3303] unexpected site type 'IOPAD' in HDPYFinalizeIO
WARNING: [Designutils 20-3303] unexpected site type 'IOPAD' in HDPYFinalizeIO
WARNING: [Designutils 20-3303] unexpected site type 'IOPAD' in HDPYFinalizeIO
WARNING: [Designutils 20-3303] unexpected site type 'IOPAD' in HDPYFinalizeIO
WARNING: [Designutils 20-3303] unexpected site type 'IOPAD' in HDPYFinalizeIO
WARNING: [Designutils 20-3303] unexpected site type 'IOPAD' in HDPYFinalizeIO
WARNING: [Designutils 20-3303] unexpected site type 'IOPAD' in HDPYFinalizeIO
WARNING: [Designutils 20-3303] unexpected site type 'IOPAD' in HDPYFinalizeIO
WARNING: [Designutils 20-3303] unexpected site type 'IOPAD' in HDPYFinalizeIO
WARNING: [Designutils 20-3303] unexpected site type 'IOPAD' in HDPYFinalizeIO
WARNING: [Designutils 20-3303] unexpected site type 'IOPAD' in HDPYFinalizeIO
WARNING: [Designutils 20-3303] unexpected site type 'IOPAD' in HDPYFinalizeIO
WARNING: [Designutils 20-3303] unexpected site type 'IOPAD' in HDPYFinalizeIO
WARNING: [Designutils 20-3303] unexpected site type 'IOPAD' in HDPYFinalizeIO
WARNING: [Designutils 20-3303] unexpected site type 'IOPAD' in HDPYFinalizeIO
WARNING: [Designutils 20-3303] unexpected site type 'IOPAD' in HDPYFinalizeIO
WARNING: [Designutils 20-3303] unexpected site type 'IOPAD' in HDPYFinalizeIO
WARNING: [Designutils 20-3303] unexpected site type 'IOPAD' in HDPYFinalizeIO
WARNING: [Designutils 20-3303] unexpected site type 'IOPAD' in HDPYFinalizeIO
WARNING: [Designutils 20-3303] unexpected site type 'IOPAD' in HDPYFinalizeIO
WARNING: [Designutils 20-3303] unexpected site type 'IOPAD' in HDPYFinalizeIO
WARNING: [Designutils 20-3303] unexpected site type 'IOPAD' in HDPYFinalizeIO
WARNING: [Designutils 20-3303] unexpected site type 'IOPAD' in HDPYFinalizeIO
WARNING: [Designutils 20-3303] unexpected site type 'IOPAD' in HDPYFinalizeIO
WARNING: [Designutils 20-3303] unexpected site type 'IOPAD' in HDPYFinalizeIO
WARNING: [Designutils 20-3303] unexpected site type 'IOPAD' in HDPYFinalizeIO
INFO: [Common 17-14] Message 'Designutils 20-3303' appears 100 times and further instances of the messages will be disabled. Use the Tcl command set_msg_config to change the current settings.
open_run: Time (s): cpu = 00:01:01 ; elapsed = 00:00:48 . Memory (MB): peak = 2117.086 ; gain = 947.402
open_report: Time (s): cpu = 00:00:20 ; elapsed = 00:00:13 . Memory (MB): peak = 2308.750 ; gain = 144.301
CRITICAL WARNING: [Timing 38-282] The design failed to meet the timing requirements. Please see the timing summary report for details on the timing violations.
WARNING: [Timing 38-436] There are set_bus_skew constraint(s) in this design. Please run report_bus_skew to ensure that bus skew requirements are met.
set_property target_constrs_file E:/Project/Personal/PoseEstimation/ZYNQ/ZYNQ-Stereo-System/OV5640_Right/OV5640_display.srcs/constrs_1/new/system_pin.xdc [current_fileset -constrset]
open_bd_design {E:/Project/Personal/PoseEstimation/ZYNQ/ZYNQ-Stereo-System/OV5640_Right/OV5640_display.srcs/sources_1/bd/system/system.bd}
Adding cell -- xilinx.com:user:HDMI_TX:1.0 - HDMI_TX_0
Adding cell -- xilinx.com:user:OV5640_Sensor:1.0 - OV5640_Sensor_0
Adding cell -- xilinx.com:ip:processing_system7:5.5 - processing_system7_0
Adding cell -- xilinx.com:ip:v_vid_in_axi4s:4.0 - v_vid_in_axi4s_0
Adding cell -- xilinx.com:ip:v_axi4s_vid_out:4.0 - v_axi4s_vid_out_0
Adding cell -- xilinx.com:ip:clk_wiz:6.0 - clk_wiz_0
Adding cell -- xilinx.com:ip:util_vector_logic:2.0 - util_vector_logic_0
Adding cell -- xilinx.com:ip:axi_vdma:6.3 - axi_vdma_0
Adding cell -- xilinx.com:ip:xlconstant:1.1 - xlconstant_0
Adding cell -- xilinx.com:ip:axi_interconnect:2.1 - axi_interconnect_0
Adding cell -- xilinx.com:ip:axi_protocol_converter:2.1 - auto_pc
Adding cell -- xilinx.com:ip:proc_sys_reset:5.0 - proc_sys_reset_0
Adding cell -- xilinx.com:ip:axi_interconnect:2.1 - axi_interconnect_1
Adding cell -- xilinx.com:ip:axi_crossbar:2.1 - xbar
Adding cell -- xilinx.com:ip:axi_protocol_converter:2.1 - auto_pc
Adding cell -- xilinx.com:ip:v_tc:6.1 - v_tc_0
Adding cell -- xilinx.com:ip:util_vector_logic:2.0 - util_vector_logic_1
Adding cell -- xilinx.com:ip:system_ila:1.1 - system_ila_0
Adding cell -- xilinx.com:ip:system_ila:1.1 - system_ila_1
WARNING: [BD 41-1731] Type mismatch between connected pins: /OV5640_Sensor_0/vid_clk_ce(undef) and /v_vid_in_axi4s_0/vid_io_in_ce(ce)
WARNING: [BD 41-1731] Type mismatch between connected pins: /clk_wiz_0/locked(undef) and /v_vid_in_axi4s_0/aresetn(rst)
WARNING: [BD 41-1731] Type mismatch between connected pins: /clk_wiz_0/locked(undef) and /v_vid_in_axi4s_0/aclken(ce)
WARNING: [BD 41-1731] Type mismatch between connected pins: /clk_wiz_0/locked(undef) and /v_tc_0/clken(ce)
WARNING: [BD 41-1731] Type mismatch between connected pins: /clk_wiz_0/locked(undef) and /v_tc_0/resetn(rst)
WARNING: [BD 41-1731] Type mismatch between connected pins: /clk_wiz_0/locked(undef) and /v_axi4s_vid_out_0/aclken(ce)
WARNING: [BD 41-1731] Type mismatch between connected pins: /clk_wiz_0/locked(undef) and /v_axi4s_vid_out_0/aresetn(rst)
WARNING: [BD 41-1731] Type mismatch between connected pins: /clk_wiz_0/locked(undef) and /v_axi4s_vid_out_0/vid_io_out_ce(ce)
WARNING: [BD 41-1731] Type mismatch between connected pins: /clk_wiz_0/locked(undef) and /HDMI_TX_0/RST_N(rst)
WARNING: [BD 41-1731] Type mismatch between connected pins: /clk_wiz_0/clk_out1(clk) and /HDMI_TX_0/PXLCLK_I(undef)
WARNING: [BD 41-1731] Type mismatch between connected pins: /clk_wiz_0/clk_out2(clk) and /HDMI_TX_0/PXLCLK_5X_I(undef)
WARNING: [BD 41-1731] Type mismatch between connected pins: /processing_system7_0/FCLK_CLK1(clk) and /OV5640_Sensor_0/clk_i(undef)
Successfully read diagram <system> from BD file <E:/Project/Personal/PoseEstimation/ZYNQ/ZYNQ-Stereo-System/OV5640_Right/OV5640_display.srcs/sources_1/bd/system/system.bd>
open_bd_design: Time (s): cpu = 00:00:10 ; elapsed = 00:00:07 . Memory (MB): peak = 2375.766 ; gain = 0.000
reset_run synth_1
launch_runs synth_1 -jobs 4
[Sun Sep 27 23:29:01 2020] Launched synth_1...
Run output will be captured here: E:/Project/Personal/PoseEstimation/ZYNQ/ZYNQ-Stereo-System/OV5640_Right/OV5640_display.runs/synth_1/runme.log
reset_run synth_1
launch_runs synth_1 -jobs 4
[Sun Sep 27 23:29:25 2020] Launched synth_1...
Run output will be captured here: E:/Project/Personal/PoseEstimation/ZYNQ/ZYNQ-Stereo-System/OV5640_Right/OV5640_display.runs/synth_1/runme.log
launch_runs impl_1 -jobs 4
[Sun Sep 27 23:50:25 2020] Launched impl_1...
Run output will be captured here: E:/Project/Personal/PoseEstimation/ZYNQ/ZYNQ-Stereo-System/OV5640_Right/OV5640_display.runs/impl_1/runme.log
launch_runs impl_1 -to_step write_bitstream -jobs 4
[Mon Sep 28 00:00:06 2020] Launched impl_1...
Run output will be captured here: E:/Project/Personal/PoseEstimation/ZYNQ/ZYNQ-Stereo-System/OV5640_Right/OV5640_display.runs/impl_1/runme.log
file mkdir E:/Project/Personal/PoseEstimation/ZYNQ/ZYNQ-Stereo-System/OV5640_Right/OV5640_display.sdk
file copy -force E:/Project/Personal/PoseEstimation/ZYNQ/ZYNQ-Stereo-System/OV5640_Right/OV5640_display.runs/impl_1/system_wrapper.sysdef E:/Project/Personal/PoseEstimation/ZYNQ/ZYNQ-Stereo-System/OV5640_Right/OV5640_display.sdk/system_wrapper.hdf

launch_sdk -workspace E:/Project/Personal/PoseEstimation/ZYNQ/ZYNQ-Stereo-System/OV5640_Right/OV5640_display.sdk -hwspec E:/Project/Personal/PoseEstimation/ZYNQ/ZYNQ-Stereo-System/OV5640_Right/OV5640_display.sdk/system_wrapper.hdf
INFO: [Vivado 12-393] Launching SDK...
INFO: [Vivado 12-417] Running xsdk -workspace E:/Project/Personal/PoseEstimation/ZYNQ/ZYNQ-Stereo-System/OV5640_Right/OV5640_display.sdk -hwspec E:/Project/Personal/PoseEstimation/ZYNQ/ZYNQ-Stereo-System/OV5640_Right/OV5640_display.sdk/system_wrapper.hdf
INFO: [Vivado 12-3157] SDK launch initiated. Please check console for any further messages.
exit
INFO: [Common 17-206] Exiting Vivado at Mon Sep 28 00:08:32 2020...
